[2022-12-05T15:35:12.509+0100] {processor.py:153} INFO - Started process (PID=324745) to work on /home/andria/.local/lib/python3.10/site-packages/airflow/example_dags/subdags/subdag.py
[2022-12-05T15:35:12.510+0100] {processor.py:743} INFO - Processing file /home/andria/.local/lib/python3.10/site-packages/airflow/example_dags/subdags/subdag.py for tasks to queue
[2022-12-05T15:35:12.511+0100] {logging_mixin.py:137} INFO - [2022-12-05T15:35:12.511+0100] {dagbag.py:538} INFO - Filling up the DagBag from /home/andria/.local/lib/python3.10/site-packages/airflow/example_dags/subdags/subdag.py
[2022-12-05T15:35:12.515+0100] {processor.py:755} WARNING - No viable dags retrieved from /home/andria/.local/lib/python3.10/site-packages/airflow/example_dags/subdags/subdag.py
[2022-12-05T15:35:12.529+0100] {processor.py:175} INFO - Processing /home/andria/.local/lib/python3.10/site-packages/airflow/example_dags/subdags/subdag.py took 0.023 seconds
[2022-12-05T15:35:59.381+0100] {processor.py:153} INFO - Started process (PID=324815) to work on /home/andria/.local/lib/python3.10/site-packages/airflow/example_dags/subdags/subdag.py
[2022-12-05T15:35:59.384+0100] {processor.py:743} INFO - Processing file /home/andria/.local/lib/python3.10/site-packages/airflow/example_dags/subdags/subdag.py for tasks to queue
[2022-12-05T15:35:59.385+0100] {logging_mixin.py:137} INFO - [2022-12-05T15:35:59.385+0100] {dagbag.py:538} INFO - Filling up the DagBag from /home/andria/.local/lib/python3.10/site-packages/airflow/example_dags/subdags/subdag.py
[2022-12-05T15:35:59.393+0100] {processor.py:755} WARNING - No viable dags retrieved from /home/andria/.local/lib/python3.10/site-packages/airflow/example_dags/subdags/subdag.py
[2022-12-05T15:35:59.414+0100] {processor.py:175} INFO - Processing /home/andria/.local/lib/python3.10/site-packages/airflow/example_dags/subdags/subdag.py took 0.039 seconds
[2022-12-05T15:36:41.640+0100] {processor.py:153} INFO - Started process (PID=324877) to work on /home/andria/.local/lib/python3.10/site-packages/airflow/example_dags/subdags/subdag.py
[2022-12-05T15:36:41.642+0100] {processor.py:743} INFO - Processing file /home/andria/.local/lib/python3.10/site-packages/airflow/example_dags/subdags/subdag.py for tasks to queue
[2022-12-05T15:36:41.643+0100] {logging_mixin.py:137} INFO - [2022-12-05T15:36:41.643+0100] {dagbag.py:538} INFO - Filling up the DagBag from /home/andria/.local/lib/python3.10/site-packages/airflow/example_dags/subdags/subdag.py
[2022-12-05T15:36:41.652+0100] {processor.py:755} WARNING - No viable dags retrieved from /home/andria/.local/lib/python3.10/site-packages/airflow/example_dags/subdags/subdag.py
[2022-12-05T15:36:41.671+0100] {processor.py:175} INFO - Processing /home/andria/.local/lib/python3.10/site-packages/airflow/example_dags/subdags/subdag.py took 0.037 seconds
[2022-12-05T15:37:22.489+0100] {processor.py:153} INFO - Started process (PID=324953) to work on /home/andria/.local/lib/python3.10/site-packages/airflow/example_dags/subdags/subdag.py
[2022-12-05T15:37:22.491+0100] {processor.py:743} INFO - Processing file /home/andria/.local/lib/python3.10/site-packages/airflow/example_dags/subdags/subdag.py for tasks to queue
[2022-12-05T15:37:22.492+0100] {logging_mixin.py:137} INFO - [2022-12-05T15:37:22.492+0100] {dagbag.py:538} INFO - Filling up the DagBag from /home/andria/.local/lib/python3.10/site-packages/airflow/example_dags/subdags/subdag.py
[2022-12-05T15:37:22.501+0100] {processor.py:755} WARNING - No viable dags retrieved from /home/andria/.local/lib/python3.10/site-packages/airflow/example_dags/subdags/subdag.py
[2022-12-05T15:37:22.517+0100] {processor.py:175} INFO - Processing /home/andria/.local/lib/python3.10/site-packages/airflow/example_dags/subdags/subdag.py took 0.035 seconds
[2022-12-05T15:38:02.660+0100] {processor.py:153} INFO - Started process (PID=325003) to work on /home/andria/.local/lib/python3.10/site-packages/airflow/example_dags/subdags/subdag.py
[2022-12-05T15:38:02.662+0100] {processor.py:743} INFO - Processing file /home/andria/.local/lib/python3.10/site-packages/airflow/example_dags/subdags/subdag.py for tasks to queue
[2022-12-05T15:38:02.663+0100] {logging_mixin.py:137} INFO - [2022-12-05T15:38:02.663+0100] {dagbag.py:538} INFO - Filling up the DagBag from /home/andria/.local/lib/python3.10/site-packages/airflow/example_dags/subdags/subdag.py
[2022-12-05T15:38:02.668+0100] {processor.py:755} WARNING - No viable dags retrieved from /home/andria/.local/lib/python3.10/site-packages/airflow/example_dags/subdags/subdag.py
[2022-12-05T15:38:02.683+0100] {processor.py:175} INFO - Processing /home/andria/.local/lib/python3.10/site-packages/airflow/example_dags/subdags/subdag.py took 0.034 seconds
[2022-12-05T15:38:46.083+0100] {processor.py:153} INFO - Started process (PID=325103) to work on /home/andria/.local/lib/python3.10/site-packages/airflow/example_dags/subdags/subdag.py
[2022-12-05T15:38:46.084+0100] {processor.py:743} INFO - Processing file /home/andria/.local/lib/python3.10/site-packages/airflow/example_dags/subdags/subdag.py for tasks to queue
[2022-12-05T15:38:46.085+0100] {logging_mixin.py:137} INFO - [2022-12-05T15:38:46.085+0100] {dagbag.py:538} INFO - Filling up the DagBag from /home/andria/.local/lib/python3.10/site-packages/airflow/example_dags/subdags/subdag.py
[2022-12-05T15:38:46.095+0100] {processor.py:755} WARNING - No viable dags retrieved from /home/andria/.local/lib/python3.10/site-packages/airflow/example_dags/subdags/subdag.py
[2022-12-05T15:38:46.109+0100] {processor.py:175} INFO - Processing /home/andria/.local/lib/python3.10/site-packages/airflow/example_dags/subdags/subdag.py took 0.030 seconds
[2022-12-05T15:39:27.954+0100] {processor.py:153} INFO - Started process (PID=325165) to work on /home/andria/.local/lib/python3.10/site-packages/airflow/example_dags/subdags/subdag.py
[2022-12-05T15:39:27.956+0100] {processor.py:743} INFO - Processing file /home/andria/.local/lib/python3.10/site-packages/airflow/example_dags/subdags/subdag.py for tasks to queue
[2022-12-05T15:39:27.956+0100] {logging_mixin.py:137} INFO - [2022-12-05T15:39:27.956+0100] {dagbag.py:538} INFO - Filling up the DagBag from /home/andria/.local/lib/python3.10/site-packages/airflow/example_dags/subdags/subdag.py
[2022-12-05T15:39:27.961+0100] {processor.py:755} WARNING - No viable dags retrieved from /home/andria/.local/lib/python3.10/site-packages/airflow/example_dags/subdags/subdag.py
[2022-12-05T15:39:27.980+0100] {processor.py:175} INFO - Processing /home/andria/.local/lib/python3.10/site-packages/airflow/example_dags/subdags/subdag.py took 0.030 seconds
[2022-12-05T15:40:10.904+0100] {processor.py:153} INFO - Started process (PID=325216) to work on /home/andria/.local/lib/python3.10/site-packages/airflow/example_dags/subdags/subdag.py
[2022-12-05T15:40:10.908+0100] {processor.py:743} INFO - Processing file /home/andria/.local/lib/python3.10/site-packages/airflow/example_dags/subdags/subdag.py for tasks to queue
[2022-12-05T15:40:10.909+0100] {logging_mixin.py:137} INFO - [2022-12-05T15:40:10.909+0100] {dagbag.py:538} INFO - Filling up the DagBag from /home/andria/.local/lib/python3.10/site-packages/airflow/example_dags/subdags/subdag.py
[2022-12-05T15:40:10.918+0100] {processor.py:755} WARNING - No viable dags retrieved from /home/andria/.local/lib/python3.10/site-packages/airflow/example_dags/subdags/subdag.py
[2022-12-05T15:40:10.938+0100] {processor.py:175} INFO - Processing /home/andria/.local/lib/python3.10/site-packages/airflow/example_dags/subdags/subdag.py took 0.040 seconds
[2022-12-05T15:40:56.965+0100] {processor.py:153} INFO - Started process (PID=325297) to work on /home/andria/.local/lib/python3.10/site-packages/airflow/example_dags/subdags/subdag.py
[2022-12-05T15:40:56.967+0100] {processor.py:743} INFO - Processing file /home/andria/.local/lib/python3.10/site-packages/airflow/example_dags/subdags/subdag.py for tasks to queue
[2022-12-05T15:40:56.969+0100] {logging_mixin.py:137} INFO - [2022-12-05T15:40:56.969+0100] {dagbag.py:538} INFO - Filling up the DagBag from /home/andria/.local/lib/python3.10/site-packages/airflow/example_dags/subdags/subdag.py
[2022-12-05T15:40:56.979+0100] {processor.py:755} WARNING - No viable dags retrieved from /home/andria/.local/lib/python3.10/site-packages/airflow/example_dags/subdags/subdag.py
[2022-12-05T15:40:56.999+0100] {processor.py:175} INFO - Processing /home/andria/.local/lib/python3.10/site-packages/airflow/example_dags/subdags/subdag.py took 0.038 seconds
[2022-12-05T15:41:40.943+0100] {processor.py:153} INFO - Started process (PID=325428) to work on /home/andria/.local/lib/python3.10/site-packages/airflow/example_dags/subdags/subdag.py
[2022-12-05T15:41:40.945+0100] {processor.py:743} INFO - Processing file /home/andria/.local/lib/python3.10/site-packages/airflow/example_dags/subdags/subdag.py for tasks to queue
[2022-12-05T15:41:40.946+0100] {logging_mixin.py:137} INFO - [2022-12-05T15:41:40.946+0100] {dagbag.py:538} INFO - Filling up the DagBag from /home/andria/.local/lib/python3.10/site-packages/airflow/example_dags/subdags/subdag.py
[2022-12-05T15:41:40.951+0100] {processor.py:755} WARNING - No viable dags retrieved from /home/andria/.local/lib/python3.10/site-packages/airflow/example_dags/subdags/subdag.py
[2022-12-05T15:41:40.969+0100] {processor.py:175} INFO - Processing /home/andria/.local/lib/python3.10/site-packages/airflow/example_dags/subdags/subdag.py took 0.032 seconds
[2022-12-05T15:42:23.440+0100] {processor.py:153} INFO - Started process (PID=325484) to work on /home/andria/.local/lib/python3.10/site-packages/airflow/example_dags/subdags/subdag.py
[2022-12-05T15:42:23.444+0100] {processor.py:743} INFO - Processing file /home/andria/.local/lib/python3.10/site-packages/airflow/example_dags/subdags/subdag.py for tasks to queue
[2022-12-05T15:42:23.445+0100] {logging_mixin.py:137} INFO - [2022-12-05T15:42:23.445+0100] {dagbag.py:538} INFO - Filling up the DagBag from /home/andria/.local/lib/python3.10/site-packages/airflow/example_dags/subdags/subdag.py
[2022-12-05T15:42:23.450+0100] {processor.py:755} WARNING - No viable dags retrieved from /home/andria/.local/lib/python3.10/site-packages/airflow/example_dags/subdags/subdag.py
[2022-12-05T15:42:23.469+0100] {processor.py:175} INFO - Processing /home/andria/.local/lib/python3.10/site-packages/airflow/example_dags/subdags/subdag.py took 0.036 seconds
[2022-12-05T15:43:02.937+0100] {processor.py:153} INFO - Started process (PID=325532) to work on /home/andria/.local/lib/python3.10/site-packages/airflow/example_dags/subdags/subdag.py
[2022-12-05T15:43:02.939+0100] {processor.py:743} INFO - Processing file /home/andria/.local/lib/python3.10/site-packages/airflow/example_dags/subdags/subdag.py for tasks to queue
[2022-12-05T15:43:02.940+0100] {logging_mixin.py:137} INFO - [2022-12-05T15:43:02.939+0100] {dagbag.py:538} INFO - Filling up the DagBag from /home/andria/.local/lib/python3.10/site-packages/airflow/example_dags/subdags/subdag.py
[2022-12-05T15:43:02.945+0100] {processor.py:755} WARNING - No viable dags retrieved from /home/andria/.local/lib/python3.10/site-packages/airflow/example_dags/subdags/subdag.py
[2022-12-05T15:43:02.965+0100] {processor.py:175} INFO - Processing /home/andria/.local/lib/python3.10/site-packages/airflow/example_dags/subdags/subdag.py took 0.034 seconds
[2022-12-05T15:43:45.179+0100] {processor.py:153} INFO - Started process (PID=325608) to work on /home/andria/.local/lib/python3.10/site-packages/airflow/example_dags/subdags/subdag.py
[2022-12-05T15:43:45.181+0100] {processor.py:743} INFO - Processing file /home/andria/.local/lib/python3.10/site-packages/airflow/example_dags/subdags/subdag.py for tasks to queue
[2022-12-05T15:43:45.181+0100] {logging_mixin.py:137} INFO - [2022-12-05T15:43:45.181+0100] {dagbag.py:538} INFO - Filling up the DagBag from /home/andria/.local/lib/python3.10/site-packages/airflow/example_dags/subdags/subdag.py
[2022-12-05T15:43:45.190+0100] {processor.py:755} WARNING - No viable dags retrieved from /home/andria/.local/lib/python3.10/site-packages/airflow/example_dags/subdags/subdag.py
[2022-12-05T15:43:45.204+0100] {processor.py:175} INFO - Processing /home/andria/.local/lib/python3.10/site-packages/airflow/example_dags/subdags/subdag.py took 0.030 seconds
[2022-12-05T15:44:23.401+0100] {processor.py:153} INFO - Started process (PID=325654) to work on /home/andria/.local/lib/python3.10/site-packages/airflow/example_dags/subdags/subdag.py
[2022-12-05T15:44:23.403+0100] {processor.py:743} INFO - Processing file /home/andria/.local/lib/python3.10/site-packages/airflow/example_dags/subdags/subdag.py for tasks to queue
[2022-12-05T15:44:23.403+0100] {logging_mixin.py:137} INFO - [2022-12-05T15:44:23.403+0100] {dagbag.py:538} INFO - Filling up the DagBag from /home/andria/.local/lib/python3.10/site-packages/airflow/example_dags/subdags/subdag.py
[2022-12-05T15:44:23.408+0100] {processor.py:755} WARNING - No viable dags retrieved from /home/andria/.local/lib/python3.10/site-packages/airflow/example_dags/subdags/subdag.py
[2022-12-05T15:44:23.427+0100] {processor.py:175} INFO - Processing /home/andria/.local/lib/python3.10/site-packages/airflow/example_dags/subdags/subdag.py took 0.033 seconds
[2022-12-05T15:45:07.412+0100] {processor.py:153} INFO - Started process (PID=325709) to work on /home/andria/.local/lib/python3.10/site-packages/airflow/example_dags/subdags/subdag.py
[2022-12-05T15:45:07.414+0100] {processor.py:743} INFO - Processing file /home/andria/.local/lib/python3.10/site-packages/airflow/example_dags/subdags/subdag.py for tasks to queue
[2022-12-05T15:45:07.414+0100] {logging_mixin.py:137} INFO - [2022-12-05T15:45:07.414+0100] {dagbag.py:538} INFO - Filling up the DagBag from /home/andria/.local/lib/python3.10/site-packages/airflow/example_dags/subdags/subdag.py
[2022-12-05T15:45:07.418+0100] {processor.py:755} WARNING - No viable dags retrieved from /home/andria/.local/lib/python3.10/site-packages/airflow/example_dags/subdags/subdag.py
[2022-12-05T15:45:07.437+0100] {processor.py:175} INFO - Processing /home/andria/.local/lib/python3.10/site-packages/airflow/example_dags/subdags/subdag.py took 0.029 seconds
[2022-12-05T15:45:43.537+0100] {processor.py:153} INFO - Started process (PID=325759) to work on /home/andria/.local/lib/python3.10/site-packages/airflow/example_dags/subdags/subdag.py
[2022-12-05T15:45:43.539+0100] {processor.py:743} INFO - Processing file /home/andria/.local/lib/python3.10/site-packages/airflow/example_dags/subdags/subdag.py for tasks to queue
[2022-12-05T15:45:43.540+0100] {logging_mixin.py:137} INFO - [2022-12-05T15:45:43.540+0100] {dagbag.py:538} INFO - Filling up the DagBag from /home/andria/.local/lib/python3.10/site-packages/airflow/example_dags/subdags/subdag.py
[2022-12-05T15:45:43.567+0100] {processor.py:755} WARNING - No viable dags retrieved from /home/andria/.local/lib/python3.10/site-packages/airflow/example_dags/subdags/subdag.py
[2022-12-05T15:45:43.584+0100] {processor.py:175} INFO - Processing /home/andria/.local/lib/python3.10/site-packages/airflow/example_dags/subdags/subdag.py took 0.058 seconds
[2022-12-05T15:46:22.613+0100] {processor.py:153} INFO - Started process (PID=325808) to work on /home/andria/.local/lib/python3.10/site-packages/airflow/example_dags/subdags/subdag.py
[2022-12-05T15:46:22.615+0100] {processor.py:743} INFO - Processing file /home/andria/.local/lib/python3.10/site-packages/airflow/example_dags/subdags/subdag.py for tasks to queue
[2022-12-05T15:46:22.616+0100] {logging_mixin.py:137} INFO - [2022-12-05T15:46:22.616+0100] {dagbag.py:538} INFO - Filling up the DagBag from /home/andria/.local/lib/python3.10/site-packages/airflow/example_dags/subdags/subdag.py
[2022-12-05T15:46:22.620+0100] {processor.py:755} WARNING - No viable dags retrieved from /home/andria/.local/lib/python3.10/site-packages/airflow/example_dags/subdags/subdag.py
[2022-12-05T15:46:22.643+0100] {processor.py:175} INFO - Processing /home/andria/.local/lib/python3.10/site-packages/airflow/example_dags/subdags/subdag.py took 0.040 seconds
[2022-12-05T15:46:59.858+0100] {processor.py:153} INFO - Started process (PID=325855) to work on /home/andria/.local/lib/python3.10/site-packages/airflow/example_dags/subdags/subdag.py
[2022-12-05T15:46:59.859+0100] {processor.py:743} INFO - Processing file /home/andria/.local/lib/python3.10/site-packages/airflow/example_dags/subdags/subdag.py for tasks to queue
[2022-12-05T15:46:59.860+0100] {logging_mixin.py:137} INFO - [2022-12-05T15:46:59.860+0100] {dagbag.py:538} INFO - Filling up the DagBag from /home/andria/.local/lib/python3.10/site-packages/airflow/example_dags/subdags/subdag.py
[2022-12-05T15:46:59.875+0100] {processor.py:755} WARNING - No viable dags retrieved from /home/andria/.local/lib/python3.10/site-packages/airflow/example_dags/subdags/subdag.py
[2022-12-05T15:46:59.889+0100] {processor.py:175} INFO - Processing /home/andria/.local/lib/python3.10/site-packages/airflow/example_dags/subdags/subdag.py took 0.035 seconds
[2022-12-05T15:47:35.886+0100] {processor.py:153} INFO - Started process (PID=325899) to work on /home/andria/.local/lib/python3.10/site-packages/airflow/example_dags/subdags/subdag.py
[2022-12-05T15:47:35.888+0100] {processor.py:743} INFO - Processing file /home/andria/.local/lib/python3.10/site-packages/airflow/example_dags/subdags/subdag.py for tasks to queue
[2022-12-05T15:47:35.889+0100] {logging_mixin.py:137} INFO - [2022-12-05T15:47:35.889+0100] {dagbag.py:538} INFO - Filling up the DagBag from /home/andria/.local/lib/python3.10/site-packages/airflow/example_dags/subdags/subdag.py
[2022-12-05T15:47:35.897+0100] {processor.py:755} WARNING - No viable dags retrieved from /home/andria/.local/lib/python3.10/site-packages/airflow/example_dags/subdags/subdag.py
[2022-12-05T15:47:35.914+0100] {processor.py:175} INFO - Processing /home/andria/.local/lib/python3.10/site-packages/airflow/example_dags/subdags/subdag.py took 0.033 seconds
[2022-12-05T15:48:11.923+0100] {processor.py:153} INFO - Started process (PID=325944) to work on /home/andria/.local/lib/python3.10/site-packages/airflow/example_dags/subdags/subdag.py
[2022-12-05T15:48:11.925+0100] {processor.py:743} INFO - Processing file /home/andria/.local/lib/python3.10/site-packages/airflow/example_dags/subdags/subdag.py for tasks to queue
[2022-12-05T15:48:11.925+0100] {logging_mixin.py:137} INFO - [2022-12-05T15:48:11.925+0100] {dagbag.py:538} INFO - Filling up the DagBag from /home/andria/.local/lib/python3.10/site-packages/airflow/example_dags/subdags/subdag.py
[2022-12-05T15:48:11.932+0100] {processor.py:755} WARNING - No viable dags retrieved from /home/andria/.local/lib/python3.10/site-packages/airflow/example_dags/subdags/subdag.py
[2022-12-05T15:48:11.954+0100] {processor.py:175} INFO - Processing /home/andria/.local/lib/python3.10/site-packages/airflow/example_dags/subdags/subdag.py took 0.043 seconds
[2022-12-05T15:48:54.473+0100] {processor.py:153} INFO - Started process (PID=326026) to work on /home/andria/.local/lib/python3.10/site-packages/airflow/example_dags/subdags/subdag.py
[2022-12-05T15:48:54.476+0100] {processor.py:743} INFO - Processing file /home/andria/.local/lib/python3.10/site-packages/airflow/example_dags/subdags/subdag.py for tasks to queue
[2022-12-05T15:48:54.478+0100] {logging_mixin.py:137} INFO - [2022-12-05T15:48:54.477+0100] {dagbag.py:538} INFO - Filling up the DagBag from /home/andria/.local/lib/python3.10/site-packages/airflow/example_dags/subdags/subdag.py
[2022-12-05T15:48:54.488+0100] {processor.py:755} WARNING - No viable dags retrieved from /home/andria/.local/lib/python3.10/site-packages/airflow/example_dags/subdags/subdag.py
[2022-12-05T15:48:54.504+0100] {processor.py:175} INFO - Processing /home/andria/.local/lib/python3.10/site-packages/airflow/example_dags/subdags/subdag.py took 0.039 seconds
[2022-12-05T15:49:32.328+0100] {processor.py:153} INFO - Started process (PID=326071) to work on /home/andria/.local/lib/python3.10/site-packages/airflow/example_dags/subdags/subdag.py
[2022-12-05T15:49:32.331+0100] {processor.py:743} INFO - Processing file /home/andria/.local/lib/python3.10/site-packages/airflow/example_dags/subdags/subdag.py for tasks to queue
[2022-12-05T15:49:32.333+0100] {logging_mixin.py:137} INFO - [2022-12-05T15:49:32.333+0100] {dagbag.py:538} INFO - Filling up the DagBag from /home/andria/.local/lib/python3.10/site-packages/airflow/example_dags/subdags/subdag.py
[2022-12-05T15:49:32.338+0100] {processor.py:755} WARNING - No viable dags retrieved from /home/andria/.local/lib/python3.10/site-packages/airflow/example_dags/subdags/subdag.py
[2022-12-05T15:49:32.359+0100] {processor.py:175} INFO - Processing /home/andria/.local/lib/python3.10/site-packages/airflow/example_dags/subdags/subdag.py took 0.039 seconds
[2022-12-05T15:50:08.803+0100] {processor.py:153} INFO - Started process (PID=326118) to work on /home/andria/.local/lib/python3.10/site-packages/airflow/example_dags/subdags/subdag.py
[2022-12-05T15:50:08.808+0100] {processor.py:743} INFO - Processing file /home/andria/.local/lib/python3.10/site-packages/airflow/example_dags/subdags/subdag.py for tasks to queue
[2022-12-05T15:50:08.809+0100] {logging_mixin.py:137} INFO - [2022-12-05T15:50:08.809+0100] {dagbag.py:538} INFO - Filling up the DagBag from /home/andria/.local/lib/python3.10/site-packages/airflow/example_dags/subdags/subdag.py
[2022-12-05T15:50:08.814+0100] {processor.py:755} WARNING - No viable dags retrieved from /home/andria/.local/lib/python3.10/site-packages/airflow/example_dags/subdags/subdag.py
[2022-12-05T15:50:08.832+0100] {processor.py:175} INFO - Processing /home/andria/.local/lib/python3.10/site-packages/airflow/example_dags/subdags/subdag.py took 0.038 seconds
[2022-12-05T15:50:45.844+0100] {processor.py:153} INFO - Started process (PID=326173) to work on /home/andria/.local/lib/python3.10/site-packages/airflow/example_dags/subdags/subdag.py
[2022-12-05T15:50:45.847+0100] {processor.py:743} INFO - Processing file /home/andria/.local/lib/python3.10/site-packages/airflow/example_dags/subdags/subdag.py for tasks to queue
[2022-12-05T15:50:45.849+0100] {logging_mixin.py:137} INFO - [2022-12-05T15:50:45.848+0100] {dagbag.py:538} INFO - Filling up the DagBag from /home/andria/.local/lib/python3.10/site-packages/airflow/example_dags/subdags/subdag.py
[2022-12-05T15:50:45.857+0100] {processor.py:755} WARNING - No viable dags retrieved from /home/andria/.local/lib/python3.10/site-packages/airflow/example_dags/subdags/subdag.py
[2022-12-05T15:50:45.871+0100] {processor.py:175} INFO - Processing /home/andria/.local/lib/python3.10/site-packages/airflow/example_dags/subdags/subdag.py took 0.031 seconds
[2022-12-05T15:51:23.253+0100] {processor.py:153} INFO - Started process (PID=326217) to work on /home/andria/.local/lib/python3.10/site-packages/airflow/example_dags/subdags/subdag.py
[2022-12-05T15:51:23.255+0100] {processor.py:743} INFO - Processing file /home/andria/.local/lib/python3.10/site-packages/airflow/example_dags/subdags/subdag.py for tasks to queue
[2022-12-05T15:51:23.256+0100] {logging_mixin.py:137} INFO - [2022-12-05T15:51:23.256+0100] {dagbag.py:538} INFO - Filling up the DagBag from /home/andria/.local/lib/python3.10/site-packages/airflow/example_dags/subdags/subdag.py
[2022-12-05T15:51:23.264+0100] {processor.py:755} WARNING - No viable dags retrieved from /home/andria/.local/lib/python3.10/site-packages/airflow/example_dags/subdags/subdag.py
[2022-12-05T15:51:23.279+0100] {processor.py:175} INFO - Processing /home/andria/.local/lib/python3.10/site-packages/airflow/example_dags/subdags/subdag.py took 0.030 seconds
[2022-12-05T15:51:59.067+0100] {processor.py:153} INFO - Started process (PID=326265) to work on /home/andria/.local/lib/python3.10/site-packages/airflow/example_dags/subdags/subdag.py
[2022-12-05T15:51:59.072+0100] {processor.py:743} INFO - Processing file /home/andria/.local/lib/python3.10/site-packages/airflow/example_dags/subdags/subdag.py for tasks to queue
[2022-12-05T15:51:59.073+0100] {logging_mixin.py:137} INFO - [2022-12-05T15:51:59.073+0100] {dagbag.py:538} INFO - Filling up the DagBag from /home/andria/.local/lib/python3.10/site-packages/airflow/example_dags/subdags/subdag.py
[2022-12-05T15:51:59.078+0100] {processor.py:755} WARNING - No viable dags retrieved from /home/andria/.local/lib/python3.10/site-packages/airflow/example_dags/subdags/subdag.py
[2022-12-05T15:51:59.098+0100] {processor.py:175} INFO - Processing /home/andria/.local/lib/python3.10/site-packages/airflow/example_dags/subdags/subdag.py took 0.039 seconds
[2022-12-05T15:52:45.307+0100] {processor.py:153} INFO - Started process (PID=326315) to work on /home/andria/.local/lib/python3.10/site-packages/airflow/example_dags/subdags/subdag.py
[2022-12-05T15:52:45.308+0100] {processor.py:743} INFO - Processing file /home/andria/.local/lib/python3.10/site-packages/airflow/example_dags/subdags/subdag.py for tasks to queue
[2022-12-05T15:52:45.309+0100] {logging_mixin.py:137} INFO - [2022-12-05T15:52:45.309+0100] {dagbag.py:538} INFO - Filling up the DagBag from /home/andria/.local/lib/python3.10/site-packages/airflow/example_dags/subdags/subdag.py
[2022-12-05T15:52:45.315+0100] {processor.py:755} WARNING - No viable dags retrieved from /home/andria/.local/lib/python3.10/site-packages/airflow/example_dags/subdags/subdag.py
[2022-12-05T15:52:45.339+0100] {processor.py:175} INFO - Processing /home/andria/.local/lib/python3.10/site-packages/airflow/example_dags/subdags/subdag.py took 0.036 seconds
[2022-12-05T15:53:27.311+0100] {processor.py:153} INFO - Started process (PID=326371) to work on /home/andria/.local/lib/python3.10/site-packages/airflow/example_dags/subdags/subdag.py
[2022-12-05T15:53:27.314+0100] {processor.py:743} INFO - Processing file /home/andria/.local/lib/python3.10/site-packages/airflow/example_dags/subdags/subdag.py for tasks to queue
[2022-12-05T15:53:27.315+0100] {logging_mixin.py:137} INFO - [2022-12-05T15:53:27.315+0100] {dagbag.py:538} INFO - Filling up the DagBag from /home/andria/.local/lib/python3.10/site-packages/airflow/example_dags/subdags/subdag.py
[2022-12-05T15:53:27.320+0100] {processor.py:755} WARNING - No viable dags retrieved from /home/andria/.local/lib/python3.10/site-packages/airflow/example_dags/subdags/subdag.py
[2022-12-05T15:53:27.346+0100] {processor.py:175} INFO - Processing /home/andria/.local/lib/python3.10/site-packages/airflow/example_dags/subdags/subdag.py took 0.049 seconds
[2022-12-05T15:54:07.514+0100] {processor.py:153} INFO - Started process (PID=326449) to work on /home/andria/.local/lib/python3.10/site-packages/airflow/example_dags/subdags/subdag.py
[2022-12-05T15:54:07.516+0100] {processor.py:743} INFO - Processing file /home/andria/.local/lib/python3.10/site-packages/airflow/example_dags/subdags/subdag.py for tasks to queue
[2022-12-05T15:54:07.517+0100] {logging_mixin.py:137} INFO - [2022-12-05T15:54:07.517+0100] {dagbag.py:538} INFO - Filling up the DagBag from /home/andria/.local/lib/python3.10/site-packages/airflow/example_dags/subdags/subdag.py
[2022-12-05T15:54:07.523+0100] {processor.py:755} WARNING - No viable dags retrieved from /home/andria/.local/lib/python3.10/site-packages/airflow/example_dags/subdags/subdag.py
[2022-12-05T15:54:07.543+0100] {processor.py:175} INFO - Processing /home/andria/.local/lib/python3.10/site-packages/airflow/example_dags/subdags/subdag.py took 0.036 seconds
[2022-12-05T15:54:53.130+0100] {processor.py:153} INFO - Started process (PID=326503) to work on /home/andria/.local/lib/python3.10/site-packages/airflow/example_dags/subdags/subdag.py
[2022-12-05T15:54:53.133+0100] {processor.py:743} INFO - Processing file /home/andria/.local/lib/python3.10/site-packages/airflow/example_dags/subdags/subdag.py for tasks to queue
[2022-12-05T15:54:53.134+0100] {logging_mixin.py:137} INFO - [2022-12-05T15:54:53.134+0100] {dagbag.py:538} INFO - Filling up the DagBag from /home/andria/.local/lib/python3.10/site-packages/airflow/example_dags/subdags/subdag.py
[2022-12-05T15:54:53.142+0100] {processor.py:755} WARNING - No viable dags retrieved from /home/andria/.local/lib/python3.10/site-packages/airflow/example_dags/subdags/subdag.py
[2022-12-05T15:54:53.161+0100] {processor.py:175} INFO - Processing /home/andria/.local/lib/python3.10/site-packages/airflow/example_dags/subdags/subdag.py took 0.036 seconds
[2022-12-05T15:55:36.199+0100] {processor.py:153} INFO - Started process (PID=326558) to work on /home/andria/.local/lib/python3.10/site-packages/airflow/example_dags/subdags/subdag.py
[2022-12-05T15:55:36.201+0100] {processor.py:743} INFO - Processing file /home/andria/.local/lib/python3.10/site-packages/airflow/example_dags/subdags/subdag.py for tasks to queue
[2022-12-05T15:55:36.202+0100] {logging_mixin.py:137} INFO - [2022-12-05T15:55:36.202+0100] {dagbag.py:538} INFO - Filling up the DagBag from /home/andria/.local/lib/python3.10/site-packages/airflow/example_dags/subdags/subdag.py
[2022-12-05T15:55:36.206+0100] {processor.py:755} WARNING - No viable dags retrieved from /home/andria/.local/lib/python3.10/site-packages/airflow/example_dags/subdags/subdag.py
[2022-12-05T15:55:36.226+0100] {processor.py:175} INFO - Processing /home/andria/.local/lib/python3.10/site-packages/airflow/example_dags/subdags/subdag.py took 0.041 seconds
[2022-12-05T15:56:20.548+0100] {processor.py:153} INFO - Started process (PID=326614) to work on /home/andria/.local/lib/python3.10/site-packages/airflow/example_dags/subdags/subdag.py
[2022-12-05T15:56:20.549+0100] {processor.py:743} INFO - Processing file /home/andria/.local/lib/python3.10/site-packages/airflow/example_dags/subdags/subdag.py for tasks to queue
[2022-12-05T15:56:20.550+0100] {logging_mixin.py:137} INFO - [2022-12-05T15:56:20.550+0100] {dagbag.py:538} INFO - Filling up the DagBag from /home/andria/.local/lib/python3.10/site-packages/airflow/example_dags/subdags/subdag.py
[2022-12-05T15:56:20.559+0100] {processor.py:755} WARNING - No viable dags retrieved from /home/andria/.local/lib/python3.10/site-packages/airflow/example_dags/subdags/subdag.py
[2022-12-05T15:56:20.574+0100] {processor.py:175} INFO - Processing /home/andria/.local/lib/python3.10/site-packages/airflow/example_dags/subdags/subdag.py took 0.030 seconds
[2022-12-05T15:56:58.914+0100] {processor.py:153} INFO - Started process (PID=326665) to work on /home/andria/.local/lib/python3.10/site-packages/airflow/example_dags/subdags/subdag.py
[2022-12-05T15:56:58.916+0100] {processor.py:743} INFO - Processing file /home/andria/.local/lib/python3.10/site-packages/airflow/example_dags/subdags/subdag.py for tasks to queue
[2022-12-05T15:56:58.916+0100] {logging_mixin.py:137} INFO - [2022-12-05T15:56:58.916+0100] {dagbag.py:538} INFO - Filling up the DagBag from /home/andria/.local/lib/python3.10/site-packages/airflow/example_dags/subdags/subdag.py
[2022-12-05T15:56:58.923+0100] {processor.py:755} WARNING - No viable dags retrieved from /home/andria/.local/lib/python3.10/site-packages/airflow/example_dags/subdags/subdag.py
[2022-12-05T15:56:58.940+0100] {processor.py:175} INFO - Processing /home/andria/.local/lib/python3.10/site-packages/airflow/example_dags/subdags/subdag.py took 0.030 seconds
[2022-12-05T15:57:36.590+0100] {processor.py:153} INFO - Started process (PID=326708) to work on /home/andria/.local/lib/python3.10/site-packages/airflow/example_dags/subdags/subdag.py
[2022-12-05T15:57:36.591+0100] {processor.py:743} INFO - Processing file /home/andria/.local/lib/python3.10/site-packages/airflow/example_dags/subdags/subdag.py for tasks to queue
[2022-12-05T15:57:36.592+0100] {logging_mixin.py:137} INFO - [2022-12-05T15:57:36.592+0100] {dagbag.py:538} INFO - Filling up the DagBag from /home/andria/.local/lib/python3.10/site-packages/airflow/example_dags/subdags/subdag.py
[2022-12-05T15:57:36.599+0100] {processor.py:755} WARNING - No viable dags retrieved from /home/andria/.local/lib/python3.10/site-packages/airflow/example_dags/subdags/subdag.py
[2022-12-05T15:57:36.616+0100] {processor.py:175} INFO - Processing /home/andria/.local/lib/python3.10/site-packages/airflow/example_dags/subdags/subdag.py took 0.031 seconds
[2022-12-05T15:58:19.263+0100] {processor.py:153} INFO - Started process (PID=326762) to work on /home/andria/.local/lib/python3.10/site-packages/airflow/example_dags/subdags/subdag.py
[2022-12-05T15:58:19.266+0100] {processor.py:743} INFO - Processing file /home/andria/.local/lib/python3.10/site-packages/airflow/example_dags/subdags/subdag.py for tasks to queue
[2022-12-05T15:58:19.266+0100] {logging_mixin.py:137} INFO - [2022-12-05T15:58:19.266+0100] {dagbag.py:538} INFO - Filling up the DagBag from /home/andria/.local/lib/python3.10/site-packages/airflow/example_dags/subdags/subdag.py
[2022-12-05T15:58:19.272+0100] {processor.py:755} WARNING - No viable dags retrieved from /home/andria/.local/lib/python3.10/site-packages/airflow/example_dags/subdags/subdag.py
[2022-12-05T15:58:19.291+0100] {processor.py:175} INFO - Processing /home/andria/.local/lib/python3.10/site-packages/airflow/example_dags/subdags/subdag.py took 0.035 seconds
[2022-12-05T15:59:04.592+0100] {processor.py:153} INFO - Started process (PID=326847) to work on /home/andria/.local/lib/python3.10/site-packages/airflow/example_dags/subdags/subdag.py
[2022-12-05T15:59:04.601+0100] {processor.py:743} INFO - Processing file /home/andria/.local/lib/python3.10/site-packages/airflow/example_dags/subdags/subdag.py for tasks to queue
[2022-12-05T15:59:04.603+0100] {logging_mixin.py:137} INFO - [2022-12-05T15:59:04.602+0100] {dagbag.py:538} INFO - Filling up the DagBag from /home/andria/.local/lib/python3.10/site-packages/airflow/example_dags/subdags/subdag.py
[2022-12-05T15:59:04.608+0100] {processor.py:755} WARNING - No viable dags retrieved from /home/andria/.local/lib/python3.10/site-packages/airflow/example_dags/subdags/subdag.py
[2022-12-05T15:59:04.629+0100] {processor.py:175} INFO - Processing /home/andria/.local/lib/python3.10/site-packages/airflow/example_dags/subdags/subdag.py took 0.041 seconds
[2022-12-05T15:59:45.232+0100] {processor.py:153} INFO - Started process (PID=326895) to work on /home/andria/.local/lib/python3.10/site-packages/airflow/example_dags/subdags/subdag.py
[2022-12-05T15:59:45.234+0100] {processor.py:743} INFO - Processing file /home/andria/.local/lib/python3.10/site-packages/airflow/example_dags/subdags/subdag.py for tasks to queue
[2022-12-05T15:59:45.235+0100] {logging_mixin.py:137} INFO - [2022-12-05T15:59:45.235+0100] {dagbag.py:538} INFO - Filling up the DagBag from /home/andria/.local/lib/python3.10/site-packages/airflow/example_dags/subdags/subdag.py
[2022-12-05T15:59:45.245+0100] {processor.py:755} WARNING - No viable dags retrieved from /home/andria/.local/lib/python3.10/site-packages/airflow/example_dags/subdags/subdag.py
[2022-12-05T15:59:45.258+0100] {processor.py:175} INFO - Processing /home/andria/.local/lib/python3.10/site-packages/airflow/example_dags/subdags/subdag.py took 0.035 seconds
[2022-12-05T16:00:27.474+0100] {processor.py:153} INFO - Started process (PID=326943) to work on /home/andria/.local/lib/python3.10/site-packages/airflow/example_dags/subdags/subdag.py
[2022-12-05T16:00:27.476+0100] {processor.py:743} INFO - Processing file /home/andria/.local/lib/python3.10/site-packages/airflow/example_dags/subdags/subdag.py for tasks to queue
[2022-12-05T16:00:27.477+0100] {logging_mixin.py:137} INFO - [2022-12-05T16:00:27.476+0100] {dagbag.py:538} INFO - Filling up the DagBag from /home/andria/.local/lib/python3.10/site-packages/airflow/example_dags/subdags/subdag.py
[2022-12-05T16:00:27.482+0100] {processor.py:755} WARNING - No viable dags retrieved from /home/andria/.local/lib/python3.10/site-packages/airflow/example_dags/subdags/subdag.py
[2022-12-05T16:00:27.501+0100] {processor.py:175} INFO - Processing /home/andria/.local/lib/python3.10/site-packages/airflow/example_dags/subdags/subdag.py took 0.042 seconds
[2022-12-05T16:01:08.335+0100] {processor.py:153} INFO - Started process (PID=326999) to work on /home/andria/.local/lib/python3.10/site-packages/airflow/example_dags/subdags/subdag.py
[2022-12-05T16:01:08.336+0100] {processor.py:743} INFO - Processing file /home/andria/.local/lib/python3.10/site-packages/airflow/example_dags/subdags/subdag.py for tasks to queue
[2022-12-05T16:01:08.337+0100] {logging_mixin.py:137} INFO - [2022-12-05T16:01:08.337+0100] {dagbag.py:538} INFO - Filling up the DagBag from /home/andria/.local/lib/python3.10/site-packages/airflow/example_dags/subdags/subdag.py
[2022-12-05T16:01:08.345+0100] {processor.py:755} WARNING - No viable dags retrieved from /home/andria/.local/lib/python3.10/site-packages/airflow/example_dags/subdags/subdag.py
[2022-12-05T16:01:08.369+0100] {processor.py:175} INFO - Processing /home/andria/.local/lib/python3.10/site-packages/airflow/example_dags/subdags/subdag.py took 0.038 seconds
[2022-12-05T16:01:47.900+0100] {processor.py:153} INFO - Started process (PID=327043) to work on /home/andria/.local/lib/python3.10/site-packages/airflow/example_dags/subdags/subdag.py
[2022-12-05T16:01:47.906+0100] {processor.py:743} INFO - Processing file /home/andria/.local/lib/python3.10/site-packages/airflow/example_dags/subdags/subdag.py for tasks to queue
[2022-12-05T16:01:47.908+0100] {logging_mixin.py:137} INFO - [2022-12-05T16:01:47.908+0100] {dagbag.py:538} INFO - Filling up the DagBag from /home/andria/.local/lib/python3.10/site-packages/airflow/example_dags/subdags/subdag.py
[2022-12-05T16:01:47.916+0100] {processor.py:755} WARNING - No viable dags retrieved from /home/andria/.local/lib/python3.10/site-packages/airflow/example_dags/subdags/subdag.py
[2022-12-05T16:01:47.936+0100] {processor.py:175} INFO - Processing /home/andria/.local/lib/python3.10/site-packages/airflow/example_dags/subdags/subdag.py took 0.044 seconds
[2022-12-05T16:02:23.321+0100] {processor.py:153} INFO - Started process (PID=327087) to work on /home/andria/.local/lib/python3.10/site-packages/airflow/example_dags/subdags/subdag.py
[2022-12-05T16:02:23.323+0100] {processor.py:743} INFO - Processing file /home/andria/.local/lib/python3.10/site-packages/airflow/example_dags/subdags/subdag.py for tasks to queue
[2022-12-05T16:02:23.324+0100] {logging_mixin.py:137} INFO - [2022-12-05T16:02:23.324+0100] {dagbag.py:538} INFO - Filling up the DagBag from /home/andria/.local/lib/python3.10/site-packages/airflow/example_dags/subdags/subdag.py
[2022-12-05T16:02:23.329+0100] {processor.py:755} WARNING - No viable dags retrieved from /home/andria/.local/lib/python3.10/site-packages/airflow/example_dags/subdags/subdag.py
[2022-12-05T16:02:23.346+0100] {processor.py:175} INFO - Processing /home/andria/.local/lib/python3.10/site-packages/airflow/example_dags/subdags/subdag.py took 0.029 seconds
[2022-12-05T16:03:02.566+0100] {processor.py:153} INFO - Started process (PID=327135) to work on /home/andria/.local/lib/python3.10/site-packages/airflow/example_dags/subdags/subdag.py
[2022-12-05T16:03:02.568+0100] {processor.py:743} INFO - Processing file /home/andria/.local/lib/python3.10/site-packages/airflow/example_dags/subdags/subdag.py for tasks to queue
[2022-12-05T16:03:02.569+0100] {logging_mixin.py:137} INFO - [2022-12-05T16:03:02.568+0100] {dagbag.py:538} INFO - Filling up the DagBag from /home/andria/.local/lib/python3.10/site-packages/airflow/example_dags/subdags/subdag.py
[2022-12-05T16:03:02.577+0100] {processor.py:755} WARNING - No viable dags retrieved from /home/andria/.local/lib/python3.10/site-packages/airflow/example_dags/subdags/subdag.py
[2022-12-05T16:03:02.593+0100] {processor.py:175} INFO - Processing /home/andria/.local/lib/python3.10/site-packages/airflow/example_dags/subdags/subdag.py took 0.031 seconds
[2022-12-05T16:03:50.481+0100] {processor.py:153} INFO - Started process (PID=327219) to work on /home/andria/.local/lib/python3.10/site-packages/airflow/example_dags/subdags/subdag.py
[2022-12-05T16:03:50.483+0100] {processor.py:743} INFO - Processing file /home/andria/.local/lib/python3.10/site-packages/airflow/example_dags/subdags/subdag.py for tasks to queue
[2022-12-05T16:03:50.485+0100] {logging_mixin.py:137} INFO - [2022-12-05T16:03:50.484+0100] {dagbag.py:538} INFO - Filling up the DagBag from /home/andria/.local/lib/python3.10/site-packages/airflow/example_dags/subdags/subdag.py
[2022-12-05T16:03:50.494+0100] {processor.py:755} WARNING - No viable dags retrieved from /home/andria/.local/lib/python3.10/site-packages/airflow/example_dags/subdags/subdag.py
[2022-12-05T16:03:50.506+0100] {processor.py:175} INFO - Processing /home/andria/.local/lib/python3.10/site-packages/airflow/example_dags/subdags/subdag.py took 0.030 seconds
[2022-12-05T16:04:31.893+0100] {processor.py:153} INFO - Started process (PID=327271) to work on /home/andria/.local/lib/python3.10/site-packages/airflow/example_dags/subdags/subdag.py
[2022-12-05T16:04:31.897+0100] {processor.py:743} INFO - Processing file /home/andria/.local/lib/python3.10/site-packages/airflow/example_dags/subdags/subdag.py for tasks to queue
[2022-12-05T16:04:31.898+0100] {logging_mixin.py:137} INFO - [2022-12-05T16:04:31.898+0100] {dagbag.py:538} INFO - Filling up the DagBag from /home/andria/.local/lib/python3.10/site-packages/airflow/example_dags/subdags/subdag.py
[2022-12-05T16:04:31.906+0100] {processor.py:755} WARNING - No viable dags retrieved from /home/andria/.local/lib/python3.10/site-packages/airflow/example_dags/subdags/subdag.py
[2022-12-05T16:04:31.921+0100] {processor.py:175} INFO - Processing /home/andria/.local/lib/python3.10/site-packages/airflow/example_dags/subdags/subdag.py took 0.032 seconds
[2022-12-05T16:05:12.561+0100] {processor.py:153} INFO - Started process (PID=327321) to work on /home/andria/.local/lib/python3.10/site-packages/airflow/example_dags/subdags/subdag.py
[2022-12-05T16:05:12.563+0100] {processor.py:743} INFO - Processing file /home/andria/.local/lib/python3.10/site-packages/airflow/example_dags/subdags/subdag.py for tasks to queue
[2022-12-05T16:05:12.563+0100] {logging_mixin.py:137} INFO - [2022-12-05T16:05:12.563+0100] {dagbag.py:538} INFO - Filling up the DagBag from /home/andria/.local/lib/python3.10/site-packages/airflow/example_dags/subdags/subdag.py
[2022-12-05T16:05:12.568+0100] {processor.py:755} WARNING - No viable dags retrieved from /home/andria/.local/lib/python3.10/site-packages/airflow/example_dags/subdags/subdag.py
[2022-12-05T16:05:12.587+0100] {processor.py:175} INFO - Processing /home/andria/.local/lib/python3.10/site-packages/airflow/example_dags/subdags/subdag.py took 0.034 seconds
[2022-12-05T16:05:52.627+0100] {processor.py:153} INFO - Started process (PID=327380) to work on /home/andria/.local/lib/python3.10/site-packages/airflow/example_dags/subdags/subdag.py
[2022-12-05T16:05:52.628+0100] {processor.py:743} INFO - Processing file /home/andria/.local/lib/python3.10/site-packages/airflow/example_dags/subdags/subdag.py for tasks to queue
[2022-12-05T16:05:52.629+0100] {logging_mixin.py:137} INFO - [2022-12-05T16:05:52.629+0100] {dagbag.py:538} INFO - Filling up the DagBag from /home/andria/.local/lib/python3.10/site-packages/airflow/example_dags/subdags/subdag.py
[2022-12-05T16:05:52.634+0100] {processor.py:755} WARNING - No viable dags retrieved from /home/andria/.local/lib/python3.10/site-packages/airflow/example_dags/subdags/subdag.py
[2022-12-05T16:05:52.648+0100] {processor.py:175} INFO - Processing /home/andria/.local/lib/python3.10/site-packages/airflow/example_dags/subdags/subdag.py took 0.027 seconds
[2022-12-05T16:06:26.823+0100] {processor.py:153} INFO - Started process (PID=327418) to work on /home/andria/.local/lib/python3.10/site-packages/airflow/example_dags/subdags/subdag.py
[2022-12-05T16:06:26.824+0100] {processor.py:743} INFO - Processing file /home/andria/.local/lib/python3.10/site-packages/airflow/example_dags/subdags/subdag.py for tasks to queue
[2022-12-05T16:06:26.825+0100] {logging_mixin.py:137} INFO - [2022-12-05T16:06:26.825+0100] {dagbag.py:538} INFO - Filling up the DagBag from /home/andria/.local/lib/python3.10/site-packages/airflow/example_dags/subdags/subdag.py
[2022-12-05T16:06:26.831+0100] {processor.py:755} WARNING - No viable dags retrieved from /home/andria/.local/lib/python3.10/site-packages/airflow/example_dags/subdags/subdag.py
[2022-12-05T16:06:26.845+0100] {processor.py:175} INFO - Processing /home/andria/.local/lib/python3.10/site-packages/airflow/example_dags/subdags/subdag.py took 0.027 seconds
[2022-12-05T16:07:04.005+0100] {processor.py:153} INFO - Started process (PID=327463) to work on /home/andria/.local/lib/python3.10/site-packages/airflow/example_dags/subdags/subdag.py
[2022-12-05T16:07:04.007+0100] {processor.py:743} INFO - Processing file /home/andria/.local/lib/python3.10/site-packages/airflow/example_dags/subdags/subdag.py for tasks to queue
[2022-12-05T16:07:04.008+0100] {logging_mixin.py:137} INFO - [2022-12-05T16:07:04.008+0100] {dagbag.py:538} INFO - Filling up the DagBag from /home/andria/.local/lib/python3.10/site-packages/airflow/example_dags/subdags/subdag.py
[2022-12-05T16:07:04.014+0100] {processor.py:755} WARNING - No viable dags retrieved from /home/andria/.local/lib/python3.10/site-packages/airflow/example_dags/subdags/subdag.py
[2022-12-05T16:07:04.028+0100] {processor.py:175} INFO - Processing /home/andria/.local/lib/python3.10/site-packages/airflow/example_dags/subdags/subdag.py took 0.027 seconds
[2022-12-05T16:07:42.586+0100] {processor.py:153} INFO - Started process (PID=327513) to work on /home/andria/.local/lib/python3.10/site-packages/airflow/example_dags/subdags/subdag.py
[2022-12-05T16:07:42.587+0100] {processor.py:743} INFO - Processing file /home/andria/.local/lib/python3.10/site-packages/airflow/example_dags/subdags/subdag.py for tasks to queue
[2022-12-05T16:07:42.588+0100] {logging_mixin.py:137} INFO - [2022-12-05T16:07:42.588+0100] {dagbag.py:538} INFO - Filling up the DagBag from /home/andria/.local/lib/python3.10/site-packages/airflow/example_dags/subdags/subdag.py
[2022-12-05T16:07:42.594+0100] {processor.py:755} WARNING - No viable dags retrieved from /home/andria/.local/lib/python3.10/site-packages/airflow/example_dags/subdags/subdag.py
[2022-12-05T16:07:42.608+0100] {processor.py:175} INFO - Processing /home/andria/.local/lib/python3.10/site-packages/airflow/example_dags/subdags/subdag.py took 0.027 seconds
[2022-12-05T16:08:17.253+0100] {processor.py:153} INFO - Started process (PID=327556) to work on /home/andria/.local/lib/python3.10/site-packages/airflow/example_dags/subdags/subdag.py
[2022-12-05T16:08:17.254+0100] {processor.py:743} INFO - Processing file /home/andria/.local/lib/python3.10/site-packages/airflow/example_dags/subdags/subdag.py for tasks to queue
[2022-12-05T16:08:17.255+0100] {logging_mixin.py:137} INFO - [2022-12-05T16:08:17.255+0100] {dagbag.py:538} INFO - Filling up the DagBag from /home/andria/.local/lib/python3.10/site-packages/airflow/example_dags/subdags/subdag.py
[2022-12-05T16:08:17.261+0100] {processor.py:755} WARNING - No viable dags retrieved from /home/andria/.local/lib/python3.10/site-packages/airflow/example_dags/subdags/subdag.py
[2022-12-05T16:08:17.275+0100] {processor.py:175} INFO - Processing /home/andria/.local/lib/python3.10/site-packages/airflow/example_dags/subdags/subdag.py took 0.027 seconds
[2022-12-05T16:08:51.406+0100] {processor.py:153} INFO - Started process (PID=327625) to work on /home/andria/.local/lib/python3.10/site-packages/airflow/example_dags/subdags/subdag.py
[2022-12-05T16:08:51.408+0100] {processor.py:743} INFO - Processing file /home/andria/.local/lib/python3.10/site-packages/airflow/example_dags/subdags/subdag.py for tasks to queue
[2022-12-05T16:08:51.409+0100] {logging_mixin.py:137} INFO - [2022-12-05T16:08:51.409+0100] {dagbag.py:538} INFO - Filling up the DagBag from /home/andria/.local/lib/python3.10/site-packages/airflow/example_dags/subdags/subdag.py
[2022-12-05T16:08:51.415+0100] {processor.py:755} WARNING - No viable dags retrieved from /home/andria/.local/lib/python3.10/site-packages/airflow/example_dags/subdags/subdag.py
[2022-12-05T16:08:51.430+0100] {processor.py:175} INFO - Processing /home/andria/.local/lib/python3.10/site-packages/airflow/example_dags/subdags/subdag.py took 0.028 seconds
[2022-12-05T16:09:28.784+0100] {processor.py:153} INFO - Started process (PID=327669) to work on /home/andria/.local/lib/python3.10/site-packages/airflow/example_dags/subdags/subdag.py
[2022-12-05T16:09:28.786+0100] {processor.py:743} INFO - Processing file /home/andria/.local/lib/python3.10/site-packages/airflow/example_dags/subdags/subdag.py for tasks to queue
[2022-12-05T16:09:28.787+0100] {logging_mixin.py:137} INFO - [2022-12-05T16:09:28.786+0100] {dagbag.py:538} INFO - Filling up the DagBag from /home/andria/.local/lib/python3.10/site-packages/airflow/example_dags/subdags/subdag.py
[2022-12-05T16:09:28.793+0100] {processor.py:755} WARNING - No viable dags retrieved from /home/andria/.local/lib/python3.10/site-packages/airflow/example_dags/subdags/subdag.py
[2022-12-05T16:09:28.807+0100] {processor.py:175} INFO - Processing /home/andria/.local/lib/python3.10/site-packages/airflow/example_dags/subdags/subdag.py took 0.027 seconds
[2022-12-05T16:10:03.712+0100] {processor.py:153} INFO - Started process (PID=327714) to work on /home/andria/.local/lib/python3.10/site-packages/airflow/example_dags/subdags/subdag.py
[2022-12-05T16:10:03.714+0100] {processor.py:743} INFO - Processing file /home/andria/.local/lib/python3.10/site-packages/airflow/example_dags/subdags/subdag.py for tasks to queue
[2022-12-05T16:10:03.715+0100] {logging_mixin.py:137} INFO - [2022-12-05T16:10:03.715+0100] {dagbag.py:538} INFO - Filling up the DagBag from /home/andria/.local/lib/python3.10/site-packages/airflow/example_dags/subdags/subdag.py
[2022-12-05T16:10:03.720+0100] {processor.py:755} WARNING - No viable dags retrieved from /home/andria/.local/lib/python3.10/site-packages/airflow/example_dags/subdags/subdag.py
[2022-12-05T16:10:03.735+0100] {processor.py:175} INFO - Processing /home/andria/.local/lib/python3.10/site-packages/airflow/example_dags/subdags/subdag.py took 0.027 seconds
[2022-12-05T16:10:45.810+0100] {processor.py:153} INFO - Started process (PID=327775) to work on /home/andria/.local/lib/python3.10/site-packages/airflow/example_dags/subdags/subdag.py
[2022-12-05T16:10:45.811+0100] {processor.py:743} INFO - Processing file /home/andria/.local/lib/python3.10/site-packages/airflow/example_dags/subdags/subdag.py for tasks to queue
[2022-12-05T16:10:45.812+0100] {logging_mixin.py:137} INFO - [2022-12-05T16:10:45.812+0100] {dagbag.py:538} INFO - Filling up the DagBag from /home/andria/.local/lib/python3.10/site-packages/airflow/example_dags/subdags/subdag.py
[2022-12-05T16:10:45.819+0100] {processor.py:755} WARNING - No viable dags retrieved from /home/andria/.local/lib/python3.10/site-packages/airflow/example_dags/subdags/subdag.py
[2022-12-05T16:10:45.833+0100] {processor.py:175} INFO - Processing /home/andria/.local/lib/python3.10/site-packages/airflow/example_dags/subdags/subdag.py took 0.027 seconds
[2022-12-05T16:11:22.508+0100] {processor.py:153} INFO - Started process (PID=327821) to work on /home/andria/.local/lib/python3.10/site-packages/airflow/example_dags/subdags/subdag.py
[2022-12-05T16:11:22.509+0100] {processor.py:743} INFO - Processing file /home/andria/.local/lib/python3.10/site-packages/airflow/example_dags/subdags/subdag.py for tasks to queue
[2022-12-05T16:11:22.510+0100] {logging_mixin.py:137} INFO - [2022-12-05T16:11:22.510+0100] {dagbag.py:538} INFO - Filling up the DagBag from /home/andria/.local/lib/python3.10/site-packages/airflow/example_dags/subdags/subdag.py
[2022-12-05T16:11:22.516+0100] {processor.py:755} WARNING - No viable dags retrieved from /home/andria/.local/lib/python3.10/site-packages/airflow/example_dags/subdags/subdag.py
[2022-12-05T16:11:22.530+0100] {processor.py:175} INFO - Processing /home/andria/.local/lib/python3.10/site-packages/airflow/example_dags/subdags/subdag.py took 0.027 seconds
[2022-12-05T16:11:56.038+0100] {processor.py:153} INFO - Started process (PID=327897) to work on /home/andria/.local/lib/python3.10/site-packages/airflow/example_dags/subdags/subdag.py
[2022-12-05T16:11:56.039+0100] {processor.py:743} INFO - Processing file /home/andria/.local/lib/python3.10/site-packages/airflow/example_dags/subdags/subdag.py for tasks to queue
[2022-12-05T16:11:56.040+0100] {logging_mixin.py:137} INFO - [2022-12-05T16:11:56.040+0100] {dagbag.py:538} INFO - Filling up the DagBag from /home/andria/.local/lib/python3.10/site-packages/airflow/example_dags/subdags/subdag.py
[2022-12-05T16:11:56.047+0100] {processor.py:755} WARNING - No viable dags retrieved from /home/andria/.local/lib/python3.10/site-packages/airflow/example_dags/subdags/subdag.py
[2022-12-05T16:11:56.061+0100] {processor.py:175} INFO - Processing /home/andria/.local/lib/python3.10/site-packages/airflow/example_dags/subdags/subdag.py took 0.027 seconds
[2022-12-05T16:12:30.227+0100] {processor.py:153} INFO - Started process (PID=327958) to work on /home/andria/.local/lib/python3.10/site-packages/airflow/example_dags/subdags/subdag.py
[2022-12-05T16:12:30.228+0100] {processor.py:743} INFO - Processing file /home/andria/.local/lib/python3.10/site-packages/airflow/example_dags/subdags/subdag.py for tasks to queue
[2022-12-05T16:12:30.229+0100] {logging_mixin.py:137} INFO - [2022-12-05T16:12:30.229+0100] {dagbag.py:538} INFO - Filling up the DagBag from /home/andria/.local/lib/python3.10/site-packages/airflow/example_dags/subdags/subdag.py
[2022-12-05T16:12:30.234+0100] {processor.py:755} WARNING - No viable dags retrieved from /home/andria/.local/lib/python3.10/site-packages/airflow/example_dags/subdags/subdag.py
[2022-12-05T16:12:30.246+0100] {processor.py:175} INFO - Processing /home/andria/.local/lib/python3.10/site-packages/airflow/example_dags/subdags/subdag.py took 0.024 seconds
[2022-12-05T16:13:05.186+0100] {processor.py:153} INFO - Started process (PID=328002) to work on /home/andria/.local/lib/python3.10/site-packages/airflow/example_dags/subdags/subdag.py
[2022-12-05T16:13:05.188+0100] {processor.py:743} INFO - Processing file /home/andria/.local/lib/python3.10/site-packages/airflow/example_dags/subdags/subdag.py for tasks to queue
[2022-12-05T16:13:05.188+0100] {logging_mixin.py:137} INFO - [2022-12-05T16:13:05.188+0100] {dagbag.py:538} INFO - Filling up the DagBag from /home/andria/.local/lib/python3.10/site-packages/airflow/example_dags/subdags/subdag.py
[2022-12-05T16:13:05.192+0100] {processor.py:755} WARNING - No viable dags retrieved from /home/andria/.local/lib/python3.10/site-packages/airflow/example_dags/subdags/subdag.py
[2022-12-05T16:13:05.203+0100] {processor.py:175} INFO - Processing /home/andria/.local/lib/python3.10/site-packages/airflow/example_dags/subdags/subdag.py took 0.022 seconds
[2022-12-05T16:13:46.173+0100] {processor.py:153} INFO - Started process (PID=328108) to work on /home/andria/.local/lib/python3.10/site-packages/airflow/example_dags/subdags/subdag.py
[2022-12-05T16:13:46.175+0100] {processor.py:743} INFO - Processing file /home/andria/.local/lib/python3.10/site-packages/airflow/example_dags/subdags/subdag.py for tasks to queue
[2022-12-05T16:13:46.175+0100] {logging_mixin.py:137} INFO - [2022-12-05T16:13:46.175+0100] {dagbag.py:538} INFO - Filling up the DagBag from /home/andria/.local/lib/python3.10/site-packages/airflow/example_dags/subdags/subdag.py
[2022-12-05T16:13:46.182+0100] {processor.py:755} WARNING - No viable dags retrieved from /home/andria/.local/lib/python3.10/site-packages/airflow/example_dags/subdags/subdag.py
[2022-12-05T16:13:46.196+0100] {processor.py:175} INFO - Processing /home/andria/.local/lib/python3.10/site-packages/airflow/example_dags/subdags/subdag.py took 0.028 seconds
[2022-12-05T16:14:25.420+0100] {processor.py:153} INFO - Started process (PID=328226) to work on /home/andria/.local/lib/python3.10/site-packages/airflow/example_dags/subdags/subdag.py
[2022-12-05T16:14:25.422+0100] {processor.py:743} INFO - Processing file /home/andria/.local/lib/python3.10/site-packages/airflow/example_dags/subdags/subdag.py for tasks to queue
[2022-12-05T16:14:25.423+0100] {logging_mixin.py:137} INFO - [2022-12-05T16:14:25.423+0100] {dagbag.py:538} INFO - Filling up the DagBag from /home/andria/.local/lib/python3.10/site-packages/airflow/example_dags/subdags/subdag.py
[2022-12-05T16:14:25.428+0100] {processor.py:755} WARNING - No viable dags retrieved from /home/andria/.local/lib/python3.10/site-packages/airflow/example_dags/subdags/subdag.py
[2022-12-05T16:14:25.443+0100] {processor.py:175} INFO - Processing /home/andria/.local/lib/python3.10/site-packages/airflow/example_dags/subdags/subdag.py took 0.027 seconds
[2022-12-05T16:15:01.937+0100] {processor.py:153} INFO - Started process (PID=328278) to work on /home/andria/.local/lib/python3.10/site-packages/airflow/example_dags/subdags/subdag.py
[2022-12-05T16:15:01.938+0100] {processor.py:743} INFO - Processing file /home/andria/.local/lib/python3.10/site-packages/airflow/example_dags/subdags/subdag.py for tasks to queue
[2022-12-05T16:15:01.939+0100] {logging_mixin.py:137} INFO - [2022-12-05T16:15:01.939+0100] {dagbag.py:538} INFO - Filling up the DagBag from /home/andria/.local/lib/python3.10/site-packages/airflow/example_dags/subdags/subdag.py
[2022-12-05T16:15:01.944+0100] {processor.py:755} WARNING - No viable dags retrieved from /home/andria/.local/lib/python3.10/site-packages/airflow/example_dags/subdags/subdag.py
[2022-12-05T16:15:01.954+0100] {processor.py:175} INFO - Processing /home/andria/.local/lib/python3.10/site-packages/airflow/example_dags/subdags/subdag.py took 0.022 seconds
[2022-12-05T16:15:41.488+0100] {processor.py:153} INFO - Started process (PID=328330) to work on /home/andria/.local/lib/python3.10/site-packages/airflow/example_dags/subdags/subdag.py
[2022-12-05T16:15:41.490+0100] {processor.py:743} INFO - Processing file /home/andria/.local/lib/python3.10/site-packages/airflow/example_dags/subdags/subdag.py for tasks to queue
[2022-12-05T16:15:41.491+0100] {logging_mixin.py:137} INFO - [2022-12-05T16:15:41.491+0100] {dagbag.py:538} INFO - Filling up the DagBag from /home/andria/.local/lib/python3.10/site-packages/airflow/example_dags/subdags/subdag.py
[2022-12-05T16:15:41.497+0100] {processor.py:755} WARNING - No viable dags retrieved from /home/andria/.local/lib/python3.10/site-packages/airflow/example_dags/subdags/subdag.py
[2022-12-05T16:15:41.512+0100] {processor.py:175} INFO - Processing /home/andria/.local/lib/python3.10/site-packages/airflow/example_dags/subdags/subdag.py took 0.028 seconds
[2022-12-05T16:16:15.980+0100] {processor.py:153} INFO - Started process (PID=328401) to work on /home/andria/.local/lib/python3.10/site-packages/airflow/example_dags/subdags/subdag.py
[2022-12-05T16:16:15.982+0100] {processor.py:743} INFO - Processing file /home/andria/.local/lib/python3.10/site-packages/airflow/example_dags/subdags/subdag.py for tasks to queue
[2022-12-05T16:16:15.983+0100] {logging_mixin.py:137} INFO - [2022-12-05T16:16:15.983+0100] {dagbag.py:538} INFO - Filling up the DagBag from /home/andria/.local/lib/python3.10/site-packages/airflow/example_dags/subdags/subdag.py
[2022-12-05T16:16:15.988+0100] {processor.py:755} WARNING - No viable dags retrieved from /home/andria/.local/lib/python3.10/site-packages/airflow/example_dags/subdags/subdag.py
[2022-12-05T16:16:16.003+0100] {processor.py:175} INFO - Processing /home/andria/.local/lib/python3.10/site-packages/airflow/example_dags/subdags/subdag.py took 0.027 seconds
[2022-12-05T16:16:59.869+0100] {processor.py:153} INFO - Started process (PID=328456) to work on /home/andria/.local/lib/python3.10/site-packages/airflow/example_dags/subdags/subdag.py
[2022-12-05T16:16:59.870+0100] {processor.py:743} INFO - Processing file /home/andria/.local/lib/python3.10/site-packages/airflow/example_dags/subdags/subdag.py for tasks to queue
[2022-12-05T16:16:59.871+0100] {logging_mixin.py:137} INFO - [2022-12-05T16:16:59.871+0100] {dagbag.py:538} INFO - Filling up the DagBag from /home/andria/.local/lib/python3.10/site-packages/airflow/example_dags/subdags/subdag.py
[2022-12-05T16:16:59.878+0100] {processor.py:755} WARNING - No viable dags retrieved from /home/andria/.local/lib/python3.10/site-packages/airflow/example_dags/subdags/subdag.py
[2022-12-05T16:16:59.893+0100] {processor.py:175} INFO - Processing /home/andria/.local/lib/python3.10/site-packages/airflow/example_dags/subdags/subdag.py took 0.030 seconds
[2022-12-05T16:17:56.617+0100] {processor.py:153} INFO - Started process (PID=328529) to work on /home/andria/.local/lib/python3.10/site-packages/airflow/example_dags/subdags/subdag.py
[2022-12-05T16:17:56.619+0100] {processor.py:743} INFO - Processing file /home/andria/.local/lib/python3.10/site-packages/airflow/example_dags/subdags/subdag.py for tasks to queue
[2022-12-05T16:17:56.620+0100] {logging_mixin.py:137} INFO - [2022-12-05T16:17:56.619+0100] {dagbag.py:538} INFO - Filling up the DagBag from /home/andria/.local/lib/python3.10/site-packages/airflow/example_dags/subdags/subdag.py
[2022-12-05T16:17:56.624+0100] {processor.py:755} WARNING - No viable dags retrieved from /home/andria/.local/lib/python3.10/site-packages/airflow/example_dags/subdags/subdag.py
[2022-12-05T16:17:56.635+0100] {processor.py:175} INFO - Processing /home/andria/.local/lib/python3.10/site-packages/airflow/example_dags/subdags/subdag.py took 0.021 seconds
[2022-12-05T16:18:41.869+0100] {processor.py:153} INFO - Started process (PID=328620) to work on /home/andria/.local/lib/python3.10/site-packages/airflow/example_dags/subdags/subdag.py
[2022-12-05T16:18:41.870+0100] {processor.py:743} INFO - Processing file /home/andria/.local/lib/python3.10/site-packages/airflow/example_dags/subdags/subdag.py for tasks to queue
[2022-12-05T16:18:41.871+0100] {logging_mixin.py:137} INFO - [2022-12-05T16:18:41.871+0100] {dagbag.py:538} INFO - Filling up the DagBag from /home/andria/.local/lib/python3.10/site-packages/airflow/example_dags/subdags/subdag.py
[2022-12-05T16:18:41.875+0100] {processor.py:755} WARNING - No viable dags retrieved from /home/andria/.local/lib/python3.10/site-packages/airflow/example_dags/subdags/subdag.py
[2022-12-05T16:18:41.888+0100] {processor.py:175} INFO - Processing /home/andria/.local/lib/python3.10/site-packages/airflow/example_dags/subdags/subdag.py took 0.023 seconds
[2022-12-05T16:19:28.134+0100] {processor.py:153} INFO - Started process (PID=328679) to work on /home/andria/.local/lib/python3.10/site-packages/airflow/example_dags/subdags/subdag.py
[2022-12-05T16:19:28.136+0100] {processor.py:743} INFO - Processing file /home/andria/.local/lib/python3.10/site-packages/airflow/example_dags/subdags/subdag.py for tasks to queue
[2022-12-05T16:19:28.136+0100] {logging_mixin.py:137} INFO - [2022-12-05T16:19:28.136+0100] {dagbag.py:538} INFO - Filling up the DagBag from /home/andria/.local/lib/python3.10/site-packages/airflow/example_dags/subdags/subdag.py
[2022-12-05T16:19:28.141+0100] {processor.py:755} WARNING - No viable dags retrieved from /home/andria/.local/lib/python3.10/site-packages/airflow/example_dags/subdags/subdag.py
[2022-12-05T16:19:28.153+0100] {processor.py:175} INFO - Processing /home/andria/.local/lib/python3.10/site-packages/airflow/example_dags/subdags/subdag.py took 0.022 seconds
[2022-12-05T16:20:15.162+0100] {processor.py:153} INFO - Started process (PID=328754) to work on /home/andria/.local/lib/python3.10/site-packages/airflow/example_dags/subdags/subdag.py
[2022-12-05T16:20:15.163+0100] {processor.py:743} INFO - Processing file /home/andria/.local/lib/python3.10/site-packages/airflow/example_dags/subdags/subdag.py for tasks to queue
[2022-12-05T16:20:15.163+0100] {logging_mixin.py:137} INFO - [2022-12-05T16:20:15.163+0100] {dagbag.py:538} INFO - Filling up the DagBag from /home/andria/.local/lib/python3.10/site-packages/airflow/example_dags/subdags/subdag.py
[2022-12-05T16:20:15.168+0100] {processor.py:755} WARNING - No viable dags retrieved from /home/andria/.local/lib/python3.10/site-packages/airflow/example_dags/subdags/subdag.py
[2022-12-05T16:20:15.179+0100] {processor.py:175} INFO - Processing /home/andria/.local/lib/python3.10/site-packages/airflow/example_dags/subdags/subdag.py took 0.021 seconds
[2022-12-05T16:21:02.254+0100] {processor.py:153} INFO - Started process (PID=328826) to work on /home/andria/.local/lib/python3.10/site-packages/airflow/example_dags/subdags/subdag.py
[2022-12-05T16:21:02.256+0100] {processor.py:743} INFO - Processing file /home/andria/.local/lib/python3.10/site-packages/airflow/example_dags/subdags/subdag.py for tasks to queue
[2022-12-05T16:21:02.258+0100] {logging_mixin.py:137} INFO - [2022-12-05T16:21:02.257+0100] {dagbag.py:538} INFO - Filling up the DagBag from /home/andria/.local/lib/python3.10/site-packages/airflow/example_dags/subdags/subdag.py
[2022-12-05T16:21:02.264+0100] {processor.py:755} WARNING - No viable dags retrieved from /home/andria/.local/lib/python3.10/site-packages/airflow/example_dags/subdags/subdag.py
[2022-12-05T16:21:02.280+0100] {processor.py:175} INFO - Processing /home/andria/.local/lib/python3.10/site-packages/airflow/example_dags/subdags/subdag.py took 0.030 seconds
[2022-12-05T16:21:51.212+0100] {processor.py:153} INFO - Started process (PID=328896) to work on /home/andria/.local/lib/python3.10/site-packages/airflow/example_dags/subdags/subdag.py
[2022-12-05T16:21:51.213+0100] {processor.py:743} INFO - Processing file /home/andria/.local/lib/python3.10/site-packages/airflow/example_dags/subdags/subdag.py for tasks to queue
[2022-12-05T16:21:51.214+0100] {logging_mixin.py:137} INFO - [2022-12-05T16:21:51.214+0100] {dagbag.py:538} INFO - Filling up the DagBag from /home/andria/.local/lib/python3.10/site-packages/airflow/example_dags/subdags/subdag.py
[2022-12-05T16:21:51.219+0100] {processor.py:755} WARNING - No viable dags retrieved from /home/andria/.local/lib/python3.10/site-packages/airflow/example_dags/subdags/subdag.py
[2022-12-05T16:21:51.231+0100] {processor.py:175} INFO - Processing /home/andria/.local/lib/python3.10/site-packages/airflow/example_dags/subdags/subdag.py took 0.023 seconds
[2022-12-05T16:22:39.667+0100] {processor.py:153} INFO - Started process (PID=329024) to work on /home/andria/.local/lib/python3.10/site-packages/airflow/example_dags/subdags/subdag.py
[2022-12-05T16:22:39.671+0100] {processor.py:743} INFO - Processing file /home/andria/.local/lib/python3.10/site-packages/airflow/example_dags/subdags/subdag.py for tasks to queue
[2022-12-05T16:22:39.672+0100] {logging_mixin.py:137} INFO - [2022-12-05T16:22:39.672+0100] {dagbag.py:538} INFO - Filling up the DagBag from /home/andria/.local/lib/python3.10/site-packages/airflow/example_dags/subdags/subdag.py
[2022-12-05T16:22:39.678+0100] {processor.py:755} WARNING - No viable dags retrieved from /home/andria/.local/lib/python3.10/site-packages/airflow/example_dags/subdags/subdag.py
[2022-12-05T16:22:39.692+0100] {processor.py:175} INFO - Processing /home/andria/.local/lib/python3.10/site-packages/airflow/example_dags/subdags/subdag.py took 0.029 seconds
[2022-12-05T16:23:27.800+0100] {processor.py:153} INFO - Started process (PID=329119) to work on /home/andria/.local/lib/python3.10/site-packages/airflow/example_dags/subdags/subdag.py
[2022-12-05T16:23:27.801+0100] {processor.py:743} INFO - Processing file /home/andria/.local/lib/python3.10/site-packages/airflow/example_dags/subdags/subdag.py for tasks to queue
[2022-12-05T16:23:27.802+0100] {logging_mixin.py:137} INFO - [2022-12-05T16:23:27.802+0100] {dagbag.py:538} INFO - Filling up the DagBag from /home/andria/.local/lib/python3.10/site-packages/airflow/example_dags/subdags/subdag.py
[2022-12-05T16:23:27.808+0100] {processor.py:755} WARNING - No viable dags retrieved from /home/andria/.local/lib/python3.10/site-packages/airflow/example_dags/subdags/subdag.py
[2022-12-05T16:23:27.823+0100] {processor.py:175} INFO - Processing /home/andria/.local/lib/python3.10/site-packages/airflow/example_dags/subdags/subdag.py took 0.028 seconds
[2022-12-05T16:24:14.182+0100] {processor.py:153} INFO - Started process (PID=329217) to work on /home/andria/.local/lib/python3.10/site-packages/airflow/example_dags/subdags/subdag.py
[2022-12-05T16:24:14.183+0100] {processor.py:743} INFO - Processing file /home/andria/.local/lib/python3.10/site-packages/airflow/example_dags/subdags/subdag.py for tasks to queue
[2022-12-05T16:24:14.184+0100] {logging_mixin.py:137} INFO - [2022-12-05T16:24:14.184+0100] {dagbag.py:538} INFO - Filling up the DagBag from /home/andria/.local/lib/python3.10/site-packages/airflow/example_dags/subdags/subdag.py
[2022-12-05T16:24:14.191+0100] {processor.py:755} WARNING - No viable dags retrieved from /home/andria/.local/lib/python3.10/site-packages/airflow/example_dags/subdags/subdag.py
[2022-12-05T16:24:14.205+0100] {processor.py:175} INFO - Processing /home/andria/.local/lib/python3.10/site-packages/airflow/example_dags/subdags/subdag.py took 0.028 seconds
[2022-12-05T16:25:02.806+0100] {processor.py:153} INFO - Started process (PID=329327) to work on /home/andria/.local/lib/python3.10/site-packages/airflow/example_dags/subdags/subdag.py
[2022-12-05T16:25:02.807+0100] {processor.py:743} INFO - Processing file /home/andria/.local/lib/python3.10/site-packages/airflow/example_dags/subdags/subdag.py for tasks to queue
[2022-12-05T16:25:02.808+0100] {logging_mixin.py:137} INFO - [2022-12-05T16:25:02.808+0100] {dagbag.py:538} INFO - Filling up the DagBag from /home/andria/.local/lib/python3.10/site-packages/airflow/example_dags/subdags/subdag.py
[2022-12-05T16:25:02.815+0100] {processor.py:755} WARNING - No viable dags retrieved from /home/andria/.local/lib/python3.10/site-packages/airflow/example_dags/subdags/subdag.py
[2022-12-05T16:25:02.830+0100] {processor.py:175} INFO - Processing /home/andria/.local/lib/python3.10/site-packages/airflow/example_dags/subdags/subdag.py took 0.028 seconds
[2022-12-05T16:25:51.142+0100] {processor.py:153} INFO - Started process (PID=329399) to work on /home/andria/.local/lib/python3.10/site-packages/airflow/example_dags/subdags/subdag.py
[2022-12-05T16:25:51.144+0100] {processor.py:743} INFO - Processing file /home/andria/.local/lib/python3.10/site-packages/airflow/example_dags/subdags/subdag.py for tasks to queue
[2022-12-05T16:25:51.144+0100] {logging_mixin.py:137} INFO - [2022-12-05T16:25:51.144+0100] {dagbag.py:538} INFO - Filling up the DagBag from /home/andria/.local/lib/python3.10/site-packages/airflow/example_dags/subdags/subdag.py
[2022-12-05T16:25:51.149+0100] {processor.py:755} WARNING - No viable dags retrieved from /home/andria/.local/lib/python3.10/site-packages/airflow/example_dags/subdags/subdag.py
[2022-12-05T16:25:51.160+0100] {processor.py:175} INFO - Processing /home/andria/.local/lib/python3.10/site-packages/airflow/example_dags/subdags/subdag.py took 0.021 seconds
[2022-12-05T16:26:43.311+0100] {processor.py:153} INFO - Started process (PID=329464) to work on /home/andria/.local/lib/python3.10/site-packages/airflow/example_dags/subdags/subdag.py
[2022-12-05T16:26:43.313+0100] {processor.py:743} INFO - Processing file /home/andria/.local/lib/python3.10/site-packages/airflow/example_dags/subdags/subdag.py for tasks to queue
[2022-12-05T16:26:43.314+0100] {logging_mixin.py:137} INFO - [2022-12-05T16:26:43.314+0100] {dagbag.py:538} INFO - Filling up the DagBag from /home/andria/.local/lib/python3.10/site-packages/airflow/example_dags/subdags/subdag.py
[2022-12-05T16:26:43.320+0100] {processor.py:755} WARNING - No viable dags retrieved from /home/andria/.local/lib/python3.10/site-packages/airflow/example_dags/subdags/subdag.py
[2022-12-05T16:26:43.334+0100] {processor.py:175} INFO - Processing /home/andria/.local/lib/python3.10/site-packages/airflow/example_dags/subdags/subdag.py took 0.026 seconds
[2022-12-05T16:27:18.082+0100] {processor.py:153} INFO - Started process (PID=329514) to work on /home/andria/.local/lib/python3.10/site-packages/airflow/example_dags/subdags/subdag.py
[2022-12-05T16:27:18.084+0100] {processor.py:743} INFO - Processing file /home/andria/.local/lib/python3.10/site-packages/airflow/example_dags/subdags/subdag.py for tasks to queue
[2022-12-05T16:27:18.086+0100] {logging_mixin.py:137} INFO - [2022-12-05T16:27:18.085+0100] {dagbag.py:538} INFO - Filling up the DagBag from /home/andria/.local/lib/python3.10/site-packages/airflow/example_dags/subdags/subdag.py
[2022-12-05T16:27:18.092+0100] {processor.py:755} WARNING - No viable dags retrieved from /home/andria/.local/lib/python3.10/site-packages/airflow/example_dags/subdags/subdag.py
[2022-12-05T16:27:18.110+0100] {processor.py:175} INFO - Processing /home/andria/.local/lib/python3.10/site-packages/airflow/example_dags/subdags/subdag.py took 0.032 seconds
[2022-12-05T16:28:07.858+0100] {processor.py:153} INFO - Started process (PID=329575) to work on /home/andria/.local/lib/python3.10/site-packages/airflow/example_dags/subdags/subdag.py
[2022-12-05T16:28:07.859+0100] {processor.py:743} INFO - Processing file /home/andria/.local/lib/python3.10/site-packages/airflow/example_dags/subdags/subdag.py for tasks to queue
[2022-12-05T16:28:07.860+0100] {logging_mixin.py:137} INFO - [2022-12-05T16:28:07.860+0100] {dagbag.py:538} INFO - Filling up the DagBag from /home/andria/.local/lib/python3.10/site-packages/airflow/example_dags/subdags/subdag.py
[2022-12-05T16:28:07.864+0100] {processor.py:755} WARNING - No viable dags retrieved from /home/andria/.local/lib/python3.10/site-packages/airflow/example_dags/subdags/subdag.py
[2022-12-05T16:28:07.876+0100] {processor.py:175} INFO - Processing /home/andria/.local/lib/python3.10/site-packages/airflow/example_dags/subdags/subdag.py took 0.022 seconds
[2022-12-05T16:28:56.508+0100] {processor.py:153} INFO - Started process (PID=329726) to work on /home/andria/.local/lib/python3.10/site-packages/airflow/example_dags/subdags/subdag.py
[2022-12-05T16:28:56.510+0100] {processor.py:743} INFO - Processing file /home/andria/.local/lib/python3.10/site-packages/airflow/example_dags/subdags/subdag.py for tasks to queue
[2022-12-05T16:28:56.511+0100] {logging_mixin.py:137} INFO - [2022-12-05T16:28:56.511+0100] {dagbag.py:538} INFO - Filling up the DagBag from /home/andria/.local/lib/python3.10/site-packages/airflow/example_dags/subdags/subdag.py
[2022-12-05T16:28:56.516+0100] {processor.py:755} WARNING - No viable dags retrieved from /home/andria/.local/lib/python3.10/site-packages/airflow/example_dags/subdags/subdag.py
[2022-12-05T16:28:56.531+0100] {processor.py:175} INFO - Processing /home/andria/.local/lib/python3.10/site-packages/airflow/example_dags/subdags/subdag.py took 0.028 seconds
[2022-12-05T16:29:47.677+0100] {processor.py:153} INFO - Started process (PID=329789) to work on /home/andria/.local/lib/python3.10/site-packages/airflow/example_dags/subdags/subdag.py
[2022-12-05T16:29:47.679+0100] {processor.py:743} INFO - Processing file /home/andria/.local/lib/python3.10/site-packages/airflow/example_dags/subdags/subdag.py for tasks to queue
[2022-12-05T16:29:47.680+0100] {logging_mixin.py:137} INFO - [2022-12-05T16:29:47.680+0100] {dagbag.py:538} INFO - Filling up the DagBag from /home/andria/.local/lib/python3.10/site-packages/airflow/example_dags/subdags/subdag.py
[2022-12-05T16:29:47.685+0100] {processor.py:755} WARNING - No viable dags retrieved from /home/andria/.local/lib/python3.10/site-packages/airflow/example_dags/subdags/subdag.py
[2022-12-05T16:29:47.700+0100] {processor.py:175} INFO - Processing /home/andria/.local/lib/python3.10/site-packages/airflow/example_dags/subdags/subdag.py took 0.028 seconds
[2022-12-05T16:30:34.927+0100] {processor.py:153} INFO - Started process (PID=329852) to work on /home/andria/.local/lib/python3.10/site-packages/airflow/example_dags/subdags/subdag.py
[2022-12-05T16:30:34.929+0100] {processor.py:743} INFO - Processing file /home/andria/.local/lib/python3.10/site-packages/airflow/example_dags/subdags/subdag.py for tasks to queue
[2022-12-05T16:30:34.930+0100] {logging_mixin.py:137} INFO - [2022-12-05T16:30:34.930+0100] {dagbag.py:538} INFO - Filling up the DagBag from /home/andria/.local/lib/python3.10/site-packages/airflow/example_dags/subdags/subdag.py
[2022-12-05T16:30:34.940+0100] {processor.py:755} WARNING - No viable dags retrieved from /home/andria/.local/lib/python3.10/site-packages/airflow/example_dags/subdags/subdag.py
[2022-12-05T16:30:34.953+0100] {processor.py:175} INFO - Processing /home/andria/.local/lib/python3.10/site-packages/airflow/example_dags/subdags/subdag.py took 0.031 seconds
[2022-12-05T16:30:59.575+0100] {processor.py:153} INFO - Started process (PID=329880) to work on /home/andria/.local/lib/python3.10/site-packages/airflow/example_dags/subdags/subdag.py
[2022-12-05T16:30:59.578+0100] {processor.py:743} INFO - Processing file /home/andria/.local/lib/python3.10/site-packages/airflow/example_dags/subdags/subdag.py for tasks to queue
[2022-12-05T16:30:59.579+0100] {logging_mixin.py:137} INFO - [2022-12-05T16:30:59.579+0100] {dagbag.py:538} INFO - Filling up the DagBag from /home/andria/.local/lib/python3.10/site-packages/airflow/example_dags/subdags/subdag.py
[2022-12-05T16:30:59.589+0100] {processor.py:755} WARNING - No viable dags retrieved from /home/andria/.local/lib/python3.10/site-packages/airflow/example_dags/subdags/subdag.py
[2022-12-05T16:30:59.604+0100] {processor.py:175} INFO - Processing /home/andria/.local/lib/python3.10/site-packages/airflow/example_dags/subdags/subdag.py took 0.037 seconds
[2022-12-05T16:42:34.251+0100] {processor.py:153} INFO - Started process (PID=330390) to work on /home/andria/.local/lib/python3.10/site-packages/airflow/example_dags/subdags/subdag.py
[2022-12-05T16:42:34.258+0100] {processor.py:743} INFO - Processing file /home/andria/.local/lib/python3.10/site-packages/airflow/example_dags/subdags/subdag.py for tasks to queue
[2022-12-05T16:42:34.259+0100] {logging_mixin.py:137} INFO - [2022-12-05T16:42:34.259+0100] {dagbag.py:538} INFO - Filling up the DagBag from /home/andria/.local/lib/python3.10/site-packages/airflow/example_dags/subdags/subdag.py
[2022-12-05T16:42:34.266+0100] {processor.py:755} WARNING - No viable dags retrieved from /home/andria/.local/lib/python3.10/site-packages/airflow/example_dags/subdags/subdag.py
[2022-12-05T16:42:34.286+0100] {processor.py:175} INFO - Processing /home/andria/.local/lib/python3.10/site-packages/airflow/example_dags/subdags/subdag.py took 0.039 seconds
[2022-12-05T16:43:16.973+0100] {processor.py:153} INFO - Started process (PID=330438) to work on /home/andria/.local/lib/python3.10/site-packages/airflow/example_dags/subdags/subdag.py
[2022-12-05T16:43:16.975+0100] {processor.py:743} INFO - Processing file /home/andria/.local/lib/python3.10/site-packages/airflow/example_dags/subdags/subdag.py for tasks to queue
[2022-12-05T16:43:16.976+0100] {logging_mixin.py:137} INFO - [2022-12-05T16:43:16.976+0100] {dagbag.py:538} INFO - Filling up the DagBag from /home/andria/.local/lib/python3.10/site-packages/airflow/example_dags/subdags/subdag.py
[2022-12-05T16:43:16.980+0100] {processor.py:755} WARNING - No viable dags retrieved from /home/andria/.local/lib/python3.10/site-packages/airflow/example_dags/subdags/subdag.py
[2022-12-05T16:43:16.999+0100] {processor.py:175} INFO - Processing /home/andria/.local/lib/python3.10/site-packages/airflow/example_dags/subdags/subdag.py took 0.032 seconds
[2022-12-05T16:44:00.061+0100] {processor.py:153} INFO - Started process (PID=330542) to work on /home/andria/.local/lib/python3.10/site-packages/airflow/example_dags/subdags/subdag.py
[2022-12-05T16:44:00.062+0100] {processor.py:743} INFO - Processing file /home/andria/.local/lib/python3.10/site-packages/airflow/example_dags/subdags/subdag.py for tasks to queue
[2022-12-05T16:44:00.063+0100] {logging_mixin.py:137} INFO - [2022-12-05T16:44:00.063+0100] {dagbag.py:538} INFO - Filling up the DagBag from /home/andria/.local/lib/python3.10/site-packages/airflow/example_dags/subdags/subdag.py
[2022-12-05T16:44:00.068+0100] {processor.py:755} WARNING - No viable dags retrieved from /home/andria/.local/lib/python3.10/site-packages/airflow/example_dags/subdags/subdag.py
[2022-12-05T16:44:00.083+0100] {processor.py:175} INFO - Processing /home/andria/.local/lib/python3.10/site-packages/airflow/example_dags/subdags/subdag.py took 0.026 seconds
[2022-12-05T16:44:41.808+0100] {processor.py:153} INFO - Started process (PID=330588) to work on /home/andria/.local/lib/python3.10/site-packages/airflow/example_dags/subdags/subdag.py
[2022-12-05T16:44:41.811+0100] {processor.py:743} INFO - Processing file /home/andria/.local/lib/python3.10/site-packages/airflow/example_dags/subdags/subdag.py for tasks to queue
[2022-12-05T16:44:41.812+0100] {logging_mixin.py:137} INFO - [2022-12-05T16:44:41.812+0100] {dagbag.py:538} INFO - Filling up the DagBag from /home/andria/.local/lib/python3.10/site-packages/airflow/example_dags/subdags/subdag.py
[2022-12-05T16:44:41.816+0100] {processor.py:755} WARNING - No viable dags retrieved from /home/andria/.local/lib/python3.10/site-packages/airflow/example_dags/subdags/subdag.py
[2022-12-05T16:44:41.835+0100] {processor.py:175} INFO - Processing /home/andria/.local/lib/python3.10/site-packages/airflow/example_dags/subdags/subdag.py took 0.033 seconds
[2022-12-05T16:45:22.418+0100] {processor.py:153} INFO - Started process (PID=330640) to work on /home/andria/.local/lib/python3.10/site-packages/airflow/example_dags/subdags/subdag.py
[2022-12-05T16:45:22.419+0100] {processor.py:743} INFO - Processing file /home/andria/.local/lib/python3.10/site-packages/airflow/example_dags/subdags/subdag.py for tasks to queue
[2022-12-05T16:45:22.421+0100] {logging_mixin.py:137} INFO - [2022-12-05T16:45:22.420+0100] {dagbag.py:538} INFO - Filling up the DagBag from /home/andria/.local/lib/python3.10/site-packages/airflow/example_dags/subdags/subdag.py
[2022-12-05T16:45:22.425+0100] {processor.py:755} WARNING - No viable dags retrieved from /home/andria/.local/lib/python3.10/site-packages/airflow/example_dags/subdags/subdag.py
[2022-12-05T16:45:22.441+0100] {processor.py:175} INFO - Processing /home/andria/.local/lib/python3.10/site-packages/airflow/example_dags/subdags/subdag.py took 0.028 seconds
[2022-12-05T16:46:03.180+0100] {processor.py:153} INFO - Started process (PID=330719) to work on /home/andria/.local/lib/python3.10/site-packages/airflow/example_dags/subdags/subdag.py
[2022-12-05T16:46:03.183+0100] {processor.py:743} INFO - Processing file /home/andria/.local/lib/python3.10/site-packages/airflow/example_dags/subdags/subdag.py for tasks to queue
[2022-12-05T16:46:03.185+0100] {logging_mixin.py:137} INFO - [2022-12-05T16:46:03.185+0100] {dagbag.py:538} INFO - Filling up the DagBag from /home/andria/.local/lib/python3.10/site-packages/airflow/example_dags/subdags/subdag.py
[2022-12-05T16:46:03.191+0100] {processor.py:755} WARNING - No viable dags retrieved from /home/andria/.local/lib/python3.10/site-packages/airflow/example_dags/subdags/subdag.py
[2022-12-05T16:46:03.211+0100] {processor.py:175} INFO - Processing /home/andria/.local/lib/python3.10/site-packages/airflow/example_dags/subdags/subdag.py took 0.040 seconds
[2022-12-05T16:46:50.362+0100] {processor.py:153} INFO - Started process (PID=330782) to work on /home/andria/.local/lib/python3.10/site-packages/airflow/example_dags/subdags/subdag.py
[2022-12-05T16:46:50.365+0100] {processor.py:743} INFO - Processing file /home/andria/.local/lib/python3.10/site-packages/airflow/example_dags/subdags/subdag.py for tasks to queue
[2022-12-05T16:46:50.367+0100] {logging_mixin.py:137} INFO - [2022-12-05T16:46:50.366+0100] {dagbag.py:538} INFO - Filling up the DagBag from /home/andria/.local/lib/python3.10/site-packages/airflow/example_dags/subdags/subdag.py
[2022-12-05T16:46:50.373+0100] {processor.py:755} WARNING - No viable dags retrieved from /home/andria/.local/lib/python3.10/site-packages/airflow/example_dags/subdags/subdag.py
[2022-12-05T16:46:50.389+0100] {processor.py:175} INFO - Processing /home/andria/.local/lib/python3.10/site-packages/airflow/example_dags/subdags/subdag.py took 0.031 seconds
[2022-12-05T16:47:34.953+0100] {processor.py:153} INFO - Started process (PID=330830) to work on /home/andria/.local/lib/python3.10/site-packages/airflow/example_dags/subdags/subdag.py
[2022-12-05T16:47:34.955+0100] {processor.py:743} INFO - Processing file /home/andria/.local/lib/python3.10/site-packages/airflow/example_dags/subdags/subdag.py for tasks to queue
[2022-12-05T16:47:34.956+0100] {logging_mixin.py:137} INFO - [2022-12-05T16:47:34.956+0100] {dagbag.py:538} INFO - Filling up the DagBag from /home/andria/.local/lib/python3.10/site-packages/airflow/example_dags/subdags/subdag.py
[2022-12-05T16:47:34.962+0100] {processor.py:755} WARNING - No viable dags retrieved from /home/andria/.local/lib/python3.10/site-packages/airflow/example_dags/subdags/subdag.py
[2022-12-05T16:47:34.976+0100] {processor.py:175} INFO - Processing /home/andria/.local/lib/python3.10/site-packages/airflow/example_dags/subdags/subdag.py took 0.028 seconds
[2022-12-05T16:48:06.986+0100] {processor.py:153} INFO - Started process (PID=330862) to work on /home/andria/.local/lib/python3.10/site-packages/airflow/example_dags/subdags/subdag.py
[2022-12-05T16:48:06.988+0100] {processor.py:743} INFO - Processing file /home/andria/.local/lib/python3.10/site-packages/airflow/example_dags/subdags/subdag.py for tasks to queue
[2022-12-05T16:48:06.989+0100] {logging_mixin.py:137} INFO - [2022-12-05T16:48:06.988+0100] {dagbag.py:538} INFO - Filling up the DagBag from /home/andria/.local/lib/python3.10/site-packages/airflow/example_dags/subdags/subdag.py
[2022-12-05T16:48:06.993+0100] {processor.py:755} WARNING - No viable dags retrieved from /home/andria/.local/lib/python3.10/site-packages/airflow/example_dags/subdags/subdag.py
[2022-12-05T16:48:07.017+0100] {processor.py:175} INFO - Processing /home/andria/.local/lib/python3.10/site-packages/airflow/example_dags/subdags/subdag.py took 0.036 seconds
[2022-12-05T16:48:51.185+0100] {processor.py:153} INFO - Started process (PID=330941) to work on /home/andria/.local/lib/python3.10/site-packages/airflow/example_dags/subdags/subdag.py
[2022-12-05T16:48:51.186+0100] {processor.py:743} INFO - Processing file /home/andria/.local/lib/python3.10/site-packages/airflow/example_dags/subdags/subdag.py for tasks to queue
[2022-12-05T16:48:51.187+0100] {logging_mixin.py:137} INFO - [2022-12-05T16:48:51.187+0100] {dagbag.py:538} INFO - Filling up the DagBag from /home/andria/.local/lib/python3.10/site-packages/airflow/example_dags/subdags/subdag.py
[2022-12-05T16:48:51.191+0100] {processor.py:755} WARNING - No viable dags retrieved from /home/andria/.local/lib/python3.10/site-packages/airflow/example_dags/subdags/subdag.py
[2022-12-05T16:48:51.204+0100] {processor.py:175} INFO - Processing /home/andria/.local/lib/python3.10/site-packages/airflow/example_dags/subdags/subdag.py took 0.024 seconds
[2022-12-05T16:57:51.691+0100] {processor.py:153} INFO - Started process (PID=331313) to work on /home/andria/.local/lib/python3.10/site-packages/airflow/example_dags/subdags/subdag.py
[2022-12-05T16:57:51.693+0100] {processor.py:743} INFO - Processing file /home/andria/.local/lib/python3.10/site-packages/airflow/example_dags/subdags/subdag.py for tasks to queue
[2022-12-05T16:57:51.694+0100] {logging_mixin.py:137} INFO - [2022-12-05T16:57:51.693+0100] {dagbag.py:538} INFO - Filling up the DagBag from /home/andria/.local/lib/python3.10/site-packages/airflow/example_dags/subdags/subdag.py
[2022-12-05T16:57:51.699+0100] {processor.py:755} WARNING - No viable dags retrieved from /home/andria/.local/lib/python3.10/site-packages/airflow/example_dags/subdags/subdag.py
[2022-12-05T16:57:51.714+0100] {processor.py:175} INFO - Processing /home/andria/.local/lib/python3.10/site-packages/airflow/example_dags/subdags/subdag.py took 0.027 seconds
[2022-12-05T16:58:37.614+0100] {processor.py:153} INFO - Started process (PID=331388) to work on /home/andria/.local/lib/python3.10/site-packages/airflow/example_dags/subdags/subdag.py
[2022-12-05T16:58:37.615+0100] {processor.py:743} INFO - Processing file /home/andria/.local/lib/python3.10/site-packages/airflow/example_dags/subdags/subdag.py for tasks to queue
[2022-12-05T16:58:37.616+0100] {logging_mixin.py:137} INFO - [2022-12-05T16:58:37.616+0100] {dagbag.py:538} INFO - Filling up the DagBag from /home/andria/.local/lib/python3.10/site-packages/airflow/example_dags/subdags/subdag.py
[2022-12-05T16:58:37.621+0100] {processor.py:755} WARNING - No viable dags retrieved from /home/andria/.local/lib/python3.10/site-packages/airflow/example_dags/subdags/subdag.py
[2022-12-05T16:58:37.638+0100] {processor.py:175} INFO - Processing /home/andria/.local/lib/python3.10/site-packages/airflow/example_dags/subdags/subdag.py took 0.030 seconds
[2022-12-05T16:59:23.305+0100] {processor.py:153} INFO - Started process (PID=331439) to work on /home/andria/.local/lib/python3.10/site-packages/airflow/example_dags/subdags/subdag.py
[2022-12-05T16:59:23.309+0100] {processor.py:743} INFO - Processing file /home/andria/.local/lib/python3.10/site-packages/airflow/example_dags/subdags/subdag.py for tasks to queue
[2022-12-05T16:59:23.310+0100] {logging_mixin.py:137} INFO - [2022-12-05T16:59:23.310+0100] {dagbag.py:538} INFO - Filling up the DagBag from /home/andria/.local/lib/python3.10/site-packages/airflow/example_dags/subdags/subdag.py
[2022-12-05T16:59:23.318+0100] {processor.py:755} WARNING - No viable dags retrieved from /home/andria/.local/lib/python3.10/site-packages/airflow/example_dags/subdags/subdag.py
[2022-12-05T16:59:23.334+0100] {processor.py:175} INFO - Processing /home/andria/.local/lib/python3.10/site-packages/airflow/example_dags/subdags/subdag.py took 0.034 seconds
[2022-12-05T17:12:33.229+0100] {processor.py:153} INFO - Started process (PID=332063) to work on /home/andria/.local/lib/python3.10/site-packages/airflow/example_dags/subdags/subdag.py
[2022-12-05T17:12:33.231+0100] {processor.py:743} INFO - Processing file /home/andria/.local/lib/python3.10/site-packages/airflow/example_dags/subdags/subdag.py for tasks to queue
[2022-12-05T17:12:33.231+0100] {logging_mixin.py:137} INFO - [2022-12-05T17:12:33.231+0100] {dagbag.py:538} INFO - Filling up the DagBag from /home/andria/.local/lib/python3.10/site-packages/airflow/example_dags/subdags/subdag.py
[2022-12-05T17:12:33.236+0100] {processor.py:755} WARNING - No viable dags retrieved from /home/andria/.local/lib/python3.10/site-packages/airflow/example_dags/subdags/subdag.py
[2022-12-05T17:12:33.249+0100] {processor.py:175} INFO - Processing /home/andria/.local/lib/python3.10/site-packages/airflow/example_dags/subdags/subdag.py took 0.025 seconds
