[2022-12-05T16:18:30.167+0100] {processor.py:153} INFO - Started process (PID=328575) to work on /home/andria/airflow/dags/demo.py
[2022-12-05T16:18:30.169+0100] {processor.py:743} INFO - Processing file /home/andria/airflow/dags/demo.py for tasks to queue
[2022-12-05T16:18:30.171+0100] {logging_mixin.py:137} INFO - [2022-12-05T16:18:30.170+0100] {dagbag.py:538} INFO - Filling up the DagBag from /home/andria/airflow/dags/demo.py
[2022-12-05T16:18:30.208+0100] {processor.py:753} INFO - DAG(s) dict_keys(['demo']) retrieved from /home/andria/airflow/dags/demo.py
[2022-12-05T16:18:30.349+0100] {logging_mixin.py:137} INFO - [2022-12-05T16:18:30.349+0100] {manager.py:504} INFO - Created Permission View: can delete on DAG:demo
[2022-12-05T16:18:30.360+0100] {logging_mixin.py:137} INFO - [2022-12-05T16:18:30.359+0100] {manager.py:504} INFO - Created Permission View: can edit on DAG:demo
[2022-12-05T16:18:30.368+0100] {logging_mixin.py:137} INFO - [2022-12-05T16:18:30.368+0100] {manager.py:504} INFO - Created Permission View: can read on DAG:demo
[2022-12-05T16:18:30.369+0100] {logging_mixin.py:137} INFO - [2022-12-05T16:18:30.368+0100] {dag.py:2676} INFO - Sync 1 DAGs
[2022-12-05T16:18:30.382+0100] {logging_mixin.py:137} INFO - [2022-12-05T16:18:30.381+0100] {dag.py:2697} INFO - Creating ORM DAG for demo
[2022-12-05T16:18:30.394+0100] {logging_mixin.py:137} INFO - [2022-12-05T16:18:30.394+0100] {dag.py:3423} INFO - Setting next_dagrun for demo to 2022-01-01T00:00:00+00:00, run_after=2022-01-02T00:00:00+00:00
[2022-12-05T16:18:30.414+0100] {processor.py:175} INFO - Processing /home/andria/airflow/dags/demo.py took 0.251 seconds
[2022-12-05T16:19:16.294+0100] {processor.py:153} INFO - Started process (PID=328663) to work on /home/andria/airflow/dags/demo.py
[2022-12-05T16:19:16.298+0100] {processor.py:743} INFO - Processing file /home/andria/airflow/dags/demo.py for tasks to queue
[2022-12-05T16:19:16.299+0100] {logging_mixin.py:137} INFO - [2022-12-05T16:19:16.299+0100] {dagbag.py:538} INFO - Filling up the DagBag from /home/andria/airflow/dags/demo.py
[2022-12-05T16:19:16.344+0100] {processor.py:753} INFO - DAG(s) dict_keys(['demo']) retrieved from /home/andria/airflow/dags/demo.py
[2022-12-05T16:19:16.411+0100] {logging_mixin.py:137} INFO - [2022-12-05T16:19:16.411+0100] {dag.py:2676} INFO - Sync 1 DAGs
[2022-12-05T16:19:16.449+0100] {logging_mixin.py:137} INFO - [2022-12-05T16:19:16.449+0100] {dag.py:3423} INFO - Setting next_dagrun for demo to 2022-01-01T00:00:00+00:00, run_after=2022-01-02T00:00:00+00:00
[2022-12-05T16:19:16.471+0100] {processor.py:175} INFO - Processing /home/andria/airflow/dags/demo.py took 0.183 seconds
[2022-12-05T16:20:05.074+0100] {processor.py:153} INFO - Started process (PID=328743) to work on /home/andria/airflow/dags/demo.py
[2022-12-05T16:20:05.076+0100] {processor.py:743} INFO - Processing file /home/andria/airflow/dags/demo.py for tasks to queue
[2022-12-05T16:20:05.077+0100] {logging_mixin.py:137} INFO - [2022-12-05T16:20:05.076+0100] {dagbag.py:538} INFO - Filling up the DagBag from /home/andria/airflow/dags/demo.py
[2022-12-05T16:20:05.117+0100] {processor.py:753} INFO - DAG(s) dict_keys(['demo']) retrieved from /home/andria/airflow/dags/demo.py
[2022-12-05T16:20:05.154+0100] {logging_mixin.py:137} INFO - [2022-12-05T16:20:05.154+0100] {dag.py:2676} INFO - Sync 1 DAGs
[2022-12-05T16:20:05.178+0100] {logging_mixin.py:137} INFO - [2022-12-05T16:20:05.178+0100] {dag.py:3423} INFO - Setting next_dagrun for demo to 2022-01-01T00:00:00+00:00, run_after=2022-01-02T00:00:00+00:00
[2022-12-05T16:20:05.200+0100] {processor.py:175} INFO - Processing /home/andria/airflow/dags/demo.py took 0.131 seconds
[2022-12-05T16:20:54.143+0100] {processor.py:153} INFO - Started process (PID=328815) to work on /home/andria/airflow/dags/demo.py
[2022-12-05T16:20:54.144+0100] {processor.py:743} INFO - Processing file /home/andria/airflow/dags/demo.py for tasks to queue
[2022-12-05T16:20:54.145+0100] {logging_mixin.py:137} INFO - [2022-12-05T16:20:54.144+0100] {dagbag.py:538} INFO - Filling up the DagBag from /home/andria/airflow/dags/demo.py
[2022-12-05T16:20:54.176+0100] {processor.py:753} INFO - DAG(s) dict_keys(['demo']) retrieved from /home/andria/airflow/dags/demo.py
[2022-12-05T16:20:54.214+0100] {logging_mixin.py:137} INFO - [2022-12-05T16:20:54.214+0100] {dag.py:2676} INFO - Sync 1 DAGs
[2022-12-05T16:20:54.241+0100] {logging_mixin.py:137} INFO - [2022-12-05T16:20:54.240+0100] {dag.py:3423} INFO - Setting next_dagrun for demo to 2022-01-01T00:00:00+00:00, run_after=2022-01-02T00:00:00+00:00
[2022-12-05T16:20:54.264+0100] {processor.py:175} INFO - Processing /home/andria/airflow/dags/demo.py took 0.125 seconds
[2022-12-05T16:21:41.111+0100] {processor.py:153} INFO - Started process (PID=328884) to work on /home/andria/airflow/dags/demo.py
[2022-12-05T16:21:41.112+0100] {processor.py:743} INFO - Processing file /home/andria/airflow/dags/demo.py for tasks to queue
[2022-12-05T16:21:41.113+0100] {logging_mixin.py:137} INFO - [2022-12-05T16:21:41.113+0100] {dagbag.py:538} INFO - Filling up the DagBag from /home/andria/airflow/dags/demo.py
[2022-12-05T16:21:41.153+0100] {processor.py:753} INFO - DAG(s) dict_keys(['demo']) retrieved from /home/andria/airflow/dags/demo.py
[2022-12-05T16:21:41.189+0100] {logging_mixin.py:137} INFO - [2022-12-05T16:21:41.189+0100] {dag.py:2676} INFO - Sync 1 DAGs
[2022-12-05T16:21:41.215+0100] {logging_mixin.py:137} INFO - [2022-12-05T16:21:41.215+0100] {dag.py:3423} INFO - Setting next_dagrun for demo to 2022-01-01T00:00:00+00:00, run_after=2022-01-02T00:00:00+00:00
[2022-12-05T16:21:41.236+0100] {processor.py:175} INFO - Processing /home/andria/airflow/dags/demo.py took 0.130 seconds
[2022-12-05T16:22:30.689+0100] {processor.py:153} INFO - Started process (PID=329010) to work on /home/andria/airflow/dags/demo.py
[2022-12-05T16:22:30.690+0100] {processor.py:743} INFO - Processing file /home/andria/airflow/dags/demo.py for tasks to queue
[2022-12-05T16:22:30.691+0100] {logging_mixin.py:137} INFO - [2022-12-05T16:22:30.690+0100] {dagbag.py:538} INFO - Filling up the DagBag from /home/andria/airflow/dags/demo.py
[2022-12-05T16:22:30.722+0100] {processor.py:753} INFO - DAG(s) dict_keys(['demo']) retrieved from /home/andria/airflow/dags/demo.py
[2022-12-05T16:22:30.760+0100] {logging_mixin.py:137} INFO - [2022-12-05T16:22:30.760+0100] {dag.py:2676} INFO - Sync 1 DAGs
[2022-12-05T16:22:30.785+0100] {logging_mixin.py:137} INFO - [2022-12-05T16:22:30.785+0100] {dag.py:3423} INFO - Setting next_dagrun for demo to 2022-01-01T00:00:00+00:00, run_after=2022-01-02T00:00:00+00:00
[2022-12-05T16:22:30.806+0100] {processor.py:175} INFO - Processing /home/andria/airflow/dags/demo.py took 0.120 seconds
[2022-12-05T16:23:19.688+0100] {processor.py:153} INFO - Started process (PID=329105) to work on /home/andria/airflow/dags/demo.py
[2022-12-05T16:23:19.709+0100] {processor.py:743} INFO - Processing file /home/andria/airflow/dags/demo.py for tasks to queue
[2022-12-05T16:23:19.711+0100] {logging_mixin.py:137} INFO - [2022-12-05T16:23:19.710+0100] {dagbag.py:538} INFO - Filling up the DagBag from /home/andria/airflow/dags/demo.py
[2022-12-05T16:23:19.754+0100] {processor.py:753} INFO - DAG(s) dict_keys(['demo']) retrieved from /home/andria/airflow/dags/demo.py
[2022-12-05T16:23:19.795+0100] {logging_mixin.py:137} INFO - [2022-12-05T16:23:19.795+0100] {dag.py:2676} INFO - Sync 1 DAGs
[2022-12-05T16:23:19.820+0100] {logging_mixin.py:137} INFO - [2022-12-05T16:23:19.820+0100] {dag.py:3423} INFO - Setting next_dagrun for demo to 2022-01-01T00:00:00+00:00, run_after=2022-01-02T00:00:00+00:00
[2022-12-05T16:23:19.841+0100] {processor.py:175} INFO - Processing /home/andria/airflow/dags/demo.py took 0.158 seconds
[2022-12-05T16:24:04.247+0100] {processor.py:153} INFO - Started process (PID=329199) to work on /home/andria/airflow/dags/demo.py
[2022-12-05T16:24:04.248+0100] {processor.py:743} INFO - Processing file /home/andria/airflow/dags/demo.py for tasks to queue
[2022-12-05T16:24:04.249+0100] {logging_mixin.py:137} INFO - [2022-12-05T16:24:04.249+0100] {dagbag.py:538} INFO - Filling up the DagBag from /home/andria/airflow/dags/demo.py
[2022-12-05T16:24:04.283+0100] {processor.py:753} INFO - DAG(s) dict_keys(['demo']) retrieved from /home/andria/airflow/dags/demo.py
[2022-12-05T16:24:04.321+0100] {logging_mixin.py:137} INFO - [2022-12-05T16:24:04.321+0100] {dag.py:2676} INFO - Sync 1 DAGs
[2022-12-05T16:24:04.346+0100] {logging_mixin.py:137} INFO - [2022-12-05T16:24:04.346+0100] {dag.py:3423} INFO - Setting next_dagrun for demo to 2022-01-01T00:00:00+00:00, run_after=2022-01-02T00:00:00+00:00
[2022-12-05T16:24:04.367+0100] {processor.py:175} INFO - Processing /home/andria/airflow/dags/demo.py took 0.126 seconds
[2022-12-05T16:24:55.120+0100] {processor.py:153} INFO - Started process (PID=329313) to work on /home/andria/airflow/dags/demo.py
[2022-12-05T16:24:55.122+0100] {processor.py:743} INFO - Processing file /home/andria/airflow/dags/demo.py for tasks to queue
[2022-12-05T16:24:55.123+0100] {logging_mixin.py:137} INFO - [2022-12-05T16:24:55.123+0100] {dagbag.py:538} INFO - Filling up the DagBag from /home/andria/airflow/dags/demo.py
[2022-12-05T16:24:55.163+0100] {processor.py:753} INFO - DAG(s) dict_keys(['demo']) retrieved from /home/andria/airflow/dags/demo.py
[2022-12-05T16:24:55.199+0100] {logging_mixin.py:137} INFO - [2022-12-05T16:24:55.199+0100] {dag.py:2676} INFO - Sync 1 DAGs
[2022-12-05T16:24:55.223+0100] {logging_mixin.py:137} INFO - [2022-12-05T16:24:55.223+0100] {dag.py:3423} INFO - Setting next_dagrun for demo to 2022-01-01T00:00:00+00:00, run_after=2022-01-02T00:00:00+00:00
[2022-12-05T16:24:55.245+0100] {processor.py:175} INFO - Processing /home/andria/airflow/dags/demo.py took 0.129 seconds
[2022-12-05T16:25:43.585+0100] {processor.py:153} INFO - Started process (PID=329389) to work on /home/andria/airflow/dags/demo.py
[2022-12-05T16:25:43.586+0100] {processor.py:743} INFO - Processing file /home/andria/airflow/dags/demo.py for tasks to queue
[2022-12-05T16:25:43.586+0100] {logging_mixin.py:137} INFO - [2022-12-05T16:25:43.586+0100] {dagbag.py:538} INFO - Filling up the DagBag from /home/andria/airflow/dags/demo.py
[2022-12-05T16:25:43.619+0100] {processor.py:753} INFO - DAG(s) dict_keys(['demo']) retrieved from /home/andria/airflow/dags/demo.py
[2022-12-05T16:25:43.656+0100] {logging_mixin.py:137} INFO - [2022-12-05T16:25:43.656+0100] {dag.py:2676} INFO - Sync 1 DAGs
[2022-12-05T16:25:43.683+0100] {logging_mixin.py:137} INFO - [2022-12-05T16:25:43.683+0100] {dag.py:3423} INFO - Setting next_dagrun for demo to 2022-01-01T00:00:00+00:00, run_after=2022-01-02T00:00:00+00:00
[2022-12-05T16:25:43.706+0100] {processor.py:175} INFO - Processing /home/andria/airflow/dags/demo.py took 0.125 seconds
[2022-12-05T16:26:35.784+0100] {processor.py:153} INFO - Started process (PID=329457) to work on /home/andria/airflow/dags/demo.py
[2022-12-05T16:26:35.786+0100] {processor.py:743} INFO - Processing file /home/andria/airflow/dags/demo.py for tasks to queue
[2022-12-05T16:26:35.787+0100] {logging_mixin.py:137} INFO - [2022-12-05T16:26:35.787+0100] {dagbag.py:538} INFO - Filling up the DagBag from /home/andria/airflow/dags/demo.py
[2022-12-05T16:26:35.829+0100] {processor.py:753} INFO - DAG(s) dict_keys(['demo']) retrieved from /home/andria/airflow/dags/demo.py
[2022-12-05T16:26:35.866+0100] {logging_mixin.py:137} INFO - [2022-12-05T16:26:35.866+0100] {dag.py:2676} INFO - Sync 1 DAGs
[2022-12-05T16:26:35.893+0100] {logging_mixin.py:137} INFO - [2022-12-05T16:26:35.893+0100] {dag.py:3423} INFO - Setting next_dagrun for demo to 2022-01-01T00:00:00+00:00, run_after=2022-01-02T00:00:00+00:00
[2022-12-05T16:26:35.916+0100] {processor.py:175} INFO - Processing /home/andria/airflow/dags/demo.py took 0.136 seconds
[2022-12-05T16:27:28.228+0100] {processor.py:153} INFO - Started process (PID=329524) to work on /home/andria/airflow/dags/demo.py
[2022-12-05T16:27:28.229+0100] {processor.py:743} INFO - Processing file /home/andria/airflow/dags/demo.py for tasks to queue
[2022-12-05T16:27:28.230+0100] {logging_mixin.py:137} INFO - [2022-12-05T16:27:28.230+0100] {dagbag.py:538} INFO - Filling up the DagBag from /home/andria/airflow/dags/demo.py
[2022-12-05T16:27:28.270+0100] {processor.py:753} INFO - DAG(s) dict_keys(['demo']) retrieved from /home/andria/airflow/dags/demo.py
[2022-12-05T16:27:28.307+0100] {logging_mixin.py:137} INFO - [2022-12-05T16:27:28.307+0100] {dag.py:2676} INFO - Sync 1 DAGs
[2022-12-05T16:27:28.331+0100] {logging_mixin.py:137} INFO - [2022-12-05T16:27:28.331+0100] {dag.py:3423} INFO - Setting next_dagrun for demo to 2022-01-01T00:00:00+00:00, run_after=2022-01-02T00:00:00+00:00
[2022-12-05T16:27:28.353+0100] {processor.py:175} INFO - Processing /home/andria/airflow/dags/demo.py took 0.129 seconds
[2022-12-05T16:28:18.010+0100] {processor.py:153} INFO - Started process (PID=329587) to work on /home/andria/airflow/dags/demo.py
[2022-12-05T16:28:18.012+0100] {processor.py:743} INFO - Processing file /home/andria/airflow/dags/demo.py for tasks to queue
[2022-12-05T16:28:18.013+0100] {logging_mixin.py:137} INFO - [2022-12-05T16:28:18.013+0100] {dagbag.py:538} INFO - Filling up the DagBag from /home/andria/airflow/dags/demo.py
[2022-12-05T16:28:18.047+0100] {processor.py:753} INFO - DAG(s) dict_keys(['demo']) retrieved from /home/andria/airflow/dags/demo.py
[2022-12-05T16:28:18.087+0100] {logging_mixin.py:137} INFO - [2022-12-05T16:28:18.087+0100] {dag.py:2676} INFO - Sync 1 DAGs
[2022-12-05T16:28:18.112+0100] {logging_mixin.py:137} INFO - [2022-12-05T16:28:18.112+0100] {dag.py:3423} INFO - Setting next_dagrun for demo to 2022-01-01T00:00:00+00:00, run_after=2022-01-02T00:00:00+00:00
[2022-12-05T16:28:18.133+0100] {processor.py:175} INFO - Processing /home/andria/airflow/dags/demo.py took 0.127 seconds
[2022-12-05T16:29:07.622+0100] {processor.py:153} INFO - Started process (PID=329737) to work on /home/andria/airflow/dags/demo.py
[2022-12-05T16:29:07.623+0100] {processor.py:743} INFO - Processing file /home/andria/airflow/dags/demo.py for tasks to queue
[2022-12-05T16:29:07.624+0100] {logging_mixin.py:137} INFO - [2022-12-05T16:29:07.624+0100] {dagbag.py:538} INFO - Filling up the DagBag from /home/andria/airflow/dags/demo.py
[2022-12-05T16:29:07.667+0100] {processor.py:753} INFO - DAG(s) dict_keys(['demo']) retrieved from /home/andria/airflow/dags/demo.py
[2022-12-05T16:29:07.704+0100] {logging_mixin.py:137} INFO - [2022-12-05T16:29:07.704+0100] {dag.py:2676} INFO - Sync 1 DAGs
[2022-12-05T16:29:07.729+0100] {logging_mixin.py:137} INFO - [2022-12-05T16:29:07.728+0100] {dag.py:3423} INFO - Setting next_dagrun for demo to 2022-01-01T00:00:00+00:00, run_after=2022-01-02T00:00:00+00:00
[2022-12-05T16:29:07.756+0100] {processor.py:175} INFO - Processing /home/andria/airflow/dags/demo.py took 0.139 seconds
[2022-12-05T16:29:57.474+0100] {processor.py:153} INFO - Started process (PID=329801) to work on /home/andria/airflow/dags/demo.py
[2022-12-05T16:29:57.475+0100] {processor.py:743} INFO - Processing file /home/andria/airflow/dags/demo.py for tasks to queue
[2022-12-05T16:29:57.476+0100] {logging_mixin.py:137} INFO - [2022-12-05T16:29:57.476+0100] {dagbag.py:538} INFO - Filling up the DagBag from /home/andria/airflow/dags/demo.py
[2022-12-05T16:29:57.520+0100] {processor.py:753} INFO - DAG(s) dict_keys(['demo']) retrieved from /home/andria/airflow/dags/demo.py
[2022-12-05T16:29:57.556+0100] {logging_mixin.py:137} INFO - [2022-12-05T16:29:57.556+0100] {dag.py:2676} INFO - Sync 1 DAGs
[2022-12-05T16:29:57.581+0100] {logging_mixin.py:137} INFO - [2022-12-05T16:29:57.580+0100] {dag.py:3423} INFO - Setting next_dagrun for demo to 2022-01-01T00:00:00+00:00, run_after=2022-01-02T00:00:00+00:00
[2022-12-05T16:29:57.603+0100] {processor.py:175} INFO - Processing /home/andria/airflow/dags/demo.py took 0.134 seconds
[2022-12-05T16:43:05.475+0100] {processor.py:153} INFO - Started process (PID=330426) to work on /home/andria/airflow/dags/demo.py
[2022-12-05T16:43:05.476+0100] {processor.py:743} INFO - Processing file /home/andria/airflow/dags/demo.py for tasks to queue
[2022-12-05T16:43:05.477+0100] {logging_mixin.py:137} INFO - [2022-12-05T16:43:05.477+0100] {dagbag.py:538} INFO - Filling up the DagBag from /home/andria/airflow/dags/demo.py
[2022-12-05T16:43:05.521+0100] {processor.py:753} INFO - DAG(s) dict_keys(['demo']) retrieved from /home/andria/airflow/dags/demo.py
[2022-12-05T16:43:05.574+0100] {logging_mixin.py:137} INFO - [2022-12-05T16:43:05.574+0100] {dag.py:2676} INFO - Sync 1 DAGs
[2022-12-05T16:43:05.604+0100] {logging_mixin.py:137} INFO - [2022-12-05T16:43:05.604+0100] {dag.py:3423} INFO - Setting next_dagrun for demo to 2022-01-01T00:00:00+00:00, run_after=2022-01-02T00:00:00+00:00
[2022-12-05T16:43:05.634+0100] {processor.py:175} INFO - Processing /home/andria/airflow/dags/demo.py took 0.164 seconds
[2022-12-05T16:43:57.277+0100] {processor.py:153} INFO - Started process (PID=330539) to work on /home/andria/airflow/dags/demo.py
[2022-12-05T16:43:57.278+0100] {processor.py:743} INFO - Processing file /home/andria/airflow/dags/demo.py for tasks to queue
[2022-12-05T16:43:57.279+0100] {logging_mixin.py:137} INFO - [2022-12-05T16:43:57.279+0100] {dagbag.py:538} INFO - Filling up the DagBag from /home/andria/airflow/dags/demo.py
[2022-12-05T16:43:57.327+0100] {processor.py:753} INFO - DAG(s) dict_keys(['demo']) retrieved from /home/andria/airflow/dags/demo.py
[2022-12-05T16:43:57.384+0100] {logging_mixin.py:137} INFO - [2022-12-05T16:43:57.384+0100] {dag.py:2676} INFO - Sync 1 DAGs
[2022-12-05T16:43:57.426+0100] {logging_mixin.py:137} INFO - [2022-12-05T16:43:57.426+0100] {dag.py:3423} INFO - Setting next_dagrun for demo to 2022-01-01T00:00:00+00:00, run_after=2022-01-02T00:00:00+00:00
[2022-12-05T16:43:57.454+0100] {processor.py:175} INFO - Processing /home/andria/airflow/dags/demo.py took 0.181 seconds
[2022-12-05T16:44:52.459+0100] {processor.py:153} INFO - Started process (PID=330601) to work on /home/andria/airflow/dags/demo.py
[2022-12-05T16:44:52.461+0100] {processor.py:743} INFO - Processing file /home/andria/airflow/dags/demo.py for tasks to queue
[2022-12-05T16:44:52.462+0100] {logging_mixin.py:137} INFO - [2022-12-05T16:44:52.461+0100] {dagbag.py:538} INFO - Filling up the DagBag from /home/andria/airflow/dags/demo.py
[2022-12-05T16:44:52.509+0100] {processor.py:753} INFO - DAG(s) dict_keys(['demo']) retrieved from /home/andria/airflow/dags/demo.py
[2022-12-05T16:44:52.556+0100] {logging_mixin.py:137} INFO - [2022-12-05T16:44:52.555+0100] {dag.py:2676} INFO - Sync 1 DAGs
[2022-12-05T16:44:52.584+0100] {logging_mixin.py:137} INFO - [2022-12-05T16:44:52.584+0100] {dag.py:3423} INFO - Setting next_dagrun for demo to 2022-01-01T00:00:00+00:00, run_after=2022-01-02T00:00:00+00:00
[2022-12-05T16:44:52.622+0100] {processor.py:175} INFO - Processing /home/andria/airflow/dags/demo.py took 0.169 seconds
[2022-12-05T16:45:44.900+0100] {processor.py:153} INFO - Started process (PID=330697) to work on /home/andria/airflow/dags/demo.py
[2022-12-05T16:45:44.901+0100] {processor.py:743} INFO - Processing file /home/andria/airflow/dags/demo.py for tasks to queue
[2022-12-05T16:45:44.902+0100] {logging_mixin.py:137} INFO - [2022-12-05T16:45:44.902+0100] {dagbag.py:538} INFO - Filling up the DagBag from /home/andria/airflow/dags/demo.py
[2022-12-05T16:45:44.939+0100] {processor.py:753} INFO - DAG(s) dict_keys(['demo']) retrieved from /home/andria/airflow/dags/demo.py
[2022-12-05T16:45:44.991+0100] {logging_mixin.py:137} INFO - [2022-12-05T16:45:44.991+0100] {dag.py:2676} INFO - Sync 1 DAGs
[2022-12-05T16:45:45.039+0100] {logging_mixin.py:137} INFO - [2022-12-05T16:45:45.039+0100] {dag.py:3423} INFO - Setting next_dagrun for demo to 2022-01-01T00:00:00+00:00, run_after=2022-01-02T00:00:00+00:00
[2022-12-05T16:45:45.088+0100] {processor.py:175} INFO - Processing /home/andria/airflow/dags/demo.py took 0.194 seconds
[2022-12-05T16:46:31.487+0100] {processor.py:153} INFO - Started process (PID=330759) to work on /home/andria/airflow/dags/demo.py
[2022-12-05T16:46:31.488+0100] {processor.py:743} INFO - Processing file /home/andria/airflow/dags/demo.py for tasks to queue
[2022-12-05T16:46:31.489+0100] {logging_mixin.py:137} INFO - [2022-12-05T16:46:31.489+0100] {dagbag.py:538} INFO - Filling up the DagBag from /home/andria/airflow/dags/demo.py
[2022-12-05T16:46:31.532+0100] {processor.py:753} INFO - DAG(s) dict_keys(['demo']) retrieved from /home/andria/airflow/dags/demo.py
[2022-12-05T16:46:31.580+0100] {logging_mixin.py:137} INFO - [2022-12-05T16:46:31.580+0100] {dag.py:2676} INFO - Sync 1 DAGs
[2022-12-05T16:46:31.611+0100] {logging_mixin.py:137} INFO - [2022-12-05T16:46:31.610+0100] {dag.py:3423} INFO - Setting next_dagrun for demo to 2022-01-01T00:00:00+00:00, run_after=2022-01-02T00:00:00+00:00
[2022-12-05T16:46:31.644+0100] {processor.py:175} INFO - Processing /home/andria/airflow/dags/demo.py took 0.161 seconds
[2022-12-05T16:47:16.842+0100] {processor.py:153} INFO - Started process (PID=330812) to work on /home/andria/airflow/dags/demo.py
[2022-12-05T16:47:16.844+0100] {processor.py:743} INFO - Processing file /home/andria/airflow/dags/demo.py for tasks to queue
[2022-12-05T16:47:16.845+0100] {logging_mixin.py:137} INFO - [2022-12-05T16:47:16.845+0100] {dagbag.py:538} INFO - Filling up the DagBag from /home/andria/airflow/dags/demo.py
[2022-12-05T16:47:16.885+0100] {processor.py:753} INFO - DAG(s) dict_keys(['demo']) retrieved from /home/andria/airflow/dags/demo.py
[2022-12-05T16:47:16.924+0100] {logging_mixin.py:137} INFO - [2022-12-05T16:47:16.924+0100] {dag.py:2676} INFO - Sync 1 DAGs
[2022-12-05T16:47:16.949+0100] {logging_mixin.py:137} INFO - [2022-12-05T16:47:16.948+0100] {dag.py:3423} INFO - Setting next_dagrun for demo to 2022-01-01T00:00:00+00:00, run_after=2022-01-02T00:00:00+00:00
[2022-12-05T16:47:16.969+0100] {processor.py:175} INFO - Processing /home/andria/airflow/dags/demo.py took 0.131 seconds
[2022-12-05T16:48:39.749+0100] {processor.py:153} INFO - Started process (PID=330928) to work on /home/andria/airflow/dags/demo.py
[2022-12-05T16:48:39.753+0100] {processor.py:743} INFO - Processing file /home/andria/airflow/dags/demo.py for tasks to queue
[2022-12-05T16:48:39.754+0100] {logging_mixin.py:137} INFO - [2022-12-05T16:48:39.753+0100] {dagbag.py:538} INFO - Filling up the DagBag from /home/andria/airflow/dags/demo.py
[2022-12-05T16:48:39.826+0100] {processor.py:753} INFO - DAG(s) dict_keys(['demo']) retrieved from /home/andria/airflow/dags/demo.py
[2022-12-05T16:48:39.897+0100] {logging_mixin.py:137} INFO - [2022-12-05T16:48:39.896+0100] {dag.py:2676} INFO - Sync 1 DAGs
[2022-12-05T16:48:39.926+0100] {logging_mixin.py:137} INFO - [2022-12-05T16:48:39.925+0100] {dag.py:3423} INFO - Setting next_dagrun for demo to 2022-01-01T00:00:00+00:00, run_after=2022-01-02T00:00:00+00:00
[2022-12-05T16:48:39.952+0100] {processor.py:175} INFO - Processing /home/andria/airflow/dags/demo.py took 0.227 seconds
[2022-12-05T16:58:24.615+0100] {processor.py:153} INFO - Started process (PID=331348) to work on /home/andria/airflow/dags/demo.py
[2022-12-05T16:58:24.617+0100] {processor.py:743} INFO - Processing file /home/andria/airflow/dags/demo.py for tasks to queue
[2022-12-05T16:58:24.618+0100] {logging_mixin.py:137} INFO - [2022-12-05T16:58:24.618+0100] {dagbag.py:538} INFO - Filling up the DagBag from /home/andria/airflow/dags/demo.py
[2022-12-05T16:58:24.664+0100] {processor.py:753} INFO - DAG(s) dict_keys(['demo']) retrieved from /home/andria/airflow/dags/demo.py
[2022-12-05T16:58:24.705+0100] {logging_mixin.py:137} INFO - [2022-12-05T16:58:24.704+0100] {dag.py:2676} INFO - Sync 1 DAGs
[2022-12-05T16:58:24.740+0100] {logging_mixin.py:137} INFO - [2022-12-05T16:58:24.740+0100] {dag.py:3423} INFO - Setting next_dagrun for demo to 2022-01-01T00:00:00+00:00, run_after=2022-01-02T00:00:00+00:00
[2022-12-05T16:58:24.762+0100] {processor.py:175} INFO - Processing /home/andria/airflow/dags/demo.py took 0.150 seconds
[2022-12-05T16:59:11.867+0100] {processor.py:153} INFO - Started process (PID=331425) to work on /home/andria/airflow/dags/demo.py
[2022-12-05T16:59:11.869+0100] {processor.py:743} INFO - Processing file /home/andria/airflow/dags/demo.py for tasks to queue
[2022-12-05T16:59:11.869+0100] {logging_mixin.py:137} INFO - [2022-12-05T16:59:11.869+0100] {dagbag.py:538} INFO - Filling up the DagBag from /home/andria/airflow/dags/demo.py
[2022-12-05T16:59:11.907+0100] {processor.py:753} INFO - DAG(s) dict_keys(['demo']) retrieved from /home/andria/airflow/dags/demo.py
[2022-12-05T16:59:11.963+0100] {logging_mixin.py:137} INFO - [2022-12-05T16:59:11.963+0100] {dag.py:2676} INFO - Sync 1 DAGs
[2022-12-05T16:59:12.001+0100] {logging_mixin.py:137} INFO - [2022-12-05T16:59:12.001+0100] {dag.py:3423} INFO - Setting next_dagrun for demo to 2022-01-01T00:00:00+00:00, run_after=2022-01-02T00:00:00+00:00
[2022-12-05T16:59:12.041+0100] {processor.py:175} INFO - Processing /home/andria/airflow/dags/demo.py took 0.177 seconds
