[2022-12-05T15:35:12.162+0100] {processor.py:153} INFO - Started process (PID=324744) to work on /home/andria/.local/lib/python3.10/site-packages/airflow/example_dags/plugins/workday.py
[2022-12-05T15:35:12.163+0100] {processor.py:743} INFO - Processing file /home/andria/.local/lib/python3.10/site-packages/airflow/example_dags/plugins/workday.py for tasks to queue
[2022-12-05T15:35:12.164+0100] {logging_mixin.py:137} INFO - [2022-12-05T15:35:12.164+0100] {dagbag.py:538} INFO - Filling up the DagBag from /home/andria/.local/lib/python3.10/site-packages/airflow/example_dags/plugins/workday.py
[2022-12-05T15:35:12.167+0100] {processor.py:755} WARNING - No viable dags retrieved from /home/andria/.local/lib/python3.10/site-packages/airflow/example_dags/plugins/workday.py
[2022-12-05T15:35:12.179+0100] {processor.py:175} INFO - Processing /home/andria/.local/lib/python3.10/site-packages/airflow/example_dags/plugins/workday.py took 0.020 seconds
[2022-12-05T15:35:58.223+0100] {processor.py:153} INFO - Started process (PID=324814) to work on /home/andria/.local/lib/python3.10/site-packages/airflow/example_dags/plugins/workday.py
[2022-12-05T15:35:58.225+0100] {processor.py:743} INFO - Processing file /home/andria/.local/lib/python3.10/site-packages/airflow/example_dags/plugins/workday.py for tasks to queue
[2022-12-05T15:35:58.226+0100] {logging_mixin.py:137} INFO - [2022-12-05T15:35:58.226+0100] {dagbag.py:538} INFO - Filling up the DagBag from /home/andria/.local/lib/python3.10/site-packages/airflow/example_dags/plugins/workday.py
[2022-12-05T15:35:58.229+0100] {processor.py:755} WARNING - No viable dags retrieved from /home/andria/.local/lib/python3.10/site-packages/airflow/example_dags/plugins/workday.py
[2022-12-05T15:35:58.246+0100] {processor.py:175} INFO - Processing /home/andria/.local/lib/python3.10/site-packages/airflow/example_dags/plugins/workday.py took 0.031 seconds
[2022-12-05T15:36:40.478+0100] {processor.py:153} INFO - Started process (PID=324875) to work on /home/andria/.local/lib/python3.10/site-packages/airflow/example_dags/plugins/workday.py
[2022-12-05T15:36:40.480+0100] {processor.py:743} INFO - Processing file /home/andria/.local/lib/python3.10/site-packages/airflow/example_dags/plugins/workday.py for tasks to queue
[2022-12-05T15:36:40.480+0100] {logging_mixin.py:137} INFO - [2022-12-05T15:36:40.480+0100] {dagbag.py:538} INFO - Filling up the DagBag from /home/andria/.local/lib/python3.10/site-packages/airflow/example_dags/plugins/workday.py
[2022-12-05T15:36:40.483+0100] {processor.py:755} WARNING - No viable dags retrieved from /home/andria/.local/lib/python3.10/site-packages/airflow/example_dags/plugins/workday.py
[2022-12-05T15:36:40.507+0100] {processor.py:175} INFO - Processing /home/andria/.local/lib/python3.10/site-packages/airflow/example_dags/plugins/workday.py took 0.038 seconds
[2022-12-05T15:37:21.308+0100] {processor.py:153} INFO - Started process (PID=324952) to work on /home/andria/.local/lib/python3.10/site-packages/airflow/example_dags/plugins/workday.py
[2022-12-05T15:37:21.312+0100] {processor.py:743} INFO - Processing file /home/andria/.local/lib/python3.10/site-packages/airflow/example_dags/plugins/workday.py for tasks to queue
[2022-12-05T15:37:21.313+0100] {logging_mixin.py:137} INFO - [2022-12-05T15:37:21.313+0100] {dagbag.py:538} INFO - Filling up the DagBag from /home/andria/.local/lib/python3.10/site-packages/airflow/example_dags/plugins/workday.py
[2022-12-05T15:37:21.316+0100] {processor.py:755} WARNING - No viable dags retrieved from /home/andria/.local/lib/python3.10/site-packages/airflow/example_dags/plugins/workday.py
[2022-12-05T15:37:21.336+0100] {processor.py:175} INFO - Processing /home/andria/.local/lib/python3.10/site-packages/airflow/example_dags/plugins/workday.py took 0.034 seconds
[2022-12-05T15:38:02.325+0100] {processor.py:153} INFO - Started process (PID=325002) to work on /home/andria/.local/lib/python3.10/site-packages/airflow/example_dags/plugins/workday.py
[2022-12-05T15:38:02.326+0100] {processor.py:743} INFO - Processing file /home/andria/.local/lib/python3.10/site-packages/airflow/example_dags/plugins/workday.py for tasks to queue
[2022-12-05T15:38:02.327+0100] {logging_mixin.py:137} INFO - [2022-12-05T15:38:02.327+0100] {dagbag.py:538} INFO - Filling up the DagBag from /home/andria/.local/lib/python3.10/site-packages/airflow/example_dags/plugins/workday.py
[2022-12-05T15:38:02.330+0100] {processor.py:755} WARNING - No viable dags retrieved from /home/andria/.local/lib/python3.10/site-packages/airflow/example_dags/plugins/workday.py
[2022-12-05T15:38:02.347+0100] {processor.py:175} INFO - Processing /home/andria/.local/lib/python3.10/site-packages/airflow/example_dags/plugins/workday.py took 0.028 seconds
[2022-12-05T15:38:44.952+0100] {processor.py:153} INFO - Started process (PID=325102) to work on /home/andria/.local/lib/python3.10/site-packages/airflow/example_dags/plugins/workday.py
[2022-12-05T15:38:44.957+0100] {processor.py:743} INFO - Processing file /home/andria/.local/lib/python3.10/site-packages/airflow/example_dags/plugins/workday.py for tasks to queue
[2022-12-05T15:38:44.959+0100] {logging_mixin.py:137} INFO - [2022-12-05T15:38:44.959+0100] {dagbag.py:538} INFO - Filling up the DagBag from /home/andria/.local/lib/python3.10/site-packages/airflow/example_dags/plugins/workday.py
[2022-12-05T15:38:44.962+0100] {processor.py:755} WARNING - No viable dags retrieved from /home/andria/.local/lib/python3.10/site-packages/airflow/example_dags/plugins/workday.py
[2022-12-05T15:38:44.995+0100] {processor.py:175} INFO - Processing /home/andria/.local/lib/python3.10/site-packages/airflow/example_dags/plugins/workday.py took 0.054 seconds
[2022-12-05T15:39:27.058+0100] {processor.py:153} INFO - Started process (PID=325164) to work on /home/andria/.local/lib/python3.10/site-packages/airflow/example_dags/plugins/workday.py
[2022-12-05T15:39:27.062+0100] {processor.py:743} INFO - Processing file /home/andria/.local/lib/python3.10/site-packages/airflow/example_dags/plugins/workday.py for tasks to queue
[2022-12-05T15:39:27.069+0100] {logging_mixin.py:137} INFO - [2022-12-05T15:39:27.068+0100] {dagbag.py:538} INFO - Filling up the DagBag from /home/andria/.local/lib/python3.10/site-packages/airflow/example_dags/plugins/workday.py
[2022-12-05T15:39:27.084+0100] {processor.py:755} WARNING - No viable dags retrieved from /home/andria/.local/lib/python3.10/site-packages/airflow/example_dags/plugins/workday.py
[2022-12-05T15:39:27.112+0100] {processor.py:175} INFO - Processing /home/andria/.local/lib/python3.10/site-packages/airflow/example_dags/plugins/workday.py took 0.059 seconds
[2022-12-05T15:40:09.729+0100] {processor.py:153} INFO - Started process (PID=325214) to work on /home/andria/.local/lib/python3.10/site-packages/airflow/example_dags/plugins/workday.py
[2022-12-05T15:40:09.731+0100] {processor.py:743} INFO - Processing file /home/andria/.local/lib/python3.10/site-packages/airflow/example_dags/plugins/workday.py for tasks to queue
[2022-12-05T15:40:09.732+0100] {logging_mixin.py:137} INFO - [2022-12-05T15:40:09.732+0100] {dagbag.py:538} INFO - Filling up the DagBag from /home/andria/.local/lib/python3.10/site-packages/airflow/example_dags/plugins/workday.py
[2022-12-05T15:40:09.735+0100] {processor.py:755} WARNING - No viable dags retrieved from /home/andria/.local/lib/python3.10/site-packages/airflow/example_dags/plugins/workday.py
[2022-12-05T15:40:09.763+0100] {processor.py:175} INFO - Processing /home/andria/.local/lib/python3.10/site-packages/airflow/example_dags/plugins/workday.py took 0.039 seconds
[2022-12-05T15:40:55.806+0100] {processor.py:153} INFO - Started process (PID=325296) to work on /home/andria/.local/lib/python3.10/site-packages/airflow/example_dags/plugins/workday.py
[2022-12-05T15:40:55.808+0100] {processor.py:743} INFO - Processing file /home/andria/.local/lib/python3.10/site-packages/airflow/example_dags/plugins/workday.py for tasks to queue
[2022-12-05T15:40:55.810+0100] {logging_mixin.py:137} INFO - [2022-12-05T15:40:55.809+0100] {dagbag.py:538} INFO - Filling up the DagBag from /home/andria/.local/lib/python3.10/site-packages/airflow/example_dags/plugins/workday.py
[2022-12-05T15:40:55.815+0100] {processor.py:755} WARNING - No viable dags retrieved from /home/andria/.local/lib/python3.10/site-packages/airflow/example_dags/plugins/workday.py
[2022-12-05T15:40:55.839+0100] {processor.py:175} INFO - Processing /home/andria/.local/lib/python3.10/site-packages/airflow/example_dags/plugins/workday.py took 0.041 seconds
[2022-12-05T15:41:39.962+0100] {processor.py:153} INFO - Started process (PID=325426) to work on /home/andria/.local/lib/python3.10/site-packages/airflow/example_dags/plugins/workday.py
[2022-12-05T15:41:39.964+0100] {processor.py:743} INFO - Processing file /home/andria/.local/lib/python3.10/site-packages/airflow/example_dags/plugins/workday.py for tasks to queue
[2022-12-05T15:41:39.965+0100] {logging_mixin.py:137} INFO - [2022-12-05T15:41:39.965+0100] {dagbag.py:538} INFO - Filling up the DagBag from /home/andria/.local/lib/python3.10/site-packages/airflow/example_dags/plugins/workday.py
[2022-12-05T15:41:39.968+0100] {processor.py:755} WARNING - No viable dags retrieved from /home/andria/.local/lib/python3.10/site-packages/airflow/example_dags/plugins/workday.py
[2022-12-05T15:41:39.989+0100] {processor.py:175} INFO - Processing /home/andria/.local/lib/python3.10/site-packages/airflow/example_dags/plugins/workday.py took 0.036 seconds
[2022-12-05T15:42:23.072+0100] {processor.py:153} INFO - Started process (PID=325483) to work on /home/andria/.local/lib/python3.10/site-packages/airflow/example_dags/plugins/workday.py
[2022-12-05T15:42:23.076+0100] {processor.py:743} INFO - Processing file /home/andria/.local/lib/python3.10/site-packages/airflow/example_dags/plugins/workday.py for tasks to queue
[2022-12-05T15:42:23.077+0100] {logging_mixin.py:137} INFO - [2022-12-05T15:42:23.077+0100] {dagbag.py:538} INFO - Filling up the DagBag from /home/andria/.local/lib/python3.10/site-packages/airflow/example_dags/plugins/workday.py
[2022-12-05T15:42:23.086+0100] {processor.py:755} WARNING - No viable dags retrieved from /home/andria/.local/lib/python3.10/site-packages/airflow/example_dags/plugins/workday.py
[2022-12-05T15:42:23.111+0100] {processor.py:175} INFO - Processing /home/andria/.local/lib/python3.10/site-packages/airflow/example_dags/plugins/workday.py took 0.045 seconds
[2022-12-05T15:43:02.444+0100] {processor.py:153} INFO - Started process (PID=325531) to work on /home/andria/.local/lib/python3.10/site-packages/airflow/example_dags/plugins/workday.py
[2022-12-05T15:43:02.446+0100] {processor.py:743} INFO - Processing file /home/andria/.local/lib/python3.10/site-packages/airflow/example_dags/plugins/workday.py for tasks to queue
[2022-12-05T15:43:02.447+0100] {logging_mixin.py:137} INFO - [2022-12-05T15:43:02.447+0100] {dagbag.py:538} INFO - Filling up the DagBag from /home/andria/.local/lib/python3.10/site-packages/airflow/example_dags/plugins/workday.py
[2022-12-05T15:43:02.449+0100] {processor.py:755} WARNING - No viable dags retrieved from /home/andria/.local/lib/python3.10/site-packages/airflow/example_dags/plugins/workday.py
[2022-12-05T15:43:02.477+0100] {processor.py:175} INFO - Processing /home/andria/.local/lib/python3.10/site-packages/airflow/example_dags/plugins/workday.py took 0.043 seconds
[2022-12-05T15:43:44.008+0100] {processor.py:153} INFO - Started process (PID=325607) to work on /home/andria/.local/lib/python3.10/site-packages/airflow/example_dags/plugins/workday.py
[2022-12-05T15:43:44.010+0100] {processor.py:743} INFO - Processing file /home/andria/.local/lib/python3.10/site-packages/airflow/example_dags/plugins/workday.py for tasks to queue
[2022-12-05T15:43:44.011+0100] {logging_mixin.py:137} INFO - [2022-12-05T15:43:44.010+0100] {dagbag.py:538} INFO - Filling up the DagBag from /home/andria/.local/lib/python3.10/site-packages/airflow/example_dags/plugins/workday.py
[2022-12-05T15:43:44.015+0100] {processor.py:755} WARNING - No viable dags retrieved from /home/andria/.local/lib/python3.10/site-packages/airflow/example_dags/plugins/workday.py
[2022-12-05T15:43:44.036+0100] {processor.py:175} INFO - Processing /home/andria/.local/lib/python3.10/site-packages/airflow/example_dags/plugins/workday.py took 0.032 seconds
[2022-12-05T15:44:22.241+0100] {processor.py:153} INFO - Started process (PID=325652) to work on /home/andria/.local/lib/python3.10/site-packages/airflow/example_dags/plugins/workday.py
[2022-12-05T15:44:22.242+0100] {processor.py:743} INFO - Processing file /home/andria/.local/lib/python3.10/site-packages/airflow/example_dags/plugins/workday.py for tasks to queue
[2022-12-05T15:44:22.243+0100] {logging_mixin.py:137} INFO - [2022-12-05T15:44:22.243+0100] {dagbag.py:538} INFO - Filling up the DagBag from /home/andria/.local/lib/python3.10/site-packages/airflow/example_dags/plugins/workday.py
[2022-12-05T15:44:22.246+0100] {processor.py:755} WARNING - No viable dags retrieved from /home/andria/.local/lib/python3.10/site-packages/airflow/example_dags/plugins/workday.py
[2022-12-05T15:44:22.264+0100] {processor.py:175} INFO - Processing /home/andria/.local/lib/python3.10/site-packages/airflow/example_dags/plugins/workday.py took 0.027 seconds
[2022-12-05T15:44:58.040+0100] {processor.py:153} INFO - Started process (PID=325698) to work on /home/andria/.local/lib/python3.10/site-packages/airflow/example_dags/plugins/workday.py
[2022-12-05T15:44:58.041+0100] {processor.py:743} INFO - Processing file /home/andria/.local/lib/python3.10/site-packages/airflow/example_dags/plugins/workday.py for tasks to queue
[2022-12-05T15:44:58.042+0100] {logging_mixin.py:137} INFO - [2022-12-05T15:44:58.041+0100] {dagbag.py:538} INFO - Filling up the DagBag from /home/andria/.local/lib/python3.10/site-packages/airflow/example_dags/plugins/workday.py
[2022-12-05T15:44:58.044+0100] {processor.py:755} WARNING - No viable dags retrieved from /home/andria/.local/lib/python3.10/site-packages/airflow/example_dags/plugins/workday.py
[2022-12-05T15:44:58.064+0100] {processor.py:175} INFO - Processing /home/andria/.local/lib/python3.10/site-packages/airflow/example_dags/plugins/workday.py took 0.029 seconds
[2022-12-05T15:45:34.157+0100] {processor.py:153} INFO - Started process (PID=325746) to work on /home/andria/.local/lib/python3.10/site-packages/airflow/example_dags/plugins/workday.py
[2022-12-05T15:45:34.160+0100] {processor.py:743} INFO - Processing file /home/andria/.local/lib/python3.10/site-packages/airflow/example_dags/plugins/workday.py for tasks to queue
[2022-12-05T15:45:34.161+0100] {logging_mixin.py:137} INFO - [2022-12-05T15:45:34.161+0100] {dagbag.py:538} INFO - Filling up the DagBag from /home/andria/.local/lib/python3.10/site-packages/airflow/example_dags/plugins/workday.py
[2022-12-05T15:45:34.164+0100] {processor.py:755} WARNING - No viable dags retrieved from /home/andria/.local/lib/python3.10/site-packages/airflow/example_dags/plugins/workday.py
[2022-12-05T15:45:34.183+0100] {processor.py:175} INFO - Processing /home/andria/.local/lib/python3.10/site-packages/airflow/example_dags/plugins/workday.py took 0.036 seconds
[2022-12-05T15:46:12.246+0100] {processor.py:153} INFO - Started process (PID=325796) to work on /home/andria/.local/lib/python3.10/site-packages/airflow/example_dags/plugins/workday.py
[2022-12-05T15:46:12.248+0100] {processor.py:743} INFO - Processing file /home/andria/.local/lib/python3.10/site-packages/airflow/example_dags/plugins/workday.py for tasks to queue
[2022-12-05T15:46:12.249+0100] {logging_mixin.py:137} INFO - [2022-12-05T15:46:12.249+0100] {dagbag.py:538} INFO - Filling up the DagBag from /home/andria/.local/lib/python3.10/site-packages/airflow/example_dags/plugins/workday.py
[2022-12-05T15:46:12.251+0100] {processor.py:755} WARNING - No viable dags retrieved from /home/andria/.local/lib/python3.10/site-packages/airflow/example_dags/plugins/workday.py
[2022-12-05T15:46:12.270+0100] {processor.py:175} INFO - Processing /home/andria/.local/lib/python3.10/site-packages/airflow/example_dags/plugins/workday.py took 0.028 seconds
[2022-12-05T15:46:50.339+0100] {processor.py:153} INFO - Started process (PID=325843) to work on /home/andria/.local/lib/python3.10/site-packages/airflow/example_dags/plugins/workday.py
[2022-12-05T15:46:50.340+0100] {processor.py:743} INFO - Processing file /home/andria/.local/lib/python3.10/site-packages/airflow/example_dags/plugins/workday.py for tasks to queue
[2022-12-05T15:46:50.341+0100] {logging_mixin.py:137} INFO - [2022-12-05T15:46:50.341+0100] {dagbag.py:538} INFO - Filling up the DagBag from /home/andria/.local/lib/python3.10/site-packages/airflow/example_dags/plugins/workday.py
[2022-12-05T15:46:50.346+0100] {processor.py:755} WARNING - No viable dags retrieved from /home/andria/.local/lib/python3.10/site-packages/airflow/example_dags/plugins/workday.py
[2022-12-05T15:46:50.365+0100] {processor.py:175} INFO - Processing /home/andria/.local/lib/python3.10/site-packages/airflow/example_dags/plugins/workday.py took 0.029 seconds
[2022-12-05T15:47:26.419+0100] {processor.py:153} INFO - Started process (PID=325888) to work on /home/andria/.local/lib/python3.10/site-packages/airflow/example_dags/plugins/workday.py
[2022-12-05T15:47:26.423+0100] {processor.py:743} INFO - Processing file /home/andria/.local/lib/python3.10/site-packages/airflow/example_dags/plugins/workday.py for tasks to queue
[2022-12-05T15:47:26.425+0100] {logging_mixin.py:137} INFO - [2022-12-05T15:47:26.425+0100] {dagbag.py:538} INFO - Filling up the DagBag from /home/andria/.local/lib/python3.10/site-packages/airflow/example_dags/plugins/workday.py
[2022-12-05T15:47:26.430+0100] {processor.py:755} WARNING - No viable dags retrieved from /home/andria/.local/lib/python3.10/site-packages/airflow/example_dags/plugins/workday.py
[2022-12-05T15:47:26.450+0100] {processor.py:175} INFO - Processing /home/andria/.local/lib/python3.10/site-packages/airflow/example_dags/plugins/workday.py took 0.034 seconds
[2022-12-05T15:48:02.707+0100] {processor.py:153} INFO - Started process (PID=325931) to work on /home/andria/.local/lib/python3.10/site-packages/airflow/example_dags/plugins/workday.py
[2022-12-05T15:48:02.708+0100] {processor.py:743} INFO - Processing file /home/andria/.local/lib/python3.10/site-packages/airflow/example_dags/plugins/workday.py for tasks to queue
[2022-12-05T15:48:02.709+0100] {logging_mixin.py:137} INFO - [2022-12-05T15:48:02.709+0100] {dagbag.py:538} INFO - Filling up the DagBag from /home/andria/.local/lib/python3.10/site-packages/airflow/example_dags/plugins/workday.py
[2022-12-05T15:48:02.711+0100] {processor.py:755} WARNING - No viable dags retrieved from /home/andria/.local/lib/python3.10/site-packages/airflow/example_dags/plugins/workday.py
[2022-12-05T15:48:02.727+0100] {processor.py:175} INFO - Processing /home/andria/.local/lib/python3.10/site-packages/airflow/example_dags/plugins/workday.py took 0.025 seconds
[2022-12-05T15:48:43.987+0100] {processor.py:153} INFO - Started process (PID=326013) to work on /home/andria/.local/lib/python3.10/site-packages/airflow/example_dags/plugins/workday.py
[2022-12-05T15:48:43.990+0100] {processor.py:743} INFO - Processing file /home/andria/.local/lib/python3.10/site-packages/airflow/example_dags/plugins/workday.py for tasks to queue
[2022-12-05T15:48:43.991+0100] {logging_mixin.py:137} INFO - [2022-12-05T15:48:43.990+0100] {dagbag.py:538} INFO - Filling up the DagBag from /home/andria/.local/lib/python3.10/site-packages/airflow/example_dags/plugins/workday.py
[2022-12-05T15:48:43.993+0100] {processor.py:755} WARNING - No viable dags retrieved from /home/andria/.local/lib/python3.10/site-packages/airflow/example_dags/plugins/workday.py
[2022-12-05T15:48:44.014+0100] {processor.py:175} INFO - Processing /home/andria/.local/lib/python3.10/site-packages/airflow/example_dags/plugins/workday.py took 0.036 seconds
[2022-12-05T15:49:24.010+0100] {processor.py:153} INFO - Started process (PID=326060) to work on /home/andria/.local/lib/python3.10/site-packages/airflow/example_dags/plugins/workday.py
[2022-12-05T15:49:24.014+0100] {processor.py:743} INFO - Processing file /home/andria/.local/lib/python3.10/site-packages/airflow/example_dags/plugins/workday.py for tasks to queue
[2022-12-05T15:49:24.015+0100] {logging_mixin.py:137} INFO - [2022-12-05T15:49:24.015+0100] {dagbag.py:538} INFO - Filling up the DagBag from /home/andria/.local/lib/python3.10/site-packages/airflow/example_dags/plugins/workday.py
[2022-12-05T15:49:24.017+0100] {processor.py:755} WARNING - No viable dags retrieved from /home/andria/.local/lib/python3.10/site-packages/airflow/example_dags/plugins/workday.py
[2022-12-05T15:49:24.032+0100] {processor.py:175} INFO - Processing /home/andria/.local/lib/python3.10/site-packages/airflow/example_dags/plugins/workday.py took 0.026 seconds
[2022-12-05T15:50:07.635+0100] {processor.py:153} INFO - Started process (PID=326117) to work on /home/andria/.local/lib/python3.10/site-packages/airflow/example_dags/plugins/workday.py
[2022-12-05T15:50:07.637+0100] {processor.py:743} INFO - Processing file /home/andria/.local/lib/python3.10/site-packages/airflow/example_dags/plugins/workday.py for tasks to queue
[2022-12-05T15:50:07.639+0100] {logging_mixin.py:137} INFO - [2022-12-05T15:50:07.639+0100] {dagbag.py:538} INFO - Filling up the DagBag from /home/andria/.local/lib/python3.10/site-packages/airflow/example_dags/plugins/workday.py
[2022-12-05T15:50:07.643+0100] {processor.py:755} WARNING - No viable dags retrieved from /home/andria/.local/lib/python3.10/site-packages/airflow/example_dags/plugins/workday.py
[2022-12-05T15:50:07.664+0100] {processor.py:175} INFO - Processing /home/andria/.local/lib/python3.10/site-packages/airflow/example_dags/plugins/workday.py took 0.036 seconds
[2022-12-05T15:50:44.684+0100] {processor.py:153} INFO - Started process (PID=326171) to work on /home/andria/.local/lib/python3.10/site-packages/airflow/example_dags/plugins/workday.py
[2022-12-05T15:50:44.687+0100] {processor.py:743} INFO - Processing file /home/andria/.local/lib/python3.10/site-packages/airflow/example_dags/plugins/workday.py for tasks to queue
[2022-12-05T15:50:44.688+0100] {logging_mixin.py:137} INFO - [2022-12-05T15:50:44.688+0100] {dagbag.py:538} INFO - Filling up the DagBag from /home/andria/.local/lib/python3.10/site-packages/airflow/example_dags/plugins/workday.py
[2022-12-05T15:50:44.692+0100] {processor.py:755} WARNING - No viable dags retrieved from /home/andria/.local/lib/python3.10/site-packages/airflow/example_dags/plugins/workday.py
[2022-12-05T15:50:44.719+0100] {processor.py:175} INFO - Processing /home/andria/.local/lib/python3.10/site-packages/airflow/example_dags/plugins/workday.py took 0.040 seconds
[2022-12-05T15:51:22.092+0100] {processor.py:153} INFO - Started process (PID=326216) to work on /home/andria/.local/lib/python3.10/site-packages/airflow/example_dags/plugins/workday.py
[2022-12-05T15:51:22.093+0100] {processor.py:743} INFO - Processing file /home/andria/.local/lib/python3.10/site-packages/airflow/example_dags/plugins/workday.py for tasks to queue
[2022-12-05T15:51:22.094+0100] {logging_mixin.py:137} INFO - [2022-12-05T15:51:22.094+0100] {dagbag.py:538} INFO - Filling up the DagBag from /home/andria/.local/lib/python3.10/site-packages/airflow/example_dags/plugins/workday.py
[2022-12-05T15:51:22.097+0100] {processor.py:755} WARNING - No viable dags retrieved from /home/andria/.local/lib/python3.10/site-packages/airflow/example_dags/plugins/workday.py
[2022-12-05T15:51:22.117+0100] {processor.py:175} INFO - Processing /home/andria/.local/lib/python3.10/site-packages/airflow/example_dags/plugins/workday.py took 0.029 seconds
[2022-12-05T15:51:57.905+0100] {processor.py:153} INFO - Started process (PID=326263) to work on /home/andria/.local/lib/python3.10/site-packages/airflow/example_dags/plugins/workday.py
[2022-12-05T15:51:57.911+0100] {processor.py:743} INFO - Processing file /home/andria/.local/lib/python3.10/site-packages/airflow/example_dags/plugins/workday.py for tasks to queue
[2022-12-05T15:51:57.913+0100] {logging_mixin.py:137} INFO - [2022-12-05T15:51:57.912+0100] {dagbag.py:538} INFO - Filling up the DagBag from /home/andria/.local/lib/python3.10/site-packages/airflow/example_dags/plugins/workday.py
[2022-12-05T15:51:57.915+0100] {processor.py:755} WARNING - No viable dags retrieved from /home/andria/.local/lib/python3.10/site-packages/airflow/example_dags/plugins/workday.py
[2022-12-05T15:51:57.936+0100] {processor.py:175} INFO - Processing /home/andria/.local/lib/python3.10/site-packages/airflow/example_dags/plugins/workday.py took 0.040 seconds
[2022-12-05T15:52:44.139+0100] {processor.py:153} INFO - Started process (PID=326314) to work on /home/andria/.local/lib/python3.10/site-packages/airflow/example_dags/plugins/workday.py
[2022-12-05T15:52:44.141+0100] {processor.py:743} INFO - Processing file /home/andria/.local/lib/python3.10/site-packages/airflow/example_dags/plugins/workday.py for tasks to queue
[2022-12-05T15:52:44.142+0100] {logging_mixin.py:137} INFO - [2022-12-05T15:52:44.141+0100] {dagbag.py:538} INFO - Filling up the DagBag from /home/andria/.local/lib/python3.10/site-packages/airflow/example_dags/plugins/workday.py
[2022-12-05T15:52:44.146+0100] {processor.py:755} WARNING - No viable dags retrieved from /home/andria/.local/lib/python3.10/site-packages/airflow/example_dags/plugins/workday.py
[2022-12-05T15:52:44.163+0100] {processor.py:175} INFO - Processing /home/andria/.local/lib/python3.10/site-packages/airflow/example_dags/plugins/workday.py took 0.028 seconds
[2022-12-05T15:53:26.119+0100] {processor.py:153} INFO - Started process (PID=326367) to work on /home/andria/.local/lib/python3.10/site-packages/airflow/example_dags/plugins/workday.py
[2022-12-05T15:53:26.121+0100] {processor.py:743} INFO - Processing file /home/andria/.local/lib/python3.10/site-packages/airflow/example_dags/plugins/workday.py for tasks to queue
[2022-12-05T15:53:26.122+0100] {logging_mixin.py:137} INFO - [2022-12-05T15:53:26.121+0100] {dagbag.py:538} INFO - Filling up the DagBag from /home/andria/.local/lib/python3.10/site-packages/airflow/example_dags/plugins/workday.py
[2022-12-05T15:53:26.123+0100] {processor.py:755} WARNING - No viable dags retrieved from /home/andria/.local/lib/python3.10/site-packages/airflow/example_dags/plugins/workday.py
[2022-12-05T15:53:26.142+0100] {processor.py:175} INFO - Processing /home/andria/.local/lib/python3.10/site-packages/airflow/example_dags/plugins/workday.py took 0.029 seconds
[2022-12-05T15:54:06.343+0100] {processor.py:153} INFO - Started process (PID=326448) to work on /home/andria/.local/lib/python3.10/site-packages/airflow/example_dags/plugins/workday.py
[2022-12-05T15:54:06.344+0100] {processor.py:743} INFO - Processing file /home/andria/.local/lib/python3.10/site-packages/airflow/example_dags/plugins/workday.py for tasks to queue
[2022-12-05T15:54:06.345+0100] {logging_mixin.py:137} INFO - [2022-12-05T15:54:06.345+0100] {dagbag.py:538} INFO - Filling up the DagBag from /home/andria/.local/lib/python3.10/site-packages/airflow/example_dags/plugins/workday.py
[2022-12-05T15:54:06.350+0100] {processor.py:755} WARNING - No viable dags retrieved from /home/andria/.local/lib/python3.10/site-packages/airflow/example_dags/plugins/workday.py
[2022-12-05T15:54:06.368+0100] {processor.py:175} INFO - Processing /home/andria/.local/lib/python3.10/site-packages/airflow/example_dags/plugins/workday.py took 0.029 seconds
[2022-12-05T15:54:51.966+0100] {processor.py:153} INFO - Started process (PID=326502) to work on /home/andria/.local/lib/python3.10/site-packages/airflow/example_dags/plugins/workday.py
[2022-12-05T15:54:51.967+0100] {processor.py:743} INFO - Processing file /home/andria/.local/lib/python3.10/site-packages/airflow/example_dags/plugins/workday.py for tasks to queue
[2022-12-05T15:54:51.968+0100] {logging_mixin.py:137} INFO - [2022-12-05T15:54:51.968+0100] {dagbag.py:538} INFO - Filling up the DagBag from /home/andria/.local/lib/python3.10/site-packages/airflow/example_dags/plugins/workday.py
[2022-12-05T15:54:51.970+0100] {processor.py:755} WARNING - No viable dags retrieved from /home/andria/.local/lib/python3.10/site-packages/airflow/example_dags/plugins/workday.py
[2022-12-05T15:54:51.989+0100] {processor.py:175} INFO - Processing /home/andria/.local/lib/python3.10/site-packages/airflow/example_dags/plugins/workday.py took 0.031 seconds
[2022-12-05T15:55:35.010+0100] {processor.py:153} INFO - Started process (PID=326557) to work on /home/andria/.local/lib/python3.10/site-packages/airflow/example_dags/plugins/workday.py
[2022-12-05T15:55:35.012+0100] {processor.py:743} INFO - Processing file /home/andria/.local/lib/python3.10/site-packages/airflow/example_dags/plugins/workday.py for tasks to queue
[2022-12-05T15:55:35.013+0100] {logging_mixin.py:137} INFO - [2022-12-05T15:55:35.013+0100] {dagbag.py:538} INFO - Filling up the DagBag from /home/andria/.local/lib/python3.10/site-packages/airflow/example_dags/plugins/workday.py
[2022-12-05T15:55:35.017+0100] {processor.py:755} WARNING - No viable dags retrieved from /home/andria/.local/lib/python3.10/site-packages/airflow/example_dags/plugins/workday.py
[2022-12-05T15:55:35.035+0100] {processor.py:175} INFO - Processing /home/andria/.local/lib/python3.10/site-packages/airflow/example_dags/plugins/workday.py took 0.032 seconds
[2022-12-05T15:56:19.393+0100] {processor.py:153} INFO - Started process (PID=326613) to work on /home/andria/.local/lib/python3.10/site-packages/airflow/example_dags/plugins/workday.py
[2022-12-05T15:56:19.395+0100] {processor.py:743} INFO - Processing file /home/andria/.local/lib/python3.10/site-packages/airflow/example_dags/plugins/workday.py for tasks to queue
[2022-12-05T15:56:19.396+0100] {logging_mixin.py:137} INFO - [2022-12-05T15:56:19.396+0100] {dagbag.py:538} INFO - Filling up the DagBag from /home/andria/.local/lib/python3.10/site-packages/airflow/example_dags/plugins/workday.py
[2022-12-05T15:56:19.398+0100] {processor.py:755} WARNING - No viable dags retrieved from /home/andria/.local/lib/python3.10/site-packages/airflow/example_dags/plugins/workday.py
[2022-12-05T15:56:19.418+0100] {processor.py:175} INFO - Processing /home/andria/.local/lib/python3.10/site-packages/airflow/example_dags/plugins/workday.py took 0.033 seconds
[2022-12-05T15:56:57.742+0100] {processor.py:153} INFO - Started process (PID=326664) to work on /home/andria/.local/lib/python3.10/site-packages/airflow/example_dags/plugins/workday.py
[2022-12-05T15:56:57.747+0100] {processor.py:743} INFO - Processing file /home/andria/.local/lib/python3.10/site-packages/airflow/example_dags/plugins/workday.py for tasks to queue
[2022-12-05T15:56:57.748+0100] {logging_mixin.py:137} INFO - [2022-12-05T15:56:57.748+0100] {dagbag.py:538} INFO - Filling up the DagBag from /home/andria/.local/lib/python3.10/site-packages/airflow/example_dags/plugins/workday.py
[2022-12-05T15:56:57.750+0100] {processor.py:755} WARNING - No viable dags retrieved from /home/andria/.local/lib/python3.10/site-packages/airflow/example_dags/plugins/workday.py
[2022-12-05T15:56:57.772+0100] {processor.py:175} INFO - Processing /home/andria/.local/lib/python3.10/site-packages/airflow/example_dags/plugins/workday.py took 0.038 seconds
[2022-12-05T15:57:35.409+0100] {processor.py:153} INFO - Started process (PID=326707) to work on /home/andria/.local/lib/python3.10/site-packages/airflow/example_dags/plugins/workday.py
[2022-12-05T15:57:35.412+0100] {processor.py:743} INFO - Processing file /home/andria/.local/lib/python3.10/site-packages/airflow/example_dags/plugins/workday.py for tasks to queue
[2022-12-05T15:57:35.413+0100] {logging_mixin.py:137} INFO - [2022-12-05T15:57:35.413+0100] {dagbag.py:538} INFO - Filling up the DagBag from /home/andria/.local/lib/python3.10/site-packages/airflow/example_dags/plugins/workday.py
[2022-12-05T15:57:35.418+0100] {processor.py:755} WARNING - No viable dags retrieved from /home/andria/.local/lib/python3.10/site-packages/airflow/example_dags/plugins/workday.py
[2022-12-05T15:57:35.439+0100] {processor.py:175} INFO - Processing /home/andria/.local/lib/python3.10/site-packages/airflow/example_dags/plugins/workday.py took 0.035 seconds
[2022-12-05T15:58:18.103+0100] {processor.py:153} INFO - Started process (PID=326761) to work on /home/andria/.local/lib/python3.10/site-packages/airflow/example_dags/plugins/workday.py
[2022-12-05T15:58:18.108+0100] {processor.py:743} INFO - Processing file /home/andria/.local/lib/python3.10/site-packages/airflow/example_dags/plugins/workday.py for tasks to queue
[2022-12-05T15:58:18.110+0100] {logging_mixin.py:137} INFO - [2022-12-05T15:58:18.109+0100] {dagbag.py:538} INFO - Filling up the DagBag from /home/andria/.local/lib/python3.10/site-packages/airflow/example_dags/plugins/workday.py
[2022-12-05T15:58:18.115+0100] {processor.py:755} WARNING - No viable dags retrieved from /home/andria/.local/lib/python3.10/site-packages/airflow/example_dags/plugins/workday.py
[2022-12-05T15:58:18.134+0100] {processor.py:175} INFO - Processing /home/andria/.local/lib/python3.10/site-packages/airflow/example_dags/plugins/workday.py took 0.036 seconds
[2022-12-05T15:59:03.419+0100] {processor.py:153} INFO - Started process (PID=326846) to work on /home/andria/.local/lib/python3.10/site-packages/airflow/example_dags/plugins/workday.py
[2022-12-05T15:59:03.420+0100] {processor.py:743} INFO - Processing file /home/andria/.local/lib/python3.10/site-packages/airflow/example_dags/plugins/workday.py for tasks to queue
[2022-12-05T15:59:03.421+0100] {logging_mixin.py:137} INFO - [2022-12-05T15:59:03.421+0100] {dagbag.py:538} INFO - Filling up the DagBag from /home/andria/.local/lib/python3.10/site-packages/airflow/example_dags/plugins/workday.py
[2022-12-05T15:59:03.425+0100] {processor.py:755} WARNING - No viable dags retrieved from /home/andria/.local/lib/python3.10/site-packages/airflow/example_dags/plugins/workday.py
[2022-12-05T15:59:03.445+0100] {processor.py:175} INFO - Processing /home/andria/.local/lib/python3.10/site-packages/airflow/example_dags/plugins/workday.py took 0.031 seconds
[2022-12-05T15:59:44.070+0100] {processor.py:153} INFO - Started process (PID=326894) to work on /home/andria/.local/lib/python3.10/site-packages/airflow/example_dags/plugins/workday.py
[2022-12-05T15:59:44.074+0100] {processor.py:743} INFO - Processing file /home/andria/.local/lib/python3.10/site-packages/airflow/example_dags/plugins/workday.py for tasks to queue
[2022-12-05T15:59:44.075+0100] {logging_mixin.py:137} INFO - [2022-12-05T15:59:44.075+0100] {dagbag.py:538} INFO - Filling up the DagBag from /home/andria/.local/lib/python3.10/site-packages/airflow/example_dags/plugins/workday.py
[2022-12-05T15:59:44.078+0100] {processor.py:755} WARNING - No viable dags retrieved from /home/andria/.local/lib/python3.10/site-packages/airflow/example_dags/plugins/workday.py
[2022-12-05T15:59:44.101+0100] {processor.py:175} INFO - Processing /home/andria/.local/lib/python3.10/site-packages/airflow/example_dags/plugins/workday.py took 0.040 seconds
[2022-12-05T16:00:26.872+0100] {processor.py:153} INFO - Started process (PID=326942) to work on /home/andria/.local/lib/python3.10/site-packages/airflow/example_dags/plugins/workday.py
[2022-12-05T16:00:26.875+0100] {processor.py:743} INFO - Processing file /home/andria/.local/lib/python3.10/site-packages/airflow/example_dags/plugins/workday.py for tasks to queue
[2022-12-05T16:00:26.877+0100] {logging_mixin.py:137} INFO - [2022-12-05T16:00:26.877+0100] {dagbag.py:538} INFO - Filling up the DagBag from /home/andria/.local/lib/python3.10/site-packages/airflow/example_dags/plugins/workday.py
[2022-12-05T16:00:26.882+0100] {processor.py:755} WARNING - No viable dags retrieved from /home/andria/.local/lib/python3.10/site-packages/airflow/example_dags/plugins/workday.py
[2022-12-05T16:00:26.900+0100] {processor.py:175} INFO - Processing /home/andria/.local/lib/python3.10/site-packages/airflow/example_dags/plugins/workday.py took 0.035 seconds
[2022-12-05T16:01:07.176+0100] {processor.py:153} INFO - Started process (PID=326997) to work on /home/andria/.local/lib/python3.10/site-packages/airflow/example_dags/plugins/workday.py
[2022-12-05T16:01:07.178+0100] {processor.py:743} INFO - Processing file /home/andria/.local/lib/python3.10/site-packages/airflow/example_dags/plugins/workday.py for tasks to queue
[2022-12-05T16:01:07.179+0100] {logging_mixin.py:137} INFO - [2022-12-05T16:01:07.179+0100] {dagbag.py:538} INFO - Filling up the DagBag from /home/andria/.local/lib/python3.10/site-packages/airflow/example_dags/plugins/workday.py
[2022-12-05T16:01:07.181+0100] {processor.py:755} WARNING - No viable dags retrieved from /home/andria/.local/lib/python3.10/site-packages/airflow/example_dags/plugins/workday.py
[2022-12-05T16:01:07.206+0100] {processor.py:175} INFO - Processing /home/andria/.local/lib/python3.10/site-packages/airflow/example_dags/plugins/workday.py took 0.039 seconds
[2022-12-05T16:01:46.713+0100] {processor.py:153} INFO - Started process (PID=327042) to work on /home/andria/.local/lib/python3.10/site-packages/airflow/example_dags/plugins/workday.py
[2022-12-05T16:01:46.715+0100] {processor.py:743} INFO - Processing file /home/andria/.local/lib/python3.10/site-packages/airflow/example_dags/plugins/workday.py for tasks to queue
[2022-12-05T16:01:46.716+0100] {logging_mixin.py:137} INFO - [2022-12-05T16:01:46.716+0100] {dagbag.py:538} INFO - Filling up the DagBag from /home/andria/.local/lib/python3.10/site-packages/airflow/example_dags/plugins/workday.py
[2022-12-05T16:01:46.718+0100] {processor.py:755} WARNING - No viable dags retrieved from /home/andria/.local/lib/python3.10/site-packages/airflow/example_dags/plugins/workday.py
[2022-12-05T16:01:46.732+0100] {processor.py:175} INFO - Processing /home/andria/.local/lib/python3.10/site-packages/airflow/example_dags/plugins/workday.py took 0.026 seconds
[2022-12-05T16:02:22.535+0100] {processor.py:153} INFO - Started process (PID=327086) to work on /home/andria/.local/lib/python3.10/site-packages/airflow/example_dags/plugins/workday.py
[2022-12-05T16:02:22.537+0100] {processor.py:743} INFO - Processing file /home/andria/.local/lib/python3.10/site-packages/airflow/example_dags/plugins/workday.py for tasks to queue
[2022-12-05T16:02:22.539+0100] {logging_mixin.py:137} INFO - [2022-12-05T16:02:22.538+0100] {dagbag.py:538} INFO - Filling up the DagBag from /home/andria/.local/lib/python3.10/site-packages/airflow/example_dags/plugins/workday.py
[2022-12-05T16:02:22.541+0100] {processor.py:755} WARNING - No viable dags retrieved from /home/andria/.local/lib/python3.10/site-packages/airflow/example_dags/plugins/workday.py
[2022-12-05T16:02:22.564+0100] {processor.py:175} INFO - Processing /home/andria/.local/lib/python3.10/site-packages/airflow/example_dags/plugins/workday.py took 0.038 seconds
[2022-12-05T16:03:01.408+0100] {processor.py:153} INFO - Started process (PID=327134) to work on /home/andria/.local/lib/python3.10/site-packages/airflow/example_dags/plugins/workday.py
[2022-12-05T16:03:01.410+0100] {processor.py:743} INFO - Processing file /home/andria/.local/lib/python3.10/site-packages/airflow/example_dags/plugins/workday.py for tasks to queue
[2022-12-05T16:03:01.410+0100] {logging_mixin.py:137} INFO - [2022-12-05T16:03:01.410+0100] {dagbag.py:538} INFO - Filling up the DagBag from /home/andria/.local/lib/python3.10/site-packages/airflow/example_dags/plugins/workday.py
[2022-12-05T16:03:01.412+0100] {processor.py:755} WARNING - No viable dags retrieved from /home/andria/.local/lib/python3.10/site-packages/airflow/example_dags/plugins/workday.py
[2022-12-05T16:03:01.432+0100] {processor.py:175} INFO - Processing /home/andria/.local/lib/python3.10/site-packages/airflow/example_dags/plugins/workday.py took 0.030 seconds
[2022-12-05T16:03:49.320+0100] {processor.py:153} INFO - Started process (PID=327218) to work on /home/andria/.local/lib/python3.10/site-packages/airflow/example_dags/plugins/workday.py
[2022-12-05T16:03:49.324+0100] {processor.py:743} INFO - Processing file /home/andria/.local/lib/python3.10/site-packages/airflow/example_dags/plugins/workday.py for tasks to queue
[2022-12-05T16:03:49.325+0100] {logging_mixin.py:137} INFO - [2022-12-05T16:03:49.325+0100] {dagbag.py:538} INFO - Filling up the DagBag from /home/andria/.local/lib/python3.10/site-packages/airflow/example_dags/plugins/workday.py
[2022-12-05T16:03:49.331+0100] {processor.py:755} WARNING - No viable dags retrieved from /home/andria/.local/lib/python3.10/site-packages/airflow/example_dags/plugins/workday.py
[2022-12-05T16:03:49.357+0100] {processor.py:175} INFO - Processing /home/andria/.local/lib/python3.10/site-packages/airflow/example_dags/plugins/workday.py took 0.043 seconds
[2022-12-05T16:04:31.334+0100] {processor.py:153} INFO - Started process (PID=327270) to work on /home/andria/.local/lib/python3.10/site-packages/airflow/example_dags/plugins/workday.py
[2022-12-05T16:04:31.335+0100] {processor.py:743} INFO - Processing file /home/andria/.local/lib/python3.10/site-packages/airflow/example_dags/plugins/workday.py for tasks to queue
[2022-12-05T16:04:31.336+0100] {logging_mixin.py:137} INFO - [2022-12-05T16:04:31.336+0100] {dagbag.py:538} INFO - Filling up the DagBag from /home/andria/.local/lib/python3.10/site-packages/airflow/example_dags/plugins/workday.py
[2022-12-05T16:04:31.338+0100] {processor.py:755} WARNING - No viable dags retrieved from /home/andria/.local/lib/python3.10/site-packages/airflow/example_dags/plugins/workday.py
[2022-12-05T16:04:31.357+0100] {processor.py:175} INFO - Processing /home/andria/.local/lib/python3.10/site-packages/airflow/example_dags/plugins/workday.py took 0.027 seconds
[2022-12-05T16:05:12.243+0100] {processor.py:153} INFO - Started process (PID=327320) to work on /home/andria/.local/lib/python3.10/site-packages/airflow/example_dags/plugins/workday.py
[2022-12-05T16:05:12.244+0100] {processor.py:743} INFO - Processing file /home/andria/.local/lib/python3.10/site-packages/airflow/example_dags/plugins/workday.py for tasks to queue
[2022-12-05T16:05:12.245+0100] {logging_mixin.py:137} INFO - [2022-12-05T16:05:12.245+0100] {dagbag.py:538} INFO - Filling up the DagBag from /home/andria/.local/lib/python3.10/site-packages/airflow/example_dags/plugins/workday.py
[2022-12-05T16:05:12.247+0100] {processor.py:755} WARNING - No viable dags retrieved from /home/andria/.local/lib/python3.10/site-packages/airflow/example_dags/plugins/workday.py
[2022-12-05T16:05:12.265+0100] {processor.py:175} INFO - Processing /home/andria/.local/lib/python3.10/site-packages/airflow/example_dags/plugins/workday.py took 0.026 seconds
[2022-12-05T16:05:51.475+0100] {processor.py:153} INFO - Started process (PID=327379) to work on /home/andria/.local/lib/python3.10/site-packages/airflow/example_dags/plugins/workday.py
[2022-12-05T16:05:51.476+0100] {processor.py:743} INFO - Processing file /home/andria/.local/lib/python3.10/site-packages/airflow/example_dags/plugins/workday.py for tasks to queue
[2022-12-05T16:05:51.477+0100] {logging_mixin.py:137} INFO - [2022-12-05T16:05:51.477+0100] {dagbag.py:538} INFO - Filling up the DagBag from /home/andria/.local/lib/python3.10/site-packages/airflow/example_dags/plugins/workday.py
[2022-12-05T16:05:51.481+0100] {processor.py:755} WARNING - No viable dags retrieved from /home/andria/.local/lib/python3.10/site-packages/airflow/example_dags/plugins/workday.py
[2022-12-05T16:05:51.495+0100] {processor.py:175} INFO - Processing /home/andria/.local/lib/python3.10/site-packages/airflow/example_dags/plugins/workday.py took 0.025 seconds
[2022-12-05T16:06:25.655+0100] {processor.py:153} INFO - Started process (PID=327417) to work on /home/andria/.local/lib/python3.10/site-packages/airflow/example_dags/plugins/workday.py
[2022-12-05T16:06:25.656+0100] {processor.py:743} INFO - Processing file /home/andria/.local/lib/python3.10/site-packages/airflow/example_dags/plugins/workday.py for tasks to queue
[2022-12-05T16:06:25.657+0100] {logging_mixin.py:137} INFO - [2022-12-05T16:06:25.657+0100] {dagbag.py:538} INFO - Filling up the DagBag from /home/andria/.local/lib/python3.10/site-packages/airflow/example_dags/plugins/workday.py
[2022-12-05T16:06:25.659+0100] {processor.py:755} WARNING - No viable dags retrieved from /home/andria/.local/lib/python3.10/site-packages/airflow/example_dags/plugins/workday.py
[2022-12-05T16:06:25.670+0100] {processor.py:175} INFO - Processing /home/andria/.local/lib/python3.10/site-packages/airflow/example_dags/plugins/workday.py took 0.019 seconds
[2022-12-05T16:07:02.953+0100] {processor.py:153} INFO - Started process (PID=327462) to work on /home/andria/.local/lib/python3.10/site-packages/airflow/example_dags/plugins/workday.py
[2022-12-05T16:07:02.954+0100] {processor.py:743} INFO - Processing file /home/andria/.local/lib/python3.10/site-packages/airflow/example_dags/plugins/workday.py for tasks to queue
[2022-12-05T16:07:02.955+0100] {logging_mixin.py:137} INFO - [2022-12-05T16:07:02.955+0100] {dagbag.py:538} INFO - Filling up the DagBag from /home/andria/.local/lib/python3.10/site-packages/airflow/example_dags/plugins/workday.py
[2022-12-05T16:07:02.958+0100] {processor.py:755} WARNING - No viable dags retrieved from /home/andria/.local/lib/python3.10/site-packages/airflow/example_dags/plugins/workday.py
[2022-12-05T16:07:02.972+0100] {processor.py:175} INFO - Processing /home/andria/.local/lib/python3.10/site-packages/airflow/example_dags/plugins/workday.py took 0.024 seconds
[2022-12-05T16:07:41.425+0100] {processor.py:153} INFO - Started process (PID=327512) to work on /home/andria/.local/lib/python3.10/site-packages/airflow/example_dags/plugins/workday.py
[2022-12-05T16:07:41.427+0100] {processor.py:743} INFO - Processing file /home/andria/.local/lib/python3.10/site-packages/airflow/example_dags/plugins/workday.py for tasks to queue
[2022-12-05T16:07:41.428+0100] {logging_mixin.py:137} INFO - [2022-12-05T16:07:41.427+0100] {dagbag.py:538} INFO - Filling up the DagBag from /home/andria/.local/lib/python3.10/site-packages/airflow/example_dags/plugins/workday.py
[2022-12-05T16:07:41.430+0100] {processor.py:755} WARNING - No viable dags retrieved from /home/andria/.local/lib/python3.10/site-packages/airflow/example_dags/plugins/workday.py
[2022-12-05T16:07:41.447+0100] {processor.py:175} INFO - Processing /home/andria/.local/lib/python3.10/site-packages/airflow/example_dags/plugins/workday.py took 0.027 seconds
[2022-12-05T16:08:16.101+0100] {processor.py:153} INFO - Started process (PID=327555) to work on /home/andria/.local/lib/python3.10/site-packages/airflow/example_dags/plugins/workday.py
[2022-12-05T16:08:16.102+0100] {processor.py:743} INFO - Processing file /home/andria/.local/lib/python3.10/site-packages/airflow/example_dags/plugins/workday.py for tasks to queue
[2022-12-05T16:08:16.103+0100] {logging_mixin.py:137} INFO - [2022-12-05T16:08:16.103+0100] {dagbag.py:538} INFO - Filling up the DagBag from /home/andria/.local/lib/python3.10/site-packages/airflow/example_dags/plugins/workday.py
[2022-12-05T16:08:16.105+0100] {processor.py:755} WARNING - No viable dags retrieved from /home/andria/.local/lib/python3.10/site-packages/airflow/example_dags/plugins/workday.py
[2022-12-05T16:08:16.121+0100] {processor.py:175} INFO - Processing /home/andria/.local/lib/python3.10/site-packages/airflow/example_dags/plugins/workday.py took 0.025 seconds
[2022-12-05T16:08:50.387+0100] {processor.py:153} INFO - Started process (PID=327622) to work on /home/andria/.local/lib/python3.10/site-packages/airflow/example_dags/plugins/workday.py
[2022-12-05T16:08:50.388+0100] {processor.py:743} INFO - Processing file /home/andria/.local/lib/python3.10/site-packages/airflow/example_dags/plugins/workday.py for tasks to queue
[2022-12-05T16:08:50.389+0100] {logging_mixin.py:137} INFO - [2022-12-05T16:08:50.389+0100] {dagbag.py:538} INFO - Filling up the DagBag from /home/andria/.local/lib/python3.10/site-packages/airflow/example_dags/plugins/workday.py
[2022-12-05T16:08:50.392+0100] {processor.py:755} WARNING - No viable dags retrieved from /home/andria/.local/lib/python3.10/site-packages/airflow/example_dags/plugins/workday.py
[2022-12-05T16:08:50.406+0100] {processor.py:175} INFO - Processing /home/andria/.local/lib/python3.10/site-packages/airflow/example_dags/plugins/workday.py took 0.024 seconds
[2022-12-05T16:09:27.630+0100] {processor.py:153} INFO - Started process (PID=327668) to work on /home/andria/.local/lib/python3.10/site-packages/airflow/example_dags/plugins/workday.py
[2022-12-05T16:09:27.632+0100] {processor.py:743} INFO - Processing file /home/andria/.local/lib/python3.10/site-packages/airflow/example_dags/plugins/workday.py for tasks to queue
[2022-12-05T16:09:27.633+0100] {logging_mixin.py:137} INFO - [2022-12-05T16:09:27.632+0100] {dagbag.py:538} INFO - Filling up the DagBag from /home/andria/.local/lib/python3.10/site-packages/airflow/example_dags/plugins/workday.py
[2022-12-05T16:09:27.635+0100] {processor.py:755} WARNING - No viable dags retrieved from /home/andria/.local/lib/python3.10/site-packages/airflow/example_dags/plugins/workday.py
[2022-12-05T16:09:27.650+0100] {processor.py:175} INFO - Processing /home/andria/.local/lib/python3.10/site-packages/airflow/example_dags/plugins/workday.py took 0.025 seconds
[2022-12-05T16:10:02.558+0100] {processor.py:153} INFO - Started process (PID=327713) to work on /home/andria/.local/lib/python3.10/site-packages/airflow/example_dags/plugins/workday.py
[2022-12-05T16:10:02.560+0100] {processor.py:743} INFO - Processing file /home/andria/.local/lib/python3.10/site-packages/airflow/example_dags/plugins/workday.py for tasks to queue
[2022-12-05T16:10:02.561+0100] {logging_mixin.py:137} INFO - [2022-12-05T16:10:02.561+0100] {dagbag.py:538} INFO - Filling up the DagBag from /home/andria/.local/lib/python3.10/site-packages/airflow/example_dags/plugins/workday.py
[2022-12-05T16:10:02.563+0100] {processor.py:755} WARNING - No viable dags retrieved from /home/andria/.local/lib/python3.10/site-packages/airflow/example_dags/plugins/workday.py
[2022-12-05T16:10:02.578+0100] {processor.py:175} INFO - Processing /home/andria/.local/lib/python3.10/site-packages/airflow/example_dags/plugins/workday.py took 0.024 seconds
[2022-12-05T16:10:45.565+0100] {processor.py:153} INFO - Started process (PID=327774) to work on /home/andria/.local/lib/python3.10/site-packages/airflow/example_dags/plugins/workday.py
[2022-12-05T16:10:45.567+0100] {processor.py:743} INFO - Processing file /home/andria/.local/lib/python3.10/site-packages/airflow/example_dags/plugins/workday.py for tasks to queue
[2022-12-05T16:10:45.568+0100] {logging_mixin.py:137} INFO - [2022-12-05T16:10:45.568+0100] {dagbag.py:538} INFO - Filling up the DagBag from /home/andria/.local/lib/python3.10/site-packages/airflow/example_dags/plugins/workday.py
[2022-12-05T16:10:45.570+0100] {processor.py:755} WARNING - No viable dags retrieved from /home/andria/.local/lib/python3.10/site-packages/airflow/example_dags/plugins/workday.py
[2022-12-05T16:10:45.585+0100] {processor.py:175} INFO - Processing /home/andria/.local/lib/python3.10/site-packages/airflow/example_dags/plugins/workday.py took 0.024 seconds
[2022-12-05T16:11:22.288+0100] {processor.py:153} INFO - Started process (PID=327820) to work on /home/andria/.local/lib/python3.10/site-packages/airflow/example_dags/plugins/workday.py
[2022-12-05T16:11:22.289+0100] {processor.py:743} INFO - Processing file /home/andria/.local/lib/python3.10/site-packages/airflow/example_dags/plugins/workday.py for tasks to queue
[2022-12-05T16:11:22.290+0100] {logging_mixin.py:137} INFO - [2022-12-05T16:11:22.290+0100] {dagbag.py:538} INFO - Filling up the DagBag from /home/andria/.local/lib/python3.10/site-packages/airflow/example_dags/plugins/workday.py
[2022-12-05T16:11:22.292+0100] {processor.py:755} WARNING - No viable dags retrieved from /home/andria/.local/lib/python3.10/site-packages/airflow/example_dags/plugins/workday.py
[2022-12-05T16:11:22.303+0100] {processor.py:175} INFO - Processing /home/andria/.local/lib/python3.10/site-packages/airflow/example_dags/plugins/workday.py took 0.018 seconds
[2022-12-05T16:11:54.883+0100] {processor.py:153} INFO - Started process (PID=327895) to work on /home/andria/.local/lib/python3.10/site-packages/airflow/example_dags/plugins/workday.py
[2022-12-05T16:11:54.885+0100] {processor.py:743} INFO - Processing file /home/andria/.local/lib/python3.10/site-packages/airflow/example_dags/plugins/workday.py for tasks to queue
[2022-12-05T16:11:54.886+0100] {logging_mixin.py:137} INFO - [2022-12-05T16:11:54.885+0100] {dagbag.py:538} INFO - Filling up the DagBag from /home/andria/.local/lib/python3.10/site-packages/airflow/example_dags/plugins/workday.py
[2022-12-05T16:11:54.888+0100] {processor.py:755} WARNING - No viable dags retrieved from /home/andria/.local/lib/python3.10/site-packages/airflow/example_dags/plugins/workday.py
[2022-12-05T16:11:54.903+0100] {processor.py:175} INFO - Processing /home/andria/.local/lib/python3.10/site-packages/airflow/example_dags/plugins/workday.py took 0.025 seconds
[2022-12-05T16:12:29.134+0100] {processor.py:153} INFO - Started process (PID=327956) to work on /home/andria/.local/lib/python3.10/site-packages/airflow/example_dags/plugins/workday.py
[2022-12-05T16:12:29.135+0100] {processor.py:743} INFO - Processing file /home/andria/.local/lib/python3.10/site-packages/airflow/example_dags/plugins/workday.py for tasks to queue
[2022-12-05T16:12:29.136+0100] {logging_mixin.py:137} INFO - [2022-12-05T16:12:29.136+0100] {dagbag.py:538} INFO - Filling up the DagBag from /home/andria/.local/lib/python3.10/site-packages/airflow/example_dags/plugins/workday.py
[2022-12-05T16:12:29.141+0100] {processor.py:755} WARNING - No viable dags retrieved from /home/andria/.local/lib/python3.10/site-packages/airflow/example_dags/plugins/workday.py
[2022-12-05T16:12:29.162+0100] {processor.py:175} INFO - Processing /home/andria/.local/lib/python3.10/site-packages/airflow/example_dags/plugins/workday.py took 0.044 seconds
[2022-12-05T16:13:04.029+0100] {processor.py:153} INFO - Started process (PID=328001) to work on /home/andria/.local/lib/python3.10/site-packages/airflow/example_dags/plugins/workday.py
[2022-12-05T16:13:04.031+0100] {processor.py:743} INFO - Processing file /home/andria/.local/lib/python3.10/site-packages/airflow/example_dags/plugins/workday.py for tasks to queue
[2022-12-05T16:13:04.032+0100] {logging_mixin.py:137} INFO - [2022-12-05T16:13:04.032+0100] {dagbag.py:538} INFO - Filling up the DagBag from /home/andria/.local/lib/python3.10/site-packages/airflow/example_dags/plugins/workday.py
[2022-12-05T16:13:04.034+0100] {processor.py:755} WARNING - No viable dags retrieved from /home/andria/.local/lib/python3.10/site-packages/airflow/example_dags/plugins/workday.py
[2022-12-05T16:13:04.049+0100] {processor.py:175} INFO - Processing /home/andria/.local/lib/python3.10/site-packages/airflow/example_dags/plugins/workday.py took 0.025 seconds
[2022-12-05T16:13:45.020+0100] {processor.py:153} INFO - Started process (PID=328107) to work on /home/andria/.local/lib/python3.10/site-packages/airflow/example_dags/plugins/workday.py
[2022-12-05T16:13:45.022+0100] {processor.py:743} INFO - Processing file /home/andria/.local/lib/python3.10/site-packages/airflow/example_dags/plugins/workday.py for tasks to queue
[2022-12-05T16:13:45.023+0100] {logging_mixin.py:137} INFO - [2022-12-05T16:13:45.023+0100] {dagbag.py:538} INFO - Filling up the DagBag from /home/andria/.local/lib/python3.10/site-packages/airflow/example_dags/plugins/workday.py
[2022-12-05T16:13:45.025+0100] {processor.py:755} WARNING - No viable dags retrieved from /home/andria/.local/lib/python3.10/site-packages/airflow/example_dags/plugins/workday.py
[2022-12-05T16:13:45.041+0100] {processor.py:175} INFO - Processing /home/andria/.local/lib/python3.10/site-packages/airflow/example_dags/plugins/workday.py took 0.025 seconds
[2022-12-05T16:14:24.951+0100] {processor.py:153} INFO - Started process (PID=328225) to work on /home/andria/.local/lib/python3.10/site-packages/airflow/example_dags/plugins/workday.py
[2022-12-05T16:14:24.952+0100] {processor.py:743} INFO - Processing file /home/andria/.local/lib/python3.10/site-packages/airflow/example_dags/plugins/workday.py for tasks to queue
[2022-12-05T16:14:24.953+0100] {logging_mixin.py:137} INFO - [2022-12-05T16:14:24.953+0100] {dagbag.py:538} INFO - Filling up the DagBag from /home/andria/.local/lib/python3.10/site-packages/airflow/example_dags/plugins/workday.py
[2022-12-05T16:14:24.956+0100] {processor.py:755} WARNING - No viable dags retrieved from /home/andria/.local/lib/python3.10/site-packages/airflow/example_dags/plugins/workday.py
[2022-12-05T16:14:24.971+0100] {processor.py:175} INFO - Processing /home/andria/.local/lib/python3.10/site-packages/airflow/example_dags/plugins/workday.py took 0.025 seconds
[2022-12-05T16:15:01.687+0100] {processor.py:153} INFO - Started process (PID=328277) to work on /home/andria/.local/lib/python3.10/site-packages/airflow/example_dags/plugins/workday.py
[2022-12-05T16:15:01.689+0100] {processor.py:743} INFO - Processing file /home/andria/.local/lib/python3.10/site-packages/airflow/example_dags/plugins/workday.py for tasks to queue
[2022-12-05T16:15:01.690+0100] {logging_mixin.py:137} INFO - [2022-12-05T16:15:01.690+0100] {dagbag.py:538} INFO - Filling up the DagBag from /home/andria/.local/lib/python3.10/site-packages/airflow/example_dags/plugins/workday.py
[2022-12-05T16:15:01.693+0100] {processor.py:755} WARNING - No viable dags retrieved from /home/andria/.local/lib/python3.10/site-packages/airflow/example_dags/plugins/workday.py
[2022-12-05T16:15:01.707+0100] {processor.py:175} INFO - Processing /home/andria/.local/lib/python3.10/site-packages/airflow/example_dags/plugins/workday.py took 0.025 seconds
[2022-12-05T16:15:40.541+0100] {processor.py:153} INFO - Started process (PID=328328) to work on /home/andria/.local/lib/python3.10/site-packages/airflow/example_dags/plugins/workday.py
[2022-12-05T16:15:40.543+0100] {processor.py:743} INFO - Processing file /home/andria/.local/lib/python3.10/site-packages/airflow/example_dags/plugins/workday.py for tasks to queue
[2022-12-05T16:15:40.544+0100] {logging_mixin.py:137} INFO - [2022-12-05T16:15:40.544+0100] {dagbag.py:538} INFO - Filling up the DagBag from /home/andria/.local/lib/python3.10/site-packages/airflow/example_dags/plugins/workday.py
[2022-12-05T16:15:40.547+0100] {processor.py:755} WARNING - No viable dags retrieved from /home/andria/.local/lib/python3.10/site-packages/airflow/example_dags/plugins/workday.py
[2022-12-05T16:15:40.562+0100] {processor.py:175} INFO - Processing /home/andria/.local/lib/python3.10/site-packages/airflow/example_dags/plugins/workday.py took 0.025 seconds
[2022-12-05T16:16:14.827+0100] {processor.py:153} INFO - Started process (PID=328400) to work on /home/andria/.local/lib/python3.10/site-packages/airflow/example_dags/plugins/workday.py
[2022-12-05T16:16:14.829+0100] {processor.py:743} INFO - Processing file /home/andria/.local/lib/python3.10/site-packages/airflow/example_dags/plugins/workday.py for tasks to queue
[2022-12-05T16:16:14.830+0100] {logging_mixin.py:137} INFO - [2022-12-05T16:16:14.830+0100] {dagbag.py:538} INFO - Filling up the DagBag from /home/andria/.local/lib/python3.10/site-packages/airflow/example_dags/plugins/workday.py
[2022-12-05T16:16:14.833+0100] {processor.py:755} WARNING - No viable dags retrieved from /home/andria/.local/lib/python3.10/site-packages/airflow/example_dags/plugins/workday.py
[2022-12-05T16:16:14.847+0100] {processor.py:175} INFO - Processing /home/andria/.local/lib/python3.10/site-packages/airflow/example_dags/plugins/workday.py took 0.024 seconds
[2022-12-05T16:16:58.716+0100] {processor.py:153} INFO - Started process (PID=328455) to work on /home/andria/.local/lib/python3.10/site-packages/airflow/example_dags/plugins/workday.py
[2022-12-05T16:16:58.718+0100] {processor.py:743} INFO - Processing file /home/andria/.local/lib/python3.10/site-packages/airflow/example_dags/plugins/workday.py for tasks to queue
[2022-12-05T16:16:58.719+0100] {logging_mixin.py:137} INFO - [2022-12-05T16:16:58.719+0100] {dagbag.py:538} INFO - Filling up the DagBag from /home/andria/.local/lib/python3.10/site-packages/airflow/example_dags/plugins/workday.py
[2022-12-05T16:16:58.722+0100] {processor.py:755} WARNING - No viable dags retrieved from /home/andria/.local/lib/python3.10/site-packages/airflow/example_dags/plugins/workday.py
[2022-12-05T16:16:58.737+0100] {processor.py:175} INFO - Processing /home/andria/.local/lib/python3.10/site-packages/airflow/example_dags/plugins/workday.py took 0.025 seconds
[2022-12-05T16:17:55.446+0100] {processor.py:153} INFO - Started process (PID=328528) to work on /home/andria/.local/lib/python3.10/site-packages/airflow/example_dags/plugins/workday.py
[2022-12-05T16:17:55.448+0100] {processor.py:743} INFO - Processing file /home/andria/.local/lib/python3.10/site-packages/airflow/example_dags/plugins/workday.py for tasks to queue
[2022-12-05T16:17:55.448+0100] {logging_mixin.py:137} INFO - [2022-12-05T16:17:55.448+0100] {dagbag.py:538} INFO - Filling up the DagBag from /home/andria/.local/lib/python3.10/site-packages/airflow/example_dags/plugins/workday.py
[2022-12-05T16:17:55.450+0100] {processor.py:755} WARNING - No viable dags retrieved from /home/andria/.local/lib/python3.10/site-packages/airflow/example_dags/plugins/workday.py
[2022-12-05T16:17:55.461+0100] {processor.py:175} INFO - Processing /home/andria/.local/lib/python3.10/site-packages/airflow/example_dags/plugins/workday.py took 0.018 seconds
[2022-12-05T16:18:40.721+0100] {processor.py:153} INFO - Started process (PID=328619) to work on /home/andria/.local/lib/python3.10/site-packages/airflow/example_dags/plugins/workday.py
[2022-12-05T16:18:40.722+0100] {processor.py:743} INFO - Processing file /home/andria/.local/lib/python3.10/site-packages/airflow/example_dags/plugins/workday.py for tasks to queue
[2022-12-05T16:18:40.724+0100] {logging_mixin.py:137} INFO - [2022-12-05T16:18:40.723+0100] {dagbag.py:538} INFO - Filling up the DagBag from /home/andria/.local/lib/python3.10/site-packages/airflow/example_dags/plugins/workday.py
[2022-12-05T16:18:40.726+0100] {processor.py:755} WARNING - No viable dags retrieved from /home/andria/.local/lib/python3.10/site-packages/airflow/example_dags/plugins/workday.py
[2022-12-05T16:18:40.741+0100] {processor.py:175} INFO - Processing /home/andria/.local/lib/python3.10/site-packages/airflow/example_dags/plugins/workday.py took 0.025 seconds
[2022-12-05T16:19:26.991+0100] {processor.py:153} INFO - Started process (PID=328675) to work on /home/andria/.local/lib/python3.10/site-packages/airflow/example_dags/plugins/workday.py
[2022-12-05T16:19:26.992+0100] {processor.py:743} INFO - Processing file /home/andria/.local/lib/python3.10/site-packages/airflow/example_dags/plugins/workday.py for tasks to queue
[2022-12-05T16:19:26.993+0100] {logging_mixin.py:137} INFO - [2022-12-05T16:19:26.993+0100] {dagbag.py:538} INFO - Filling up the DagBag from /home/andria/.local/lib/python3.10/site-packages/airflow/example_dags/plugins/workday.py
[2022-12-05T16:19:26.996+0100] {processor.py:755} WARNING - No viable dags retrieved from /home/andria/.local/lib/python3.10/site-packages/airflow/example_dags/plugins/workday.py
[2022-12-05T16:19:27.010+0100] {processor.py:175} INFO - Processing /home/andria/.local/lib/python3.10/site-packages/airflow/example_dags/plugins/workday.py took 0.025 seconds
[2022-12-05T16:20:14.018+0100] {processor.py:153} INFO - Started process (PID=328753) to work on /home/andria/.local/lib/python3.10/site-packages/airflow/example_dags/plugins/workday.py
[2022-12-05T16:20:14.020+0100] {processor.py:743} INFO - Processing file /home/andria/.local/lib/python3.10/site-packages/airflow/example_dags/plugins/workday.py for tasks to queue
[2022-12-05T16:20:14.021+0100] {logging_mixin.py:137} INFO - [2022-12-05T16:20:14.020+0100] {dagbag.py:538} INFO - Filling up the DagBag from /home/andria/.local/lib/python3.10/site-packages/airflow/example_dags/plugins/workday.py
[2022-12-05T16:20:14.023+0100] {processor.py:755} WARNING - No viable dags retrieved from /home/andria/.local/lib/python3.10/site-packages/airflow/example_dags/plugins/workday.py
[2022-12-05T16:20:14.037+0100] {processor.py:175} INFO - Processing /home/andria/.local/lib/python3.10/site-packages/airflow/example_dags/plugins/workday.py took 0.023 seconds
[2022-12-05T16:21:01.331+0100] {processor.py:153} INFO - Started process (PID=328825) to work on /home/andria/.local/lib/python3.10/site-packages/airflow/example_dags/plugins/workday.py
[2022-12-05T16:21:01.333+0100] {processor.py:743} INFO - Processing file /home/andria/.local/lib/python3.10/site-packages/airflow/example_dags/plugins/workday.py for tasks to queue
[2022-12-05T16:21:01.334+0100] {logging_mixin.py:137} INFO - [2022-12-05T16:21:01.333+0100] {dagbag.py:538} INFO - Filling up the DagBag from /home/andria/.local/lib/python3.10/site-packages/airflow/example_dags/plugins/workday.py
[2022-12-05T16:21:01.336+0100] {processor.py:755} WARNING - No viable dags retrieved from /home/andria/.local/lib/python3.10/site-packages/airflow/example_dags/plugins/workday.py
[2022-12-05T16:21:01.352+0100] {processor.py:175} INFO - Processing /home/andria/.local/lib/python3.10/site-packages/airflow/example_dags/plugins/workday.py took 0.025 seconds
[2022-12-05T16:21:50.056+0100] {processor.py:153} INFO - Started process (PID=328893) to work on /home/andria/.local/lib/python3.10/site-packages/airflow/example_dags/plugins/workday.py
[2022-12-05T16:21:50.058+0100] {processor.py:743} INFO - Processing file /home/andria/.local/lib/python3.10/site-packages/airflow/example_dags/plugins/workday.py for tasks to queue
[2022-12-05T16:21:50.059+0100] {logging_mixin.py:137} INFO - [2022-12-05T16:21:50.059+0100] {dagbag.py:538} INFO - Filling up the DagBag from /home/andria/.local/lib/python3.10/site-packages/airflow/example_dags/plugins/workday.py
[2022-12-05T16:21:50.061+0100] {processor.py:755} WARNING - No viable dags retrieved from /home/andria/.local/lib/python3.10/site-packages/airflow/example_dags/plugins/workday.py
[2022-12-05T16:21:50.077+0100] {processor.py:175} INFO - Processing /home/andria/.local/lib/python3.10/site-packages/airflow/example_dags/plugins/workday.py took 0.025 seconds
[2022-12-05T16:22:38.510+0100] {processor.py:153} INFO - Started process (PID=329023) to work on /home/andria/.local/lib/python3.10/site-packages/airflow/example_dags/plugins/workday.py
[2022-12-05T16:22:38.512+0100] {processor.py:743} INFO - Processing file /home/andria/.local/lib/python3.10/site-packages/airflow/example_dags/plugins/workday.py for tasks to queue
[2022-12-05T16:22:38.513+0100] {logging_mixin.py:137} INFO - [2022-12-05T16:22:38.512+0100] {dagbag.py:538} INFO - Filling up the DagBag from /home/andria/.local/lib/python3.10/site-packages/airflow/example_dags/plugins/workday.py
[2022-12-05T16:22:38.515+0100] {processor.py:755} WARNING - No viable dags retrieved from /home/andria/.local/lib/python3.10/site-packages/airflow/example_dags/plugins/workday.py
[2022-12-05T16:22:38.531+0100] {processor.py:175} INFO - Processing /home/andria/.local/lib/python3.10/site-packages/airflow/example_dags/plugins/workday.py took 0.025 seconds
[2022-12-05T16:23:27.454+0100] {processor.py:153} INFO - Started process (PID=329118) to work on /home/andria/.local/lib/python3.10/site-packages/airflow/example_dags/plugins/workday.py
[2022-12-05T16:23:27.456+0100] {processor.py:743} INFO - Processing file /home/andria/.local/lib/python3.10/site-packages/airflow/example_dags/plugins/workday.py for tasks to queue
[2022-12-05T16:23:27.457+0100] {logging_mixin.py:137} INFO - [2022-12-05T16:23:27.456+0100] {dagbag.py:538} INFO - Filling up the DagBag from /home/andria/.local/lib/python3.10/site-packages/airflow/example_dags/plugins/workday.py
[2022-12-05T16:23:27.459+0100] {processor.py:755} WARNING - No viable dags retrieved from /home/andria/.local/lib/python3.10/site-packages/airflow/example_dags/plugins/workday.py
[2022-12-05T16:23:27.475+0100] {processor.py:175} INFO - Processing /home/andria/.local/lib/python3.10/site-packages/airflow/example_dags/plugins/workday.py took 0.025 seconds
[2022-12-05T16:24:13.021+0100] {processor.py:153} INFO - Started process (PID=329216) to work on /home/andria/.local/lib/python3.10/site-packages/airflow/example_dags/plugins/workday.py
[2022-12-05T16:24:13.023+0100] {processor.py:743} INFO - Processing file /home/andria/.local/lib/python3.10/site-packages/airflow/example_dags/plugins/workday.py for tasks to queue
[2022-12-05T16:24:13.024+0100] {logging_mixin.py:137} INFO - [2022-12-05T16:24:13.023+0100] {dagbag.py:538} INFO - Filling up the DagBag from /home/andria/.local/lib/python3.10/site-packages/airflow/example_dags/plugins/workday.py
[2022-12-05T16:24:13.026+0100] {processor.py:755} WARNING - No viable dags retrieved from /home/andria/.local/lib/python3.10/site-packages/airflow/example_dags/plugins/workday.py
[2022-12-05T16:24:13.042+0100] {processor.py:175} INFO - Processing /home/andria/.local/lib/python3.10/site-packages/airflow/example_dags/plugins/workday.py took 0.025 seconds
[2022-12-05T16:25:01.640+0100] {processor.py:153} INFO - Started process (PID=329326) to work on /home/andria/.local/lib/python3.10/site-packages/airflow/example_dags/plugins/workday.py
[2022-12-05T16:25:01.641+0100] {processor.py:743} INFO - Processing file /home/andria/.local/lib/python3.10/site-packages/airflow/example_dags/plugins/workday.py for tasks to queue
[2022-12-05T16:25:01.641+0100] {logging_mixin.py:137} INFO - [2022-12-05T16:25:01.641+0100] {dagbag.py:538} INFO - Filling up the DagBag from /home/andria/.local/lib/python3.10/site-packages/airflow/example_dags/plugins/workday.py
[2022-12-05T16:25:01.643+0100] {processor.py:755} WARNING - No viable dags retrieved from /home/andria/.local/lib/python3.10/site-packages/airflow/example_dags/plugins/workday.py
[2022-12-05T16:25:01.657+0100] {processor.py:175} INFO - Processing /home/andria/.local/lib/python3.10/site-packages/airflow/example_dags/plugins/workday.py took 0.021 seconds
[2022-12-05T16:25:49.995+0100] {processor.py:153} INFO - Started process (PID=329398) to work on /home/andria/.local/lib/python3.10/site-packages/airflow/example_dags/plugins/workday.py
[2022-12-05T16:25:49.997+0100] {processor.py:743} INFO - Processing file /home/andria/.local/lib/python3.10/site-packages/airflow/example_dags/plugins/workday.py for tasks to queue
[2022-12-05T16:25:49.998+0100] {logging_mixin.py:137} INFO - [2022-12-05T16:25:49.998+0100] {dagbag.py:538} INFO - Filling up the DagBag from /home/andria/.local/lib/python3.10/site-packages/airflow/example_dags/plugins/workday.py
[2022-12-05T16:25:50.000+0100] {processor.py:755} WARNING - No viable dags retrieved from /home/andria/.local/lib/python3.10/site-packages/airflow/example_dags/plugins/workday.py
[2022-12-05T16:25:50.016+0100] {processor.py:175} INFO - Processing /home/andria/.local/lib/python3.10/site-packages/airflow/example_dags/plugins/workday.py took 0.026 seconds
[2022-12-05T16:26:42.157+0100] {processor.py:153} INFO - Started process (PID=329463) to work on /home/andria/.local/lib/python3.10/site-packages/airflow/example_dags/plugins/workday.py
[2022-12-05T16:26:42.158+0100] {processor.py:743} INFO - Processing file /home/andria/.local/lib/python3.10/site-packages/airflow/example_dags/plugins/workday.py for tasks to queue
[2022-12-05T16:26:42.159+0100] {logging_mixin.py:137} INFO - [2022-12-05T16:26:42.159+0100] {dagbag.py:538} INFO - Filling up the DagBag from /home/andria/.local/lib/python3.10/site-packages/airflow/example_dags/plugins/workday.py
[2022-12-05T16:26:42.162+0100] {processor.py:755} WARNING - No viable dags retrieved from /home/andria/.local/lib/python3.10/site-packages/airflow/example_dags/plugins/workday.py
[2022-12-05T16:26:42.178+0100] {processor.py:175} INFO - Processing /home/andria/.local/lib/python3.10/site-packages/airflow/example_dags/plugins/workday.py took 0.025 seconds
[2022-12-05T16:27:16.851+0100] {processor.py:153} INFO - Started process (PID=329513) to work on /home/andria/.local/lib/python3.10/site-packages/airflow/example_dags/plugins/workday.py
[2022-12-05T16:27:16.853+0100] {processor.py:743} INFO - Processing file /home/andria/.local/lib/python3.10/site-packages/airflow/example_dags/plugins/workday.py for tasks to queue
[2022-12-05T16:27:16.859+0100] {logging_mixin.py:137} INFO - [2022-12-05T16:27:16.859+0100] {dagbag.py:538} INFO - Filling up the DagBag from /home/andria/.local/lib/python3.10/site-packages/airflow/example_dags/plugins/workday.py
[2022-12-05T16:27:16.863+0100] {processor.py:755} WARNING - No viable dags retrieved from /home/andria/.local/lib/python3.10/site-packages/airflow/example_dags/plugins/workday.py
[2022-12-05T16:27:16.893+0100] {processor.py:175} INFO - Processing /home/andria/.local/lib/python3.10/site-packages/airflow/example_dags/plugins/workday.py took 0.046 seconds
[2022-12-05T16:28:06.749+0100] {processor.py:153} INFO - Started process (PID=329570) to work on /home/andria/.local/lib/python3.10/site-packages/airflow/example_dags/plugins/workday.py
[2022-12-05T16:28:06.751+0100] {processor.py:743} INFO - Processing file /home/andria/.local/lib/python3.10/site-packages/airflow/example_dags/plugins/workday.py for tasks to queue
[2022-12-05T16:28:06.752+0100] {logging_mixin.py:137} INFO - [2022-12-05T16:28:06.752+0100] {dagbag.py:538} INFO - Filling up the DagBag from /home/andria/.local/lib/python3.10/site-packages/airflow/example_dags/plugins/workday.py
[2022-12-05T16:28:06.755+0100] {processor.py:755} WARNING - No viable dags retrieved from /home/andria/.local/lib/python3.10/site-packages/airflow/example_dags/plugins/workday.py
[2022-12-05T16:28:06.769+0100] {processor.py:175} INFO - Processing /home/andria/.local/lib/python3.10/site-packages/airflow/example_dags/plugins/workday.py took 0.025 seconds
[2022-12-05T16:28:55.351+0100] {processor.py:153} INFO - Started process (PID=329725) to work on /home/andria/.local/lib/python3.10/site-packages/airflow/example_dags/plugins/workday.py
[2022-12-05T16:28:55.352+0100] {processor.py:743} INFO - Processing file /home/andria/.local/lib/python3.10/site-packages/airflow/example_dags/plugins/workday.py for tasks to queue
[2022-12-05T16:28:55.353+0100] {logging_mixin.py:137} INFO - [2022-12-05T16:28:55.353+0100] {dagbag.py:538} INFO - Filling up the DagBag from /home/andria/.local/lib/python3.10/site-packages/airflow/example_dags/plugins/workday.py
[2022-12-05T16:28:55.355+0100] {processor.py:755} WARNING - No viable dags retrieved from /home/andria/.local/lib/python3.10/site-packages/airflow/example_dags/plugins/workday.py
[2022-12-05T16:28:55.370+0100] {processor.py:175} INFO - Processing /home/andria/.local/lib/python3.10/site-packages/airflow/example_dags/plugins/workday.py took 0.025 seconds
[2022-12-05T16:29:30.876+0100] {processor.py:153} INFO - Started process (PID=329768) to work on /home/andria/.local/lib/python3.10/site-packages/airflow/example_dags/plugins/workday.py
[2022-12-05T16:29:30.878+0100] {processor.py:743} INFO - Processing file /home/andria/.local/lib/python3.10/site-packages/airflow/example_dags/plugins/workday.py for tasks to queue
[2022-12-05T16:29:30.879+0100] {logging_mixin.py:137} INFO - [2022-12-05T16:29:30.878+0100] {dagbag.py:538} INFO - Filling up the DagBag from /home/andria/.local/lib/python3.10/site-packages/airflow/example_dags/plugins/workday.py
[2022-12-05T16:29:30.881+0100] {processor.py:755} WARNING - No viable dags retrieved from /home/andria/.local/lib/python3.10/site-packages/airflow/example_dags/plugins/workday.py
[2022-12-05T16:29:30.896+0100] {processor.py:175} INFO - Processing /home/andria/.local/lib/python3.10/site-packages/airflow/example_dags/plugins/workday.py took 0.024 seconds
[2022-12-05T16:30:18.038+0100] {processor.py:153} INFO - Started process (PID=329829) to work on /home/andria/.local/lib/python3.10/site-packages/airflow/example_dags/plugins/workday.py
[2022-12-05T16:30:18.040+0100] {processor.py:743} INFO - Processing file /home/andria/.local/lib/python3.10/site-packages/airflow/example_dags/plugins/workday.py for tasks to queue
[2022-12-05T16:30:18.040+0100] {logging_mixin.py:137} INFO - [2022-12-05T16:30:18.040+0100] {dagbag.py:538} INFO - Filling up the DagBag from /home/andria/.local/lib/python3.10/site-packages/airflow/example_dags/plugins/workday.py
[2022-12-05T16:30:18.042+0100] {processor.py:755} WARNING - No viable dags retrieved from /home/andria/.local/lib/python3.10/site-packages/airflow/example_dags/plugins/workday.py
[2022-12-05T16:30:18.063+0100] {processor.py:175} INFO - Processing /home/andria/.local/lib/python3.10/site-packages/airflow/example_dags/plugins/workday.py took 0.029 seconds
[2022-12-05T16:30:58.359+0100] {processor.py:153} INFO - Started process (PID=329879) to work on /home/andria/.local/lib/python3.10/site-packages/airflow/example_dags/plugins/workday.py
[2022-12-05T16:30:58.361+0100] {processor.py:743} INFO - Processing file /home/andria/.local/lib/python3.10/site-packages/airflow/example_dags/plugins/workday.py for tasks to queue
[2022-12-05T16:30:58.362+0100] {logging_mixin.py:137} INFO - [2022-12-05T16:30:58.362+0100] {dagbag.py:538} INFO - Filling up the DagBag from /home/andria/.local/lib/python3.10/site-packages/airflow/example_dags/plugins/workday.py
[2022-12-05T16:30:58.365+0100] {processor.py:755} WARNING - No viable dags retrieved from /home/andria/.local/lib/python3.10/site-packages/airflow/example_dags/plugins/workday.py
[2022-12-05T16:30:58.376+0100] {processor.py:175} INFO - Processing /home/andria/.local/lib/python3.10/site-packages/airflow/example_dags/plugins/workday.py took 0.020 seconds
[2022-12-05T16:42:33.922+0100] {processor.py:153} INFO - Started process (PID=330389) to work on /home/andria/.local/lib/python3.10/site-packages/airflow/example_dags/plugins/workday.py
[2022-12-05T16:42:33.923+0100] {processor.py:743} INFO - Processing file /home/andria/.local/lib/python3.10/site-packages/airflow/example_dags/plugins/workday.py for tasks to queue
[2022-12-05T16:42:33.924+0100] {logging_mixin.py:137} INFO - [2022-12-05T16:42:33.924+0100] {dagbag.py:538} INFO - Filling up the DagBag from /home/andria/.local/lib/python3.10/site-packages/airflow/example_dags/plugins/workday.py
[2022-12-05T16:42:33.926+0100] {processor.py:755} WARNING - No viable dags retrieved from /home/andria/.local/lib/python3.10/site-packages/airflow/example_dags/plugins/workday.py
[2022-12-05T16:42:33.937+0100] {processor.py:175} INFO - Processing /home/andria/.local/lib/python3.10/site-packages/airflow/example_dags/plugins/workday.py took 0.019 seconds
[2022-12-05T16:43:15.801+0100] {processor.py:153} INFO - Started process (PID=330436) to work on /home/andria/.local/lib/python3.10/site-packages/airflow/example_dags/plugins/workday.py
[2022-12-05T16:43:15.802+0100] {processor.py:743} INFO - Processing file /home/andria/.local/lib/python3.10/site-packages/airflow/example_dags/plugins/workday.py for tasks to queue
[2022-12-05T16:43:15.804+0100] {logging_mixin.py:137} INFO - [2022-12-05T16:43:15.803+0100] {dagbag.py:538} INFO - Filling up the DagBag from /home/andria/.local/lib/python3.10/site-packages/airflow/example_dags/plugins/workday.py
[2022-12-05T16:43:15.806+0100] {processor.py:755} WARNING - No viable dags retrieved from /home/andria/.local/lib/python3.10/site-packages/airflow/example_dags/plugins/workday.py
[2022-12-05T16:43:15.817+0100] {processor.py:175} INFO - Processing /home/andria/.local/lib/python3.10/site-packages/airflow/example_dags/plugins/workday.py took 0.027 seconds
[2022-12-05T16:43:58.917+0100] {processor.py:153} INFO - Started process (PID=330541) to work on /home/andria/.local/lib/python3.10/site-packages/airflow/example_dags/plugins/workday.py
[2022-12-05T16:43:58.922+0100] {processor.py:743} INFO - Processing file /home/andria/.local/lib/python3.10/site-packages/airflow/example_dags/plugins/workday.py for tasks to queue
[2022-12-05T16:43:58.923+0100] {logging_mixin.py:137} INFO - [2022-12-05T16:43:58.923+0100] {dagbag.py:538} INFO - Filling up the DagBag from /home/andria/.local/lib/python3.10/site-packages/airflow/example_dags/plugins/workday.py
[2022-12-05T16:43:58.927+0100] {processor.py:755} WARNING - No viable dags retrieved from /home/andria/.local/lib/python3.10/site-packages/airflow/example_dags/plugins/workday.py
[2022-12-05T16:43:58.947+0100] {processor.py:175} INFO - Processing /home/andria/.local/lib/python3.10/site-packages/airflow/example_dags/plugins/workday.py took 0.035 seconds
[2022-12-05T16:44:40.655+0100] {processor.py:153} INFO - Started process (PID=330585) to work on /home/andria/.local/lib/python3.10/site-packages/airflow/example_dags/plugins/workday.py
[2022-12-05T16:44:40.657+0100] {processor.py:743} INFO - Processing file /home/andria/.local/lib/python3.10/site-packages/airflow/example_dags/plugins/workday.py for tasks to queue
[2022-12-05T16:44:40.657+0100] {logging_mixin.py:137} INFO - [2022-12-05T16:44:40.657+0100] {dagbag.py:538} INFO - Filling up the DagBag from /home/andria/.local/lib/python3.10/site-packages/airflow/example_dags/plugins/workday.py
[2022-12-05T16:44:40.659+0100] {processor.py:755} WARNING - No viable dags retrieved from /home/andria/.local/lib/python3.10/site-packages/airflow/example_dags/plugins/workday.py
[2022-12-05T16:44:40.677+0100] {processor.py:175} INFO - Processing /home/andria/.local/lib/python3.10/site-packages/airflow/example_dags/plugins/workday.py took 0.031 seconds
[2022-12-05T16:45:21.211+0100] {processor.py:153} INFO - Started process (PID=330636) to work on /home/andria/.local/lib/python3.10/site-packages/airflow/example_dags/plugins/workday.py
[2022-12-05T16:45:21.213+0100] {processor.py:743} INFO - Processing file /home/andria/.local/lib/python3.10/site-packages/airflow/example_dags/plugins/workday.py for tasks to queue
[2022-12-05T16:45:21.214+0100] {logging_mixin.py:137} INFO - [2022-12-05T16:45:21.214+0100] {dagbag.py:538} INFO - Filling up the DagBag from /home/andria/.local/lib/python3.10/site-packages/airflow/example_dags/plugins/workday.py
[2022-12-05T16:45:21.216+0100] {processor.py:755} WARNING - No viable dags retrieved from /home/andria/.local/lib/python3.10/site-packages/airflow/example_dags/plugins/workday.py
[2022-12-05T16:45:21.244+0100] {processor.py:175} INFO - Processing /home/andria/.local/lib/python3.10/site-packages/airflow/example_dags/plugins/workday.py took 0.044 seconds
[2022-12-05T16:46:02.908+0100] {processor.py:153} INFO - Started process (PID=330718) to work on /home/andria/.local/lib/python3.10/site-packages/airflow/example_dags/plugins/workday.py
[2022-12-05T16:46:02.909+0100] {processor.py:743} INFO - Processing file /home/andria/.local/lib/python3.10/site-packages/airflow/example_dags/plugins/workday.py for tasks to queue
[2022-12-05T16:46:02.910+0100] {logging_mixin.py:137} INFO - [2022-12-05T16:46:02.910+0100] {dagbag.py:538} INFO - Filling up the DagBag from /home/andria/.local/lib/python3.10/site-packages/airflow/example_dags/plugins/workday.py
[2022-12-05T16:46:02.912+0100] {processor.py:755} WARNING - No viable dags retrieved from /home/andria/.local/lib/python3.10/site-packages/airflow/example_dags/plugins/workday.py
[2022-12-05T16:46:02.938+0100] {processor.py:175} INFO - Processing /home/andria/.local/lib/python3.10/site-packages/airflow/example_dags/plugins/workday.py took 0.034 seconds
[2022-12-05T16:46:49.214+0100] {processor.py:153} INFO - Started process (PID=330781) to work on /home/andria/.local/lib/python3.10/site-packages/airflow/example_dags/plugins/workday.py
[2022-12-05T16:46:49.216+0100] {processor.py:743} INFO - Processing file /home/andria/.local/lib/python3.10/site-packages/airflow/example_dags/plugins/workday.py for tasks to queue
[2022-12-05T16:46:49.217+0100] {logging_mixin.py:137} INFO - [2022-12-05T16:46:49.217+0100] {dagbag.py:538} INFO - Filling up the DagBag from /home/andria/.local/lib/python3.10/site-packages/airflow/example_dags/plugins/workday.py
[2022-12-05T16:46:49.221+0100] {processor.py:755} WARNING - No viable dags retrieved from /home/andria/.local/lib/python3.10/site-packages/airflow/example_dags/plugins/workday.py
[2022-12-05T16:46:49.239+0100] {processor.py:175} INFO - Processing /home/andria/.local/lib/python3.10/site-packages/airflow/example_dags/plugins/workday.py took 0.030 seconds
[2022-12-05T16:47:33.798+0100] {processor.py:153} INFO - Started process (PID=330829) to work on /home/andria/.local/lib/python3.10/site-packages/airflow/example_dags/plugins/workday.py
[2022-12-05T16:47:33.800+0100] {processor.py:743} INFO - Processing file /home/andria/.local/lib/python3.10/site-packages/airflow/example_dags/plugins/workday.py for tasks to queue
[2022-12-05T16:47:33.801+0100] {logging_mixin.py:137} INFO - [2022-12-05T16:47:33.800+0100] {dagbag.py:538} INFO - Filling up the DagBag from /home/andria/.local/lib/python3.10/site-packages/airflow/example_dags/plugins/workday.py
[2022-12-05T16:47:33.803+0100] {processor.py:755} WARNING - No viable dags retrieved from /home/andria/.local/lib/python3.10/site-packages/airflow/example_dags/plugins/workday.py
[2022-12-05T16:47:33.819+0100] {processor.py:175} INFO - Processing /home/andria/.local/lib/python3.10/site-packages/airflow/example_dags/plugins/workday.py took 0.025 seconds
[2022-12-05T16:48:06.686+0100] {processor.py:153} INFO - Started process (PID=330861) to work on /home/andria/.local/lib/python3.10/site-packages/airflow/example_dags/plugins/workday.py
[2022-12-05T16:48:06.687+0100] {processor.py:743} INFO - Processing file /home/andria/.local/lib/python3.10/site-packages/airflow/example_dags/plugins/workday.py for tasks to queue
[2022-12-05T16:48:06.688+0100] {logging_mixin.py:137} INFO - [2022-12-05T16:48:06.688+0100] {dagbag.py:538} INFO - Filling up the DagBag from /home/andria/.local/lib/python3.10/site-packages/airflow/example_dags/plugins/workday.py
[2022-12-05T16:48:06.692+0100] {processor.py:755} WARNING - No viable dags retrieved from /home/andria/.local/lib/python3.10/site-packages/airflow/example_dags/plugins/workday.py
[2022-12-05T16:48:06.708+0100] {processor.py:175} INFO - Processing /home/andria/.local/lib/python3.10/site-packages/airflow/example_dags/plugins/workday.py took 0.026 seconds
[2022-12-05T16:48:50.011+0100] {processor.py:153} INFO - Started process (PID=330940) to work on /home/andria/.local/lib/python3.10/site-packages/airflow/example_dags/plugins/workday.py
[2022-12-05T16:48:50.012+0100] {processor.py:743} INFO - Processing file /home/andria/.local/lib/python3.10/site-packages/airflow/example_dags/plugins/workday.py for tasks to queue
[2022-12-05T16:48:50.012+0100] {logging_mixin.py:137} INFO - [2022-12-05T16:48:50.012+0100] {dagbag.py:538} INFO - Filling up the DagBag from /home/andria/.local/lib/python3.10/site-packages/airflow/example_dags/plugins/workday.py
[2022-12-05T16:48:50.015+0100] {processor.py:755} WARNING - No viable dags retrieved from /home/andria/.local/lib/python3.10/site-packages/airflow/example_dags/plugins/workday.py
[2022-12-05T16:48:50.038+0100] {processor.py:175} INFO - Processing /home/andria/.local/lib/python3.10/site-packages/airflow/example_dags/plugins/workday.py took 0.032 seconds
[2022-12-05T16:57:50.519+0100] {processor.py:153} INFO - Started process (PID=331312) to work on /home/andria/.local/lib/python3.10/site-packages/airflow/example_dags/plugins/workday.py
[2022-12-05T16:57:50.521+0100] {processor.py:743} INFO - Processing file /home/andria/.local/lib/python3.10/site-packages/airflow/example_dags/plugins/workday.py for tasks to queue
[2022-12-05T16:57:50.521+0100] {logging_mixin.py:137} INFO - [2022-12-05T16:57:50.521+0100] {dagbag.py:538} INFO - Filling up the DagBag from /home/andria/.local/lib/python3.10/site-packages/airflow/example_dags/plugins/workday.py
[2022-12-05T16:57:50.523+0100] {processor.py:755} WARNING - No viable dags retrieved from /home/andria/.local/lib/python3.10/site-packages/airflow/example_dags/plugins/workday.py
[2022-12-05T16:57:50.534+0100] {processor.py:175} INFO - Processing /home/andria/.local/lib/python3.10/site-packages/airflow/example_dags/plugins/workday.py took 0.018 seconds
[2022-12-05T16:58:37.293+0100] {processor.py:153} INFO - Started process (PID=331387) to work on /home/andria/.local/lib/python3.10/site-packages/airflow/example_dags/plugins/workday.py
[2022-12-05T16:58:37.298+0100] {processor.py:743} INFO - Processing file /home/andria/.local/lib/python3.10/site-packages/airflow/example_dags/plugins/workday.py for tasks to queue
[2022-12-05T16:58:37.300+0100] {logging_mixin.py:137} INFO - [2022-12-05T16:58:37.299+0100] {dagbag.py:538} INFO - Filling up the DagBag from /home/andria/.local/lib/python3.10/site-packages/airflow/example_dags/plugins/workday.py
[2022-12-05T16:58:37.303+0100] {processor.py:755} WARNING - No viable dags retrieved from /home/andria/.local/lib/python3.10/site-packages/airflow/example_dags/plugins/workday.py
[2022-12-05T16:58:37.321+0100] {processor.py:175} INFO - Processing /home/andria/.local/lib/python3.10/site-packages/airflow/example_dags/plugins/workday.py took 0.033 seconds
[2022-12-05T16:59:22.145+0100] {processor.py:153} INFO - Started process (PID=331438) to work on /home/andria/.local/lib/python3.10/site-packages/airflow/example_dags/plugins/workday.py
[2022-12-05T16:59:22.148+0100] {processor.py:743} INFO - Processing file /home/andria/.local/lib/python3.10/site-packages/airflow/example_dags/plugins/workday.py for tasks to queue
[2022-12-05T16:59:22.150+0100] {logging_mixin.py:137} INFO - [2022-12-05T16:59:22.150+0100] {dagbag.py:538} INFO - Filling up the DagBag from /home/andria/.local/lib/python3.10/site-packages/airflow/example_dags/plugins/workday.py
[2022-12-05T16:59:22.153+0100] {processor.py:755} WARNING - No viable dags retrieved from /home/andria/.local/lib/python3.10/site-packages/airflow/example_dags/plugins/workday.py
[2022-12-05T16:59:22.166+0100] {processor.py:175} INFO - Processing /home/andria/.local/lib/python3.10/site-packages/airflow/example_dags/plugins/workday.py took 0.027 seconds
[2022-12-05T17:12:32.041+0100] {processor.py:153} INFO - Started process (PID=332062) to work on /home/andria/.local/lib/python3.10/site-packages/airflow/example_dags/plugins/workday.py
[2022-12-05T17:12:32.042+0100] {processor.py:743} INFO - Processing file /home/andria/.local/lib/python3.10/site-packages/airflow/example_dags/plugins/workday.py for tasks to queue
[2022-12-05T17:12:32.043+0100] {logging_mixin.py:137} INFO - [2022-12-05T17:12:32.043+0100] {dagbag.py:538} INFO - Filling up the DagBag from /home/andria/.local/lib/python3.10/site-packages/airflow/example_dags/plugins/workday.py
[2022-12-05T17:12:32.045+0100] {processor.py:755} WARNING - No viable dags retrieved from /home/andria/.local/lib/python3.10/site-packages/airflow/example_dags/plugins/workday.py
[2022-12-05T17:12:32.063+0100] {processor.py:175} INFO - Processing /home/andria/.local/lib/python3.10/site-packages/airflow/example_dags/plugins/workday.py took 0.026 seconds
[2022-12-05T17:34:25.651+0100] {processor.py:153} INFO - Started process (PID=335343) to work on /home/andria/.local/lib/python3.10/site-packages/airflow/example_dags/plugins/workday.py
[2022-12-05T17:34:25.653+0100] {processor.py:743} INFO - Processing file /home/andria/.local/lib/python3.10/site-packages/airflow/example_dags/plugins/workday.py for tasks to queue
[2022-12-05T17:34:25.653+0100] {logging_mixin.py:137} INFO - [2022-12-05T17:34:25.653+0100] {dagbag.py:538} INFO - Filling up the DagBag from /home/andria/.local/lib/python3.10/site-packages/airflow/example_dags/plugins/workday.py
[2022-12-05T17:34:25.655+0100] {processor.py:755} WARNING - No viable dags retrieved from /home/andria/.local/lib/python3.10/site-packages/airflow/example_dags/plugins/workday.py
[2022-12-05T17:34:25.672+0100] {processor.py:175} INFO - Processing /home/andria/.local/lib/python3.10/site-packages/airflow/example_dags/plugins/workday.py took 0.029 seconds
